2023-04-19 12:23:36.678 [info] Log level: Info
2023-04-19 12:23:36.679 [info] Validating found git in: "git"
2023-04-19 12:23:36.679 [info] Using git "2.25.1" from "git"
2023-04-19 12:23:36.679 [info] > git rev-parse --show-toplevel [4ms]
2023-04-19 12:23:36.679 [info] > git rev-parse --git-dir --git-common-dir [8ms]
2023-04-19 12:23:36.679 [info] Open repository: /home/c2023_1/c1913076/PA1
2023-04-19 12:23:36.679 [info] > git config --get commit.template [2ms]
2023-04-19 12:23:36.679 [info] > git rev-parse --show-toplevel [30ms]
2023-04-19 12:23:36.679 [info] > git for-each-ref --format=%(refname)%00%(upstream:short)%00%(objectname)%00%(upstream:track)%00%(upstream:remotename)%00%(upstream:remoteref) refs/heads/master refs/remotes/master [3ms]
2023-04-19 12:23:36.679 [info] > git status -z -uall [4ms]
2023-04-19 12:23:36.679 [info] > git config --get commit.template [6ms]
2023-04-19 12:23:36.679 [info] > git for-each-ref --format=%(refname)%00%(upstream:short)%00%(objectname)%00%(upstream:track)%00%(upstream:remotename)%00%(upstream:remoteref) refs/heads/master refs/remotes/master [8ms]
2023-04-19 12:23:36.679 [info] > git status -z -uall [2ms]
2023-04-19 12:23:36.870 [info] > git show --textconv :tokenizer.l [18ms]
2023-04-19 12:23:36.870 [info] > git show --textconv :hello.c [12ms]
2023-04-19 12:23:36.871 [info] > git ls-files --stage -- /home/c2023_1/c1913076/PA1/tokenizer.l [7ms]
2023-04-19 12:23:36.884 [info] > git cat-file -s ab6d271396902e2d95e4a187f1435ee125597423 [8ms]
2023-04-19 12:23:36.885 [info] > git ls-files --stage -- /home/c2023_1/c1913076/PA1/hello.c [16ms]
2023-04-19 12:23:36.891 [info] > git check-ignore -v -z --stdin [8ms]
2023-04-19 12:23:36.892 [info] > git cat-file -s e143627b8737f162f97d8efea4c7d16162c2d194 [2ms]
2023-04-19 12:41:42.334 [info] > git config --get commit.template [5ms]
2023-04-19 12:41:42.334 [info] > git for-each-ref --format=%(refname)%00%(upstream:short)%00%(objectname)%00%(upstream:track)%00%(upstream:remotename)%00%(upstream:remoteref) refs/heads/master refs/remotes/master [2ms]
2023-04-19 12:41:42.339 [info] > git status -z -uall [1ms]
2023-04-19 12:42:04.105 [info] > git config --get commit.template [5ms]
2023-04-19 12:42:04.106 [info] > git for-each-ref --format=%(refname)%00%(upstream:short)%00%(objectname)%00%(upstream:track)%00%(upstream:remotename)%00%(upstream:remoteref) refs/heads/master refs/remotes/master [2ms]
2023-04-19 12:42:04.111 [info] > git status -z -uall [2ms]
2023-04-19 12:42:09.126 [info] > git config --get commit.template [4ms]
2023-04-19 12:42:09.127 [info] > git for-each-ref --format=%(refname)%00%(upstream:short)%00%(objectname)%00%(upstream:track)%00%(upstream:remotename)%00%(upstream:remoteref) refs/heads/master refs/remotes/master [1ms]
2023-04-19 12:42:09.132 [info] > git status -z -uall [2ms]
2023-04-19 12:42:21.799 [info] > git config --get commit.template [4ms]
2023-04-19 12:42:21.800 [info] > git for-each-ref --format=%(refname)%00%(upstream:short)%00%(objectname)%00%(upstream:track)%00%(upstream:remotename)%00%(upstream:remoteref) refs/heads/master refs/remotes/master [2ms]
2023-04-19 12:42:21.804 [info] > git status -z -uall [1ms]
2023-04-19 12:42:54.520 [info] > git config --get commit.template [4ms]
2023-04-19 12:42:54.521 [info] > git for-each-ref --format=%(refname)%00%(upstream:short)%00%(objectname)%00%(upstream:track)%00%(upstream:remotename)%00%(upstream:remoteref) refs/heads/master refs/remotes/master [1ms]
2023-04-19 12:42:54.526 [info] > git status -z -uall [1ms]
2023-04-19 12:43:24.045 [info] > git config --get commit.template [1ms]
2023-04-19 12:43:24.051 [info] > git for-each-ref --format=%(refname)%00%(upstream:short)%00%(objectname)%00%(upstream:track)%00%(upstream:remotename)%00%(upstream:remoteref) refs/heads/master refs/remotes/master [1ms]
2023-04-19 12:43:24.058 [info] > git status -z -uall [2ms]
2023-04-19 12:44:27.308 [info] > git config --get commit.template [4ms]
2023-04-19 12:44:27.308 [info] > git for-each-ref --format=%(refname)%00%(upstream:short)%00%(objectname)%00%(upstream:track)%00%(upstream:remotename)%00%(upstream:remoteref) refs/heads/master refs/remotes/master [2ms]
2023-04-19 12:44:27.314 [info] > git status -z -uall [2ms]
2023-04-19 12:44:32.328 [info] > git config --get commit.template [5ms]
2023-04-19 12:44:32.328 [info] > git for-each-ref --format=%(refname)%00%(upstream:short)%00%(objectname)%00%(upstream:track)%00%(upstream:remotename)%00%(upstream:remoteref) refs/heads/master refs/remotes/master [1ms]
2023-04-19 12:44:32.333 [info] > git status -z -uall [1ms]
2023-04-19 12:44:37.852 [info] > git config --get commit.template [4ms]
2023-04-19 12:44:37.852 [info] > git for-each-ref --format=%(refname)%00%(upstream:short)%00%(objectname)%00%(upstream:track)%00%(upstream:remotename)%00%(upstream:remoteref) refs/heads/master refs/remotes/master [1ms]
2023-04-19 12:44:37.857 [info] > git status -z -uall [1ms]
2023-04-19 12:44:42.894 [info] > git config --get commit.template [16ms]
2023-04-19 12:44:42.895 [info] > git for-each-ref --format=%(refname)%00%(upstream:short)%00%(objectname)%00%(upstream:track)%00%(upstream:remotename)%00%(upstream:remoteref) refs/heads/master refs/remotes/master [4ms]
2023-04-19 12:44:42.909 [info] > git status -z -uall [1ms]
2023-04-19 12:44:47.923 [info] > git config --get commit.template [4ms]
2023-04-19 12:44:47.924 [info] > git for-each-ref --format=%(refname)%00%(upstream:short)%00%(objectname)%00%(upstream:track)%00%(upstream:remotename)%00%(upstream:remoteref) refs/heads/master refs/remotes/master [1ms]
2023-04-19 12:44:47.928 [info] > git status -z -uall [1ms]
2023-04-19 12:44:52.964 [info] > git config --get commit.template [14ms]
2023-04-19 12:44:52.964 [info] > git for-each-ref --format=%(refname)%00%(upstream:short)%00%(objectname)%00%(upstream:track)%00%(upstream:remotename)%00%(upstream:remoteref) refs/heads/master refs/remotes/master [1ms]
2023-04-19 12:44:52.969 [info] > git status -z -uall [1ms]
2023-04-19 12:44:57.984 [info] > git config --get commit.template [4ms]
2023-04-19 12:44:57.984 [info] > git for-each-ref --format=%(refname)%00%(upstream:short)%00%(objectname)%00%(upstream:track)%00%(upstream:remotename)%00%(upstream:remoteref) refs/heads/master refs/remotes/master [1ms]
2023-04-19 12:44:57.989 [info] > git status -z -uall [2ms]
2023-04-19 12:45:03.004 [info] > git config --get commit.template [5ms]
2023-04-19 12:45:03.005 [info] > git for-each-ref --format=%(refname)%00%(upstream:short)%00%(objectname)%00%(upstream:track)%00%(upstream:remotename)%00%(upstream:remoteref) refs/heads/master refs/remotes/master [1ms]
2023-04-19 12:45:03.010 [info] > git status -z -uall [1ms]
2023-04-19 12:45:08.025 [info] > git config --get commit.template [4ms]
2023-04-19 12:45:08.025 [info] > git for-each-ref --format=%(refname)%00%(upstream:short)%00%(objectname)%00%(upstream:track)%00%(upstream:remotename)%00%(upstream:remoteref) refs/heads/master refs/remotes/master [1ms]
2023-04-19 12:45:08.030 [info] > git status -z -uall [1ms]
2023-04-19 12:45:13.045 [info] > git config --get commit.template [4ms]
2023-04-19 12:45:13.045 [info] > git for-each-ref --format=%(refname)%00%(upstream:short)%00%(objectname)%00%(upstream:track)%00%(upstream:remotename)%00%(upstream:remoteref) refs/heads/master refs/remotes/master [1ms]
2023-04-19 12:45:13.050 [info] > git status -z -uall [1ms]
2023-04-19 12:45:18.065 [info] > git config --get commit.template [4ms]
2023-04-19 12:45:18.065 [info] > git for-each-ref --format=%(refname)%00%(upstream:short)%00%(objectname)%00%(upstream:track)%00%(upstream:remotename)%00%(upstream:remoteref) refs/heads/master refs/remotes/master [1ms]
2023-04-19 12:45:18.070 [info] > git status -z -uall [1ms]
2023-04-19 12:45:23.085 [info] > git config --get commit.template [4ms]
2023-04-19 12:45:23.085 [info] > git for-each-ref --format=%(refname)%00%(upstream:short)%00%(objectname)%00%(upstream:track)%00%(upstream:remotename)%00%(upstream:remoteref) refs/heads/master refs/remotes/master [1ms]
2023-04-19 12:45:23.090 [info] > git status -z -uall [1ms]
2023-04-19 12:45:28.106 [info] > git config --get commit.template [5ms]
2023-04-19 12:45:28.106 [info] > git for-each-ref --format=%(refname)%00%(upstream:short)%00%(objectname)%00%(upstream:track)%00%(upstream:remotename)%00%(upstream:remoteref) refs/heads/master refs/remotes/master [1ms]
2023-04-19 12:45:28.112 [info] > git status -z -uall [1ms]
2023-04-19 12:45:33.125 [info] > git config --get commit.template [5ms]
2023-04-19 12:45:33.125 [info] > git for-each-ref --format=%(refname)%00%(upstream:short)%00%(objectname)%00%(upstream:track)%00%(upstream:remotename)%00%(upstream:remoteref) refs/heads/master refs/remotes/master [1ms]
2023-04-19 12:45:33.130 [info] > git status -z -uall [1ms]
2023-04-19 12:50:06.722 [info] > git config --get commit.template [5ms]
2023-04-19 12:50:06.723 [info] > git for-each-ref --format=%(refname)%00%(upstream:short)%00%(objectname)%00%(upstream:track)%00%(upstream:remotename)%00%(upstream:remoteref) refs/heads/master refs/remotes/master [1ms]
2023-04-19 12:50:06.729 [info] > git status -z -uall [1ms]
2023-04-19 12:50:11.744 [info] > git config --get commit.template [5ms]
2023-04-19 12:50:11.744 [info] > git for-each-ref --format=%(refname)%00%(upstream:short)%00%(objectname)%00%(upstream:track)%00%(upstream:remotename)%00%(upstream:remoteref) refs/heads/master refs/remotes/master [1ms]
2023-04-19 12:50:11.750 [info] > git status -z -uall [1ms]
2023-04-19 12:50:16.766 [info] > git config --get commit.template [4ms]
2023-04-19 12:50:16.766 [info] > git for-each-ref --format=%(refname)%00%(upstream:short)%00%(objectname)%00%(upstream:track)%00%(upstream:remotename)%00%(upstream:remoteref) refs/heads/master refs/remotes/master [1ms]
2023-04-19 12:50:16.771 [info] > git status -z -uall [1ms]
2023-04-19 12:50:24.161 [info] > git config --get commit.template [5ms]
2023-04-19 12:50:24.161 [info] > git for-each-ref --format=%(refname)%00%(upstream:short)%00%(objectname)%00%(upstream:track)%00%(upstream:remotename)%00%(upstream:remoteref) refs/heads/master refs/remotes/master [1ms]
2023-04-19 12:50:24.166 [info] > git status -z -uall [1ms]
2023-04-19 12:50:29.182 [info] > git config --get commit.template [4ms]
2023-04-19 12:50:29.182 [info] > git for-each-ref --format=%(refname)%00%(upstream:short)%00%(objectname)%00%(upstream:track)%00%(upstream:remotename)%00%(upstream:remoteref) refs/heads/master refs/remotes/master [1ms]
2023-04-19 12:50:29.187 [info] > git status -z -uall [1ms]
2023-04-19 12:50:48.498 [info] > git for-each-ref --format=%(refname)%00%(upstream:short)%00%(objectname)%00%(upstream:track)%00%(upstream:remotename)%00%(upstream:remoteref) refs/heads/master refs/remotes/master [1ms]
2023-04-19 12:50:48.498 [info] > git config --get commit.template [8ms]
2023-04-19 12:50:48.505 [info] > git status -z -uall [1ms]
2023-04-19 12:51:39.261 [info] > git config --get commit.template [4ms]
2023-04-19 12:51:39.261 [info] > git for-each-ref --format=%(refname)%00%(upstream:short)%00%(objectname)%00%(upstream:track)%00%(upstream:remotename)%00%(upstream:remoteref) refs/heads/master refs/remotes/master [1ms]
2023-04-19 12:51:39.267 [info] > git status -z -uall [1ms]
2023-04-19 12:51:44.282 [info] > git config --get commit.template [5ms]
2023-04-19 12:51:44.282 [info] > git for-each-ref --format=%(refname)%00%(upstream:short)%00%(objectname)%00%(upstream:track)%00%(upstream:remotename)%00%(upstream:remoteref) refs/heads/master refs/remotes/master [1ms]
2023-04-19 12:51:44.287 [info] > git status -z -uall [1ms]
2023-04-19 12:51:49.301 [info] > git config --get commit.template [4ms]
2023-04-19 12:51:49.302 [info] > git for-each-ref --format=%(refname)%00%(upstream:short)%00%(objectname)%00%(upstream:track)%00%(upstream:remotename)%00%(upstream:remoteref) refs/heads/master refs/remotes/master [1ms]
2023-04-19 12:51:49.310 [info] > git status -z -uall [4ms]
2023-04-19 12:52:00.778 [info] > git config --get commit.template [5ms]
2023-04-19 12:52:00.778 [info] > git for-each-ref --format=%(refname)%00%(upstream:short)%00%(objectname)%00%(upstream:track)%00%(upstream:remotename)%00%(upstream:remoteref) refs/heads/master refs/remotes/master [1ms]
2023-04-19 12:52:00.784 [info] > git status -z -uall [1ms]
2023-04-19 12:52:05.796 [info] > git config --get commit.template [5ms]
2023-04-19 12:52:05.796 [info] > git for-each-ref --format=%(refname)%00%(upstream:short)%00%(objectname)%00%(upstream:track)%00%(upstream:remotename)%00%(upstream:remoteref) refs/heads/master refs/remotes/master [1ms]
2023-04-19 12:52:05.801 [info] > git status -z -uall [1ms]
2023-04-19 12:52:10.817 [info] > git config --get commit.template [4ms]
2023-04-19 12:52:10.818 [info] > git for-each-ref --format=%(refname)%00%(upstream:short)%00%(objectname)%00%(upstream:track)%00%(upstream:remotename)%00%(upstream:remoteref) refs/heads/master refs/remotes/master [1ms]
2023-04-19 12:52:10.823 [info] > git status -z -uall [1ms]
2023-04-19 12:52:18.259 [info] > git config --get commit.template [4ms]
2023-04-19 12:52:18.259 [info] > git for-each-ref --format=%(refname)%00%(upstream:short)%00%(objectname)%00%(upstream:track)%00%(upstream:remotename)%00%(upstream:remoteref) refs/heads/master refs/remotes/master [1ms]
2023-04-19 12:52:18.264 [info] > git status -z -uall [1ms]
2023-04-19 12:52:24.731 [info] > git config --get commit.template [5ms]
2023-04-19 12:52:24.731 [info] > git for-each-ref --format=%(refname)%00%(upstream:short)%00%(objectname)%00%(upstream:track)%00%(upstream:remotename)%00%(upstream:remoteref) refs/heads/master refs/remotes/master [1ms]
2023-04-19 12:52:24.737 [info] > git status -z -uall [1ms]
2023-04-19 12:52:29.753 [info] > git config --get commit.template [4ms]
2023-04-19 12:52:29.753 [info] > git for-each-ref --format=%(refname)%00%(upstream:short)%00%(objectname)%00%(upstream:track)%00%(upstream:remotename)%00%(upstream:remoteref) refs/heads/master refs/remotes/master [1ms]
2023-04-19 12:52:29.758 [info] > git status -z -uall [1ms]
2023-04-19 12:52:34.774 [info] > git config --get commit.template [5ms]
2023-04-19 12:52:34.774 [info] > git for-each-ref --format=%(refname)%00%(upstream:short)%00%(objectname)%00%(upstream:track)%00%(upstream:remotename)%00%(upstream:remoteref) refs/heads/master refs/remotes/master [1ms]
2023-04-19 12:52:34.780 [info] > git status -z -uall [1ms]
2023-04-19 12:52:39.796 [info] > git config --get commit.template [5ms]
2023-04-19 12:52:39.796 [info] > git for-each-ref --format=%(refname)%00%(upstream:short)%00%(objectname)%00%(upstream:track)%00%(upstream:remotename)%00%(upstream:remoteref) refs/heads/master refs/remotes/master [1ms]
2023-04-19 12:52:39.802 [info] > git status -z -uall [1ms]
2023-04-19 12:52:44.840 [info] > git config --get commit.template [17ms]
2023-04-19 12:52:44.842 [info] > git for-each-ref --format=%(refname)%00%(upstream:short)%00%(objectname)%00%(upstream:track)%00%(upstream:remotename)%00%(upstream:remoteref) refs/heads/master refs/remotes/master [4ms]
2023-04-19 12:52:44.862 [info] > git status -z -uall [5ms]
2023-04-19 12:52:51.527 [info] > git config --get commit.template [4ms]
2023-04-19 12:52:51.528 [info] > git for-each-ref --format=%(refname)%00%(upstream:short)%00%(objectname)%00%(upstream:track)%00%(upstream:remotename)%00%(upstream:remoteref) refs/heads/master refs/remotes/master [1ms]
2023-04-19 12:52:51.533 [info] > git status -z -uall [1ms]
2023-04-19 12:52:56.549 [info] > git config --get commit.template [5ms]
2023-04-19 12:52:56.549 [info] > git for-each-ref --format=%(refname)%00%(upstream:short)%00%(objectname)%00%(upstream:track)%00%(upstream:remotename)%00%(upstream:remoteref) refs/heads/master refs/remotes/master [1ms]
2023-04-19 12:52:56.555 [info] > git status -z -uall [1ms]
2023-04-19 12:53:21.523 [info] > git config --get commit.template [5ms]
2023-04-19 12:53:21.523 [info] > git for-each-ref --format=%(refname)%00%(upstream:short)%00%(objectname)%00%(upstream:track)%00%(upstream:remotename)%00%(upstream:remoteref) refs/heads/master refs/remotes/master [1ms]
2023-04-19 12:53:21.529 [info] > git status -z -uall [1ms]
2023-04-19 12:53:43.387 [info] > git config --get commit.template [4ms]
2023-04-19 12:53:43.388 [info] > git for-each-ref --format=%(refname)%00%(upstream:short)%00%(objectname)%00%(upstream:track)%00%(upstream:remotename)%00%(upstream:remoteref) refs/heads/master refs/remotes/master [1ms]
2023-04-19 12:53:43.393 [info] > git status -z -uall [1ms]
