2023-04-10 10:48:50.426 [info] Log level: Info
2023-04-10 10:48:50.426 [info] Validating found git in: "git"
2023-04-10 10:48:50.426 [info] Using git "2.25.1" from "git"
2023-04-10 10:48:50.426 [info] > git rev-parse --show-toplevel [3ms]
2023-04-10 10:48:50.426 [info] fatal: not a git repository (or any of the parent directories): .git
2023-04-10 10:48:50.426 [info] > git rev-parse --show-toplevel [3ms]
2023-04-10 10:48:50.426 [info] fatal: not a git repository (or any of the parent directories): .git
2023-04-10 10:48:52.479 [info] > git rev-parse --show-toplevel [12ms]
2023-04-10 10:48:52.479 [info] fatal: not a git repository (or any of the parent directories): .git
2023-04-10 10:48:53.263 [info] > git rev-parse --show-toplevel [157ms]
2023-04-10 10:48:53.263 [info] fatal: not a git repository (or any of the parent directories): .git
2023-04-10 10:48:56.516 [info] > git rev-parse --show-toplevel [1ms]
2023-04-10 10:48:56.516 [info] fatal: not a git repository (or any of the parent directories): .git
2023-04-10 10:48:56.521 [info] > git rev-parse --show-toplevel [1ms]
2023-04-10 10:48:56.521 [info] fatal: not a git repository (or any of the parent directories): .git
2023-04-10 10:50:11.853 [info] > git rev-parse --show-toplevel [1ms]
2023-04-10 10:50:11.853 [info] fatal: not a git repository (or any of the parent directories): .git
2023-04-10 10:50:11.924 [info] > git rev-parse --show-toplevel [1ms]
2023-04-10 10:50:11.924 [info] fatal: not a git repository (or any of the parent directories): .git
2023-04-10 10:50:11.928 [info] > git rev-parse --show-toplevel [1ms]
2023-04-10 10:50:11.929 [info] fatal: not a git repository (or any of the parent directories): .git
2023-04-10 10:50:34.173 [info] > git rev-parse --show-toplevel [1ms]
2023-04-10 10:50:34.173 [info] fatal: not a git repository (or any of the parent directories): .git
2023-04-10 10:50:34.177 [info] > git rev-parse --show-toplevel [0ms]
2023-04-10 10:50:34.177 [info] fatal: not a git repository (or any of the parent directories): .git
2023-04-10 10:50:34.182 [info] > git rev-parse --show-toplevel [1ms]
2023-04-10 10:50:34.182 [info] fatal: not a git repository (or any of the parent directories): .git
2023-04-10 10:50:36.861 [info] > git rev-parse --show-toplevel [1ms]
2023-04-10 10:50:36.861 [info] fatal: not a git repository (or any of the parent directories): .git
2023-04-10 10:50:36.865 [info] > git rev-parse --show-toplevel [1ms]
2023-04-10 10:50:36.865 [info] fatal: not a git repository (or any of the parent directories): .git
2023-04-10 10:50:36.869 [info] > git rev-parse --show-toplevel [1ms]
2023-04-10 10:50:36.869 [info] fatal: not a git repository (or any of the parent directories): .git
2023-04-10 10:50:50.431 [info] > git rev-parse --show-toplevel [1ms]
2023-04-10 10:50:50.431 [info] fatal: not a git repository (or any of the parent directories): .git
2023-04-10 10:50:50.435 [info] > git rev-parse --show-toplevel [1ms]
2023-04-10 10:50:50.435 [info] fatal: not a git repository (or any of the parent directories): .git
2023-04-10 10:50:50.439 [info] > git rev-parse --show-toplevel [1ms]
2023-04-10 10:50:50.439 [info] fatal: not a git repository (or any of the parent directories): .git
2023-04-10 10:50:52.033 [info] > git rev-parse --show-toplevel [2ms]
2023-04-10 10:50:52.033 [info] fatal: not a git repository (or any of the parent directories): .git
2023-04-10 10:50:52.037 [info] > git rev-parse --show-toplevel [1ms]
2023-04-10 10:50:52.037 [info] fatal: not a git repository (or any of the parent directories): .git
2023-04-10 10:50:52.041 [info] > git rev-parse --show-toplevel [1ms]
2023-04-10 10:50:52.041 [info] fatal: not a git repository (or any of the parent directories): .git
2023-04-10 10:51:00.184 [info] > git rev-parse --show-toplevel [1ms]
2023-04-10 10:51:00.184 [info] fatal: not a git repository (or any of the parent directories): .git
2023-04-10 10:51:04.768 [info] > git rev-parse --show-toplevel [1ms]
2023-04-10 10:51:04.768 [info] fatal: not a git repository (or any of the parent directories): .git
2023-04-10 10:51:04.773 [info] > git rev-parse --show-toplevel [0ms]
2023-04-10 10:51:04.773 [info] fatal: not a git repository (or any of the parent directories): .git
2023-04-10 10:51:31.373 [info] > git rev-parse --show-toplevel [1ms]
2023-04-10 10:51:31.373 [info] fatal: not a git repository (or any of the parent directories): .git
2023-04-10 10:51:31.422 [info] > git rev-parse --show-toplevel [1ms]
2023-04-10 10:51:31.422 [info] fatal: not a git repository (or any of the parent directories): .git
2023-04-10 10:51:31.426 [info] > git rev-parse --show-toplevel [1ms]
2023-04-10 10:51:31.426 [info] fatal: not a git repository (or any of the parent directories): .git
2023-04-10 10:53:56.900 [info] > git rev-parse --show-toplevel [5ms]
2023-04-10 10:53:56.900 [info] fatal: not a git repository (or any of the parent directories): .git
2023-04-10 10:53:56.951 [info] > git rev-parse --show-toplevel [2ms]
2023-04-10 10:53:56.951 [info] fatal: not a git repository (or any of the parent directories): .git
2023-04-10 10:53:56.956 [info] > git rev-parse --show-toplevel [2ms]
2023-04-10 10:53:56.956 [info] fatal: not a git repository (or any of the parent directories): .git
2023-04-10 10:53:59.965 [info] > git rev-parse --show-toplevel [1ms]
2023-04-10 10:53:59.965 [info] fatal: not a git repository (or any of the parent directories): .git
2023-04-10 10:53:59.969 [info] > git rev-parse --show-toplevel [1ms]
2023-04-10 10:53:59.969 [info] fatal: not a git repository (or any of the parent directories): .git
2023-04-10 10:53:59.973 [info] > git rev-parse --show-toplevel [1ms]
2023-04-10 10:53:59.973 [info] fatal: not a git repository (or any of the parent directories): .git
2023-04-10 10:54:02.346 [info] > git rev-parse --show-toplevel [1ms]
2023-04-10 10:54:02.346 [info] fatal: not a git repository (or any of the parent directories): .git
2023-04-10 10:54:02.350 [info] > git rev-parse --show-toplevel [1ms]
2023-04-10 10:54:02.350 [info] fatal: not a git repository (or any of the parent directories): .git
2023-04-10 10:54:02.354 [info] > git rev-parse --show-toplevel [1ms]
2023-04-10 10:54:02.354 [info] fatal: not a git repository (or any of the parent directories): .git
2023-04-10 10:55:06.642 [info] > git rev-parse --show-toplevel [1ms]
2023-04-10 10:55:06.642 [info] fatal: not a git repository (or any of the parent directories): .git
2023-04-10 10:55:06.646 [info] > git rev-parse --show-toplevel [1ms]
2023-04-10 10:55:06.646 [info] fatal: not a git repository (or any of the parent directories): .git
2023-04-10 10:55:06.650 [info] > git rev-parse --show-toplevel [1ms]
2023-04-10 10:55:06.650 [info] fatal: not a git repository (or any of the parent directories): .git
2023-04-10 10:55:08.841 [info] > git rev-parse --show-toplevel [1ms]
2023-04-10 10:55:08.841 [info] fatal: not a git repository (or any of the parent directories): .git
2023-04-10 10:55:08.845 [info] > git rev-parse --show-toplevel [1ms]
2023-04-10 10:55:08.845 [info] fatal: not a git repository (or any of the parent directories): .git
2023-04-10 10:55:08.849 [info] > git rev-parse --show-toplevel [0ms]
2023-04-10 10:55:08.850 [info] fatal: not a git repository (or any of the parent directories): .git
2023-04-10 10:55:08.854 [info] > git rev-parse --show-toplevel [1ms]
2023-04-10 10:55:08.854 [info] fatal: not a git repository (or any of the parent directories): .git
2023-04-10 10:58:32.566 [info] > git rev-parse --show-toplevel [1ms]
2023-04-10 10:58:32.566 [info] fatal: not a git repository (or any of the parent directories): .git
2023-04-10 10:58:32.569 [info] > git rev-parse --show-toplevel [0ms]
2023-04-10 10:58:32.569 [info] fatal: not a git repository (or any of the parent directories): .git
2023-04-10 10:58:32.573 [info] > git rev-parse --show-toplevel [0ms]
2023-04-10 10:58:32.573 [info] fatal: not a git repository (or any of the parent directories): .git
2023-04-10 10:58:33.417 [info] > git rev-parse --show-toplevel [0ms]
2023-04-10 10:58:33.417 [info] fatal: not a git repository (or any of the parent directories): .git
2023-04-10 10:58:33.421 [info] > git rev-parse --show-toplevel [1ms]
2023-04-10 10:58:33.421 [info] fatal: not a git repository (or any of the parent directories): .git
2023-04-10 10:58:33.425 [info] > git rev-parse --show-toplevel [1ms]
2023-04-10 10:58:33.425 [info] fatal: not a git repository (or any of the parent directories): .git
2023-04-10 10:58:33.429 [info] > git rev-parse --show-toplevel [1ms]
2023-04-10 10:58:33.429 [info] fatal: not a git repository (or any of the parent directories): .git
2023-04-10 11:12:51.708 [info] > git rev-parse --show-toplevel [2ms]
2023-04-10 11:12:51.708 [info] fatal: not a git repository (or any of the parent directories): .git
2023-04-10 11:32:18.300 [info] > git rev-parse --show-toplevel [2ms]
2023-04-10 11:32:18.300 [info] fatal: not a git repository (or any of the parent directories): .git
2023-04-10 11:34:47.327 [info] > git rev-parse --show-toplevel [2ms]
2023-04-10 11:34:47.327 [info] fatal: not a git repository (or any of the parent directories): .git
2023-04-10 11:34:47.395 [info] > git rev-parse --show-toplevel [1ms]
2023-04-10 11:34:47.395 [info] fatal: not a git repository (or any of the parent directories): .git
2023-04-10 11:34:47.400 [info] > git rev-parse --show-toplevel [1ms]
2023-04-10 11:34:47.400 [info] fatal: not a git repository (or any of the parent directories): .git
2023-04-10 11:34:48.273 [info] > git rev-parse --show-toplevel [2ms]
2023-04-10 11:34:48.273 [info] fatal: not a git repository (or any of the parent directories): .git
2023-04-10 11:34:48.278 [info] > git rev-parse --show-toplevel [1ms]
2023-04-10 11:34:48.278 [info] fatal: not a git repository (or any of the parent directories): .git
2023-04-10 11:34:48.283 [info] > git rev-parse --show-toplevel [1ms]
2023-04-10 11:34:48.283 [info] fatal: not a git repository (or any of the parent directories): .git
2023-04-10 11:34:54.544 [info] > git rev-parse --show-toplevel [1ms]
2023-04-10 11:34:54.544 [info] fatal: not a git repository (or any of the parent directories): .git
2023-04-10 11:34:54.549 [info] > git rev-parse --show-toplevel [2ms]
2023-04-10 11:34:54.549 [info] fatal: not a git repository (or any of the parent directories): .git
2023-04-10 11:34:54.554 [info] > git rev-parse --show-toplevel [1ms]
2023-04-10 11:34:54.554 [info] fatal: not a git repository (or any of the parent directories): .git
2023-04-10 11:35:38.058 [info] > git rev-parse --show-toplevel [1ms]
2023-04-10 11:35:38.058 [info] fatal: not a git repository (or any of the parent directories): .git
2023-04-10 11:35:38.062 [info] > git rev-parse --show-toplevel [1ms]
2023-04-10 11:35:38.062 [info] fatal: not a git repository (or any of the parent directories): .git
2023-04-10 11:35:38.066 [info] > git rev-parse --show-toplevel [1ms]
2023-04-10 11:35:38.066 [info] fatal: not a git repository (or any of the parent directories): .git
2023-04-10 11:35:48.969 [info] > git rev-parse --show-toplevel [2ms]
2023-04-10 11:35:48.969 [info] fatal: not a git repository (or any of the parent directories): .git
2023-04-10 11:35:48.974 [info] > git rev-parse --show-toplevel [2ms]
2023-04-10 11:35:48.974 [info] fatal: not a git repository (or any of the parent directories): .git
2023-04-10 11:35:48.979 [info] > git rev-parse --show-toplevel [1ms]
2023-04-10 11:35:48.979 [info] fatal: not a git repository (or any of the parent directories): .git
2023-04-10 11:36:45.189 [info] > git rev-parse --show-toplevel [1ms]
2023-04-10 11:36:45.189 [info] fatal: not a git repository (or any of the parent directories): .git
2023-04-10 11:36:45.193 [info] > git rev-parse --show-toplevel [1ms]
2023-04-10 11:36:45.193 [info] fatal: not a git repository (or any of the parent directories): .git
2023-04-10 11:36:45.198 [info] > git rev-parse --show-toplevel [1ms]
2023-04-10 11:36:45.198 [info] fatal: not a git repository (or any of the parent directories): .git
2023-04-10 11:36:45.982 [info] > git rev-parse --show-toplevel [1ms]
2023-04-10 11:36:45.982 [info] fatal: not a git repository (or any of the parent directories): .git
2023-04-10 11:36:45.987 [info] > git rev-parse --show-toplevel [0ms]
2023-04-10 11:36:45.987 [info] fatal: not a git repository (or any of the parent directories): .git
2023-04-10 11:36:45.991 [info] > git rev-parse --show-toplevel [1ms]
2023-04-10 11:36:45.991 [info] fatal: not a git repository (or any of the parent directories): .git
2023-04-10 11:36:50.063 [info] > git rev-parse --show-toplevel [1ms]
2023-04-10 11:36:50.063 [info] fatal: not a git repository (or any of the parent directories): .git
2023-04-10 11:36:50.067 [info] > git rev-parse --show-toplevel [1ms]
2023-04-10 11:36:50.067 [info] fatal: not a git repository (or any of the parent directories): .git
2023-04-10 11:36:50.072 [info] > git rev-parse --show-toplevel [1ms]
2023-04-10 11:36:50.072 [info] fatal: not a git repository (or any of the parent directories): .git
2023-04-10 11:38:16.886 [info] > git rev-parse --show-toplevel [2ms]
2023-04-10 11:38:16.886 [info] fatal: not a git repository (or any of the parent directories): .git
2023-04-10 11:38:16.891 [info] > git rev-parse --show-toplevel [1ms]
2023-04-10 11:38:16.891 [info] fatal: not a git repository (or any of the parent directories): .git
2023-04-10 11:38:16.895 [info] > git rev-parse --show-toplevel [1ms]
2023-04-10 11:38:16.895 [info] fatal: not a git repository (or any of the parent directories): .git
2023-04-10 11:38:17.691 [info] > git rev-parse --show-toplevel [1ms]
2023-04-10 11:38:17.691 [info] fatal: not a git repository (or any of the parent directories): .git
2023-04-10 11:38:17.696 [info] > git rev-parse --show-toplevel [1ms]
2023-04-10 11:38:17.696 [info] fatal: not a git repository (or any of the parent directories): .git
2023-04-10 11:38:17.702 [info] > git rev-parse --show-toplevel [1ms]
2023-04-10 11:38:17.702 [info] fatal: not a git repository (or any of the parent directories): .git
2023-04-10 11:40:09.413 [info] > git rev-parse --show-toplevel [2ms]
2023-04-10 11:40:09.413 [info] fatal: not a git repository (or any of the parent directories): .git
2023-04-10 11:40:09.417 [info] > git rev-parse --show-toplevel [1ms]
2023-04-10 11:40:09.417 [info] fatal: not a git repository (or any of the parent directories): .git
2023-04-10 11:40:09.422 [info] > git rev-parse --show-toplevel [1ms]
2023-04-10 11:40:09.422 [info] fatal: not a git repository (or any of the parent directories): .git
2023-04-10 11:40:30.939 [info] > git rev-parse --show-toplevel [2ms]
2023-04-10 11:40:30.939 [info] fatal: not a git repository (or any of the parent directories): .git
2023-04-10 11:40:30.944 [info] > git rev-parse --show-toplevel [1ms]
2023-04-10 11:40:30.944 [info] fatal: not a git repository (or any of the parent directories): .git
2023-04-10 11:40:30.948 [info] > git rev-parse --show-toplevel [1ms]
2023-04-10 11:40:30.948 [info] fatal: not a git repository (or any of the parent directories): .git
2023-04-10 11:40:34.094 [info] > git rev-parse --show-toplevel [2ms]
2023-04-10 11:40:34.094 [info] fatal: not a git repository (or any of the parent directories): .git
2023-04-10 11:40:34.099 [info] > git rev-parse --show-toplevel [0ms]
2023-04-10 11:40:34.099 [info] fatal: not a git repository (or any of the parent directories): .git
2023-04-10 11:40:34.103 [info] > git rev-parse --show-toplevel [1ms]
2023-04-10 11:40:34.103 [info] fatal: not a git repository (or any of the parent directories): .git
2023-04-10 11:40:35.835 [info] > git rev-parse --show-toplevel [1ms]
2023-04-10 11:40:35.835 [info] fatal: not a git repository (or any of the parent directories): .git
2023-04-10 11:40:35.839 [info] > git rev-parse --show-toplevel [1ms]
2023-04-10 11:40:35.839 [info] fatal: not a git repository (or any of the parent directories): .git
2023-04-10 11:40:35.843 [info] > git rev-parse --show-toplevel [0ms]
2023-04-10 11:40:35.843 [info] fatal: not a git repository (or any of the parent directories): .git
2023-04-10 11:48:14.150 [info] > git rev-parse --show-toplevel [2ms]
2023-04-10 11:48:14.150 [info] fatal: not a git repository (or any of the parent directories): .git
2023-04-10 11:48:14.155 [info] > git rev-parse --show-toplevel [1ms]
2023-04-10 11:48:14.155 [info] fatal: not a git repository (or any of the parent directories): .git
2023-04-10 11:48:14.160 [info] > git rev-parse --show-toplevel [2ms]
2023-04-10 11:48:14.160 [info] fatal: not a git repository (or any of the parent directories): .git
2023-04-10 11:48:42.149 [info] > git rev-parse --show-toplevel [1ms]
2023-04-10 11:48:42.149 [info] fatal: not a git repository (or any of the parent directories): .git
2023-04-10 11:48:42.154 [info] > git rev-parse --show-toplevel [0ms]
2023-04-10 11:48:42.154 [info] fatal: not a git repository (or any of the parent directories): .git
2023-04-10 11:48:42.158 [info] > git rev-parse --show-toplevel [1ms]
2023-04-10 11:48:42.158 [info] fatal: not a git repository (or any of the parent directories): .git
2023-04-10 11:48:50.552 [info] > git rev-parse --show-toplevel [3ms]
2023-04-10 11:48:50.552 [info] fatal: not a git repository (or any of the parent directories): .git
2023-04-10 11:48:50.557 [info] > git rev-parse --show-toplevel [2ms]
2023-04-10 11:48:50.557 [info] fatal: not a git repository (or any of the parent directories): .git
2023-04-10 11:48:50.561 [info] > git rev-parse --show-toplevel [1ms]
2023-04-10 11:48:50.561 [info] fatal: not a git repository (or any of the parent directories): .git
2023-04-10 11:49:05.303 [info] > git rev-parse --show-toplevel [1ms]
2023-04-10 11:49:05.303 [info] fatal: not a git repository (or any of the parent directories): .git
2023-04-10 11:49:05.307 [info] > git rev-parse --show-toplevel [1ms]
2023-04-10 11:49:05.307 [info] fatal: not a git repository (or any of the parent directories): .git
2023-04-10 11:49:05.312 [info] > git rev-parse --show-toplevel [0ms]
2023-04-10 11:49:05.312 [info] fatal: not a git repository (or any of the parent directories): .git
2023-04-10 11:49:13.358 [info] > git rev-parse --show-toplevel [2ms]
2023-04-10 11:49:13.358 [info] fatal: not a git repository (or any of the parent directories): .git
2023-04-10 11:49:13.363 [info] > git rev-parse --show-toplevel [1ms]
2023-04-10 11:49:13.363 [info] fatal: not a git repository (or any of the parent directories): .git
2023-04-10 11:49:13.368 [info] > git rev-parse --show-toplevel [1ms]
2023-04-10 11:49:13.368 [info] fatal: not a git repository (or any of the parent directories): .git
2023-04-10 11:49:18.051 [info] > git rev-parse --show-toplevel [1ms]
2023-04-10 11:49:18.051 [info] fatal: not a git repository (or any of the parent directories): .git
2023-04-10 11:49:18.055 [info] > git rev-parse --show-toplevel [1ms]
2023-04-10 11:49:18.055 [info] fatal: not a git repository (or any of the parent directories): .git
2023-04-10 11:49:18.059 [info] > git rev-parse --show-toplevel [1ms]
2023-04-10 11:49:18.059 [info] fatal: not a git repository (or any of the parent directories): .git
2023-04-10 11:49:29.466 [info] > git rev-parse --show-toplevel [2ms]
2023-04-10 11:49:29.466 [info] fatal: not a git repository (or any of the parent directories): .git
2023-04-10 11:49:29.470 [info] > git rev-parse --show-toplevel [1ms]
2023-04-10 11:49:29.470 [info] fatal: not a git repository (or any of the parent directories): .git
2023-04-10 11:49:29.475 [info] > git rev-parse --show-toplevel [1ms]
2023-04-10 11:49:29.475 [info] fatal: not a git repository (or any of the parent directories): .git
2023-04-10 11:49:30.786 [info] > git rev-parse --show-toplevel [1ms]
2023-04-10 11:49:30.786 [info] fatal: not a git repository (or any of the parent directories): .git
2023-04-10 11:49:30.791 [info] > git rev-parse --show-toplevel [1ms]
2023-04-10 11:49:30.791 [info] fatal: not a git repository (or any of the parent directories): .git
2023-04-10 11:49:30.795 [info] > git rev-parse --show-toplevel [1ms]
2023-04-10 11:49:30.795 [info] fatal: not a git repository (or any of the parent directories): .git
2023-04-10 11:51:05.900 [info] > git rev-parse --show-toplevel [2ms]
2023-04-10 11:51:05.900 [info] fatal: not a git repository (or any of the parent directories): .git
2023-04-10 11:51:05.905 [info] > git rev-parse --show-toplevel [1ms]
2023-04-10 11:51:05.905 [info] fatal: not a git repository (or any of the parent directories): .git
2023-04-10 11:51:05.910 [info] > git rev-parse --show-toplevel [1ms]
2023-04-10 11:51:05.910 [info] fatal: not a git repository (or any of the parent directories): .git
2023-04-10 11:51:17.230 [info] > git rev-parse --show-toplevel [1ms]
2023-04-10 11:51:17.231 [info] fatal: not a git repository (or any of the parent directories): .git
2023-04-10 11:51:17.235 [info] > git rev-parse --show-toplevel [1ms]
2023-04-10 11:51:17.235 [info] fatal: not a git repository (or any of the parent directories): .git
2023-04-10 11:51:17.240 [info] > git rev-parse --show-toplevel [0ms]
2023-04-10 11:51:17.240 [info] fatal: not a git repository (or any of the parent directories): .git
2023-04-10 11:51:28.577 [info] > git rev-parse --show-toplevel [1ms]
2023-04-10 11:51:28.577 [info] fatal: not a git repository (or any of the parent directories): .git
2023-04-10 11:51:28.582 [info] > git rev-parse --show-toplevel [1ms]
2023-04-10 11:51:28.582 [info] fatal: not a git repository (or any of the parent directories): .git
2023-04-10 11:51:28.587 [info] > git rev-parse --show-toplevel [1ms]
2023-04-10 11:51:28.587 [info] fatal: not a git repository (or any of the parent directories): .git
2023-04-10 11:51:41.350 [info] > git rev-parse --show-toplevel [1ms]
2023-04-10 11:51:41.350 [info] fatal: not a git repository (or any of the parent directories): .git
2023-04-10 11:51:41.355 [info] > git rev-parse --show-toplevel [0ms]
2023-04-10 11:51:41.355 [info] fatal: not a git repository (or any of the parent directories): .git
2023-04-10 11:51:41.359 [info] > git rev-parse --show-toplevel [1ms]
2023-04-10 11:51:41.359 [info] fatal: not a git repository (or any of the parent directories): .git
2023-04-10 11:51:54.310 [info] > git rev-parse --show-toplevel [1ms]
2023-04-10 11:51:54.310 [info] fatal: not a git repository (or any of the parent directories): .git
2023-04-10 11:51:54.315 [info] > git rev-parse --show-toplevel [1ms]
2023-04-10 11:51:54.315 [info] fatal: not a git repository (or any of the parent directories): .git
2023-04-10 11:51:54.320 [info] > git rev-parse --show-toplevel [1ms]
2023-04-10 11:51:54.320 [info] fatal: not a git repository (or any of the parent directories): .git
2023-04-10 11:52:53.318 [info] > git rev-parse --show-toplevel [1ms]
2023-04-10 11:52:53.318 [info] fatal: not a git repository (or any of the parent directories): .git
2023-04-10 11:52:53.322 [info] > git rev-parse --show-toplevel [1ms]
2023-04-10 11:52:53.322 [info] fatal: not a git repository (or any of the parent directories): .git
2023-04-10 11:52:53.326 [info] > git rev-parse --show-toplevel [0ms]
2023-04-10 11:52:53.326 [info] fatal: not a git repository (or any of the parent directories): .git
2023-04-10 11:52:54.537 [info] > git rev-parse --show-toplevel [1ms]
2023-04-10 11:52:54.537 [info] fatal: not a git repository (or any of the parent directories): .git
2023-04-10 11:52:54.541 [info] > git rev-parse --show-toplevel [1ms]
2023-04-10 11:52:54.541 [info] fatal: not a git repository (or any of the parent directories): .git
2023-04-10 11:52:54.546 [info] > git rev-parse --show-toplevel [1ms]
2023-04-10 11:52:54.546 [info] fatal: not a git repository (or any of the parent directories): .git
2023-04-10 11:53:32.472 [info] > git rev-parse --show-toplevel [1ms]
2023-04-10 11:53:32.472 [info] fatal: not a git repository (or any of the parent directories): .git
2023-04-10 11:53:32.477 [info] > git rev-parse --show-toplevel [0ms]
2023-04-10 11:53:32.477 [info] fatal: not a git repository (or any of the parent directories): .git
2023-04-10 11:53:32.482 [info] > git rev-parse --show-toplevel [2ms]
2023-04-10 11:53:32.482 [info] fatal: not a git repository (or any of the parent directories): .git
2023-04-10 11:53:45.348 [info] > git rev-parse --show-toplevel [8ms]
2023-04-10 11:53:45.348 [info] fatal: not a git repository (or any of the parent directories): .git
2023-04-10 11:53:45.366 [info] > git rev-parse --show-toplevel [4ms]
2023-04-10 11:53:45.366 [info] fatal: not a git repository (or any of the parent directories): .git
2023-04-10 11:53:45.383 [info] > git rev-parse --show-toplevel [3ms]
2023-04-10 11:53:45.383 [info] fatal: not a git repository (or any of the parent directories): .git
2023-04-10 11:53:47.703 [info] > git rev-parse --show-toplevel [1ms]
2023-04-10 11:53:47.703 [info] fatal: not a git repository (or any of the parent directories): .git
2023-04-10 11:53:47.708 [info] > git rev-parse --show-toplevel [1ms]
2023-04-10 11:53:47.708 [info] fatal: not a git repository (or any of the parent directories): .git
2023-04-10 11:53:47.712 [info] > git rev-parse --show-toplevel [1ms]
2023-04-10 11:53:47.712 [info] fatal: not a git repository (or any of the parent directories): .git
2023-04-10 11:54:24.874 [info] > git rev-parse --show-toplevel [1ms]
2023-04-10 11:54:24.874 [info] fatal: not a git repository (or any of the parent directories): .git
2023-04-10 11:54:24.878 [info] > git rev-parse --show-toplevel [1ms]
2023-04-10 11:54:24.878 [info] fatal: not a git repository (or any of the parent directories): .git
2023-04-10 11:54:24.883 [info] > git rev-parse --show-toplevel [1ms]
2023-04-10 11:54:24.883 [info] fatal: not a git repository (or any of the parent directories): .git
2023-04-10 11:56:37.572 [info] > git rev-parse --show-toplevel [1ms]
2023-04-10 11:56:37.572 [info] fatal: not a git repository (or any of the parent directories): .git
2023-04-10 11:56:37.578 [info] > git rev-parse --show-toplevel [1ms]
2023-04-10 11:56:37.578 [info] fatal: not a git repository (or any of the parent directories): .git
2023-04-10 11:56:37.583 [info] > git rev-parse --show-toplevel [1ms]
2023-04-10 11:56:37.583 [info] fatal: not a git repository (or any of the parent directories): .git
2023-04-10 11:56:53.822 [info] > git rev-parse --show-toplevel [2ms]
2023-04-10 11:56:53.822 [info] fatal: not a git repository (or any of the parent directories): .git
2023-04-10 11:56:53.827 [info] > git rev-parse --show-toplevel [1ms]
2023-04-10 11:56:53.827 [info] fatal: not a git repository (or any of the parent directories): .git
2023-04-10 11:56:53.832 [info] > git rev-parse --show-toplevel [1ms]
2023-04-10 11:56:53.832 [info] fatal: not a git repository (or any of the parent directories): .git
2023-04-10 11:57:10.118 [info] > git rev-parse --show-toplevel [1ms]
2023-04-10 11:57:10.118 [info] fatal: not a git repository (or any of the parent directories): .git
2023-04-10 11:57:10.123 [info] > git rev-parse --show-toplevel [1ms]
2023-04-10 11:57:10.123 [info] fatal: not a git repository (or any of the parent directories): .git
2023-04-10 11:57:10.127 [info] > git rev-parse --show-toplevel [0ms]
2023-04-10 11:57:10.127 [info] fatal: not a git repository (or any of the parent directories): .git
2023-04-10 11:57:13.532 [info] > git rev-parse --show-toplevel [2ms]
2023-04-10 11:57:13.532 [info] fatal: not a git repository (or any of the parent directories): .git
2023-04-10 11:57:13.536 [info] > git rev-parse --show-toplevel [1ms]
2023-04-10 11:57:13.536 [info] fatal: not a git repository (or any of the parent directories): .git
2023-04-10 11:57:13.541 [info] > git rev-parse --show-toplevel [1ms]
2023-04-10 11:57:13.541 [info] fatal: not a git repository (or any of the parent directories): .git
2023-04-10 11:57:14.435 [info] > git rev-parse --show-toplevel [1ms]
2023-04-10 11:57:14.435 [info] fatal: not a git repository (or any of the parent directories): .git
2023-04-10 11:57:14.440 [info] > git rev-parse --show-toplevel [1ms]
2023-04-10 11:57:14.440 [info] fatal: not a git repository (or any of the parent directories): .git
2023-04-10 11:57:14.444 [info] > git rev-parse --show-toplevel [0ms]
2023-04-10 11:57:14.445 [info] fatal: not a git repository (or any of the parent directories): .git
2023-04-10 11:57:42.596 [info] > git rev-parse --show-toplevel [2ms]
2023-04-10 11:57:42.596 [info] fatal: not a git repository (or any of the parent directories): .git
2023-04-10 11:57:42.601 [info] > git rev-parse --show-toplevel [1ms]
2023-04-10 11:57:42.601 [info] fatal: not a git repository (or any of the parent directories): .git
2023-04-10 11:57:42.606 [info] > git rev-parse --show-toplevel [1ms]
2023-04-10 11:57:42.606 [info] fatal: not a git repository (or any of the parent directories): .git
2023-04-10 11:59:57.525 [info] > git rev-parse --show-toplevel [1ms]
2023-04-10 11:59:57.525 [info] fatal: not a git repository (or any of the parent directories): .git
