2023-04-18 01:20:40.888 [info] Log level: Info
2023-04-18 01:20:40.888 [info] Validating found git in: "git"
2023-04-18 01:20:40.888 [info] Using git "2.25.1" from "git"
2023-04-18 01:20:40.888 [info] > git rev-parse --show-toplevel [4ms]
2023-04-18 01:20:40.888 [info] > git rev-parse --git-dir --git-common-dir [2ms]
2023-04-18 01:20:40.888 [info] Open repository: /home/c2023_1/c1913076/PA1
2023-04-18 01:20:40.888 [info] > git rev-parse --show-toplevel [5ms]
2023-04-18 01:20:40.888 [info] > git config --get commit.template [5ms]
2023-04-18 01:20:40.888 [info] > git for-each-ref --format=%(refname)%00%(upstream:short)%00%(objectname)%00%(upstream:track)%00%(upstream:remotename)%00%(upstream:remoteref) refs/heads/master refs/remotes/master [3ms]
2023-04-18 01:20:40.888 [info] > git status -z -uall [1ms]
2023-04-18 01:20:40.888 [info] > git config --get commit.template [1ms]
2023-04-18 01:20:40.888 [info] > git for-each-ref --format=%(refname)%00%(upstream:short)%00%(objectname)%00%(upstream:track)%00%(upstream:remotename)%00%(upstream:remoteref) refs/heads/master refs/remotes/master [1ms]
2023-04-18 01:20:40.888 [info] > git status -z -uall [1ms]
2023-04-18 01:20:41.247 [info] > git show --textconv :tokenizer.l [12ms]
2023-04-18 01:20:41.247 [info] > git show --textconv :hello.c [8ms]
2023-04-18 01:20:41.248 [info] > git ls-files --stage -- /home/c2023_1/c1913076/PA1/hello.c [1ms]
2023-04-18 01:20:41.251 [info] > git ls-files --stage -- /home/c2023_1/c1913076/PA1/tokenizer.l [9ms]
2023-04-18 01:20:41.256 [info] > git cat-file -s ab6d271396902e2d95e4a187f1435ee125597423 [2ms]
2023-04-18 01:20:41.257 [info] > git cat-file -s e143627b8737f162f97d8efea4c7d16162c2d194 [6ms]
2023-04-18 01:20:41.327 [info] > git check-ignore -v -z --stdin [1ms]
