2023-04-18 00:53:23.989 [info] Log level: Info
2023-04-18 00:53:23.989 [info] Validating found git in: "git"
2023-04-18 00:53:23.989 [info] Using git "2.25.1" from "git"
2023-04-18 00:53:23.989 [info] > git rev-parse --show-toplevel [4ms]
2023-04-18 00:53:23.989 [info] fatal: not a git repository (or any of the parent directories): .git
2023-04-18 00:53:23.989 [info] > git rev-parse --show-toplevel [20ms]
2023-04-18 00:53:23.989 [info] fatal: not a git repository (or any of the parent directories): .git
2023-04-18 00:53:23.989 [info] > git rev-parse --show-toplevel [0ms]
2023-04-18 00:53:23.989 [info] fatal: not a git repository (or any of the parent directories): .git
2023-04-18 00:53:23.989 [info] > git rev-parse --show-toplevel [2ms]
2023-04-18 00:53:23.989 [info] fatal: not a git repository (or any of the parent directories): .git
2023-04-18 00:53:23.989 [info] > git rev-parse --show-toplevel [3ms]
2023-04-18 00:53:23.989 [info] fatal: not a git repository (or any of the parent directories): .git
2023-04-18 00:53:23.989 [info] > git rev-parse --show-toplevel [2ms]
2023-04-18 00:53:23.989 [info] fatal: not a git repository (or any of the parent directories): .git
2023-04-18 00:55:11.650 [info] > git rev-parse --show-toplevel [2ms]
2023-04-18 00:55:11.650 [info] fatal: not a git repository (or any of the parent directories): .git
2023-04-18 00:55:11.751 [info] > git rev-parse --show-toplevel [1ms]
2023-04-18 00:55:11.751 [info] fatal: not a git repository (or any of the parent directories): .git
2023-04-18 00:55:11.755 [info] > git rev-parse --show-toplevel [1ms]
2023-04-18 00:55:11.755 [info] fatal: not a git repository (or any of the parent directories): .git
2023-04-18 00:55:12.334 [info] > git rev-parse --show-toplevel [2ms]
2023-04-18 00:55:12.334 [info] fatal: not a git repository (or any of the parent directories): .git
2023-04-18 00:55:12.338 [info] > git rev-parse --show-toplevel [1ms]
2023-04-18 00:55:12.338 [info] fatal: not a git repository (or any of the parent directories): .git
2023-04-18 00:55:13.092 [info] > git rev-parse --show-toplevel [1ms]
2023-04-18 00:55:13.092 [info] fatal: not a git repository (or any of the parent directories): .git
2023-04-18 00:55:13.096 [info] > git rev-parse --show-toplevel [1ms]
2023-04-18 00:55:13.096 [info] fatal: not a git repository (or any of the parent directories): .git
2023-04-18 00:55:13.100 [info] > git rev-parse --show-toplevel [1ms]
2023-04-18 00:55:13.100 [info] fatal: not a git repository (or any of the parent directories): .git
2023-04-18 01:04:40.745 [info] > git rev-parse --show-toplevel [1ms]
2023-04-18 01:04:40.745 [info] fatal: not a git repository (or any of the parent directories): .git
2023-04-18 01:04:40.749 [info] > git rev-parse --show-toplevel [1ms]
2023-04-18 01:04:40.750 [info] fatal: not a git repository (or any of the parent directories): .git
2023-04-18 01:04:40.753 [info] > git rev-parse --show-toplevel [1ms]
2023-04-18 01:04:40.753 [info] fatal: not a git repository (or any of the parent directories): .git
2023-04-18 01:21:36.004 [info] > git rev-parse --show-toplevel [1ms]
2023-04-18 01:21:36.004 [info] fatal: not a git repository (or any of the parent directories): .git
2023-04-18 01:21:36.134 [info] > git rev-parse --show-toplevel [3ms]
2023-04-18 01:21:36.134 [info] fatal: not a git repository (or any of the parent directories): .git
2023-04-18 01:21:36.146 [info] > git rev-parse --show-toplevel [0ms]
2023-04-18 01:21:36.146 [info] fatal: not a git repository (or any of the parent directories): .git
2023-04-18 01:21:55.789 [info] > git rev-parse --show-toplevel [2ms]
2023-04-18 01:21:55.789 [info] fatal: not a git repository (or any of the parent directories): .git
2023-04-18 01:21:55.795 [info] > git rev-parse --show-toplevel [3ms]
2023-04-18 01:21:55.795 [info] fatal: not a git repository (or any of the parent directories): .git
2023-04-18 01:21:55.799 [info] > git rev-parse --show-toplevel [1ms]
2023-04-18 01:21:55.799 [info] fatal: not a git repository (or any of the parent directories): .git
2023-04-18 01:21:56.560 [info] > git rev-parse --show-toplevel [1ms]
2023-04-18 01:21:56.560 [info] fatal: not a git repository (or any of the parent directories): .git
2023-04-18 01:21:56.565 [info] > git rev-parse --show-toplevel [1ms]
2023-04-18 01:21:56.565 [info] fatal: not a git repository (or any of the parent directories): .git
2023-04-18 01:21:56.569 [info] > git rev-parse --show-toplevel [1ms]
2023-04-18 01:21:56.569 [info] fatal: not a git repository (or any of the parent directories): .git
2023-04-18 01:22:55.055 [info] > git rev-parse --show-toplevel [1ms]
2023-04-18 01:22:55.055 [info] fatal: not a git repository (or any of the parent directories): .git
2023-04-18 01:22:55.059 [info] > git rev-parse --show-toplevel [1ms]
2023-04-18 01:22:55.059 [info] fatal: not a git repository (or any of the parent directories): .git
2023-04-18 01:22:55.062 [info] > git rev-parse --show-toplevel [0ms]
2023-04-18 01:22:55.062 [info] fatal: not a git repository (or any of the parent directories): .git
2023-04-18 01:22:57.225 [info] > git rev-parse --show-toplevel [1ms]
2023-04-18 01:22:57.225 [info] fatal: not a git repository (or any of the parent directories): .git
2023-04-18 01:22:57.229 [info] > git rev-parse --show-toplevel [1ms]
2023-04-18 01:22:57.229 [info] fatal: not a git repository (or any of the parent directories): .git
2023-04-18 01:22:57.233 [info] > git rev-parse --show-toplevel [0ms]
2023-04-18 01:22:57.233 [info] fatal: not a git repository (or any of the parent directories): .git
2023-04-18 01:23:22.248 [info] > git rev-parse --show-toplevel [1ms]
2023-04-18 01:23:22.248 [info] fatal: not a git repository (or any of the parent directories): .git
2023-04-18 01:23:22.277 [info] > git rev-parse --show-toplevel [1ms]
2023-04-18 01:23:22.277 [info] fatal: not a git repository (or any of the parent directories): .git
2023-04-18 01:23:22.284 [info] > git rev-parse --show-toplevel [2ms]
2023-04-18 01:23:22.284 [info] fatal: not a git repository (or any of the parent directories): .git
2023-04-18 01:23:33.896 [info] > git rev-parse --show-toplevel [1ms]
2023-04-18 01:23:33.896 [info] fatal: not a git repository (or any of the parent directories): .git
2023-04-18 01:23:33.955 [info] > git rev-parse --show-toplevel [1ms]
2023-04-18 01:23:33.955 [info] fatal: not a git repository (or any of the parent directories): .git
2023-04-18 01:23:33.959 [info] > git rev-parse --show-toplevel [1ms]
2023-04-18 01:23:33.959 [info] fatal: not a git repository (or any of the parent directories): .git
2023-04-18 01:29:04.288 [info] > git rev-parse --show-toplevel [1ms]
2023-04-18 01:29:04.288 [info] fatal: not a git repository (or any of the parent directories): .git
2023-04-18 01:29:04.292 [info] > git rev-parse --show-toplevel [1ms]
2023-04-18 01:29:04.292 [info] fatal: not a git repository (or any of the parent directories): .git
2023-04-18 01:29:04.296 [info] > git rev-parse --show-toplevel [1ms]
2023-04-18 01:29:04.296 [info] fatal: not a git repository (or any of the parent directories): .git
2023-04-18 01:30:39.113 [info] > git rev-parse --show-toplevel [1ms]
2023-04-18 01:30:39.113 [info] fatal: not a git repository (or any of the parent directories): .git
2023-04-18 01:30:39.117 [info] > git rev-parse --show-toplevel [1ms]
2023-04-18 01:30:39.117 [info] fatal: not a git repository (or any of the parent directories): .git
2023-04-18 01:30:39.121 [info] > git rev-parse --show-toplevel [1ms]
2023-04-18 01:30:39.121 [info] fatal: not a git repository (or any of the parent directories): .git
2023-04-18 01:30:40.960 [info] > git rev-parse --show-toplevel [1ms]
2023-04-18 01:30:40.960 [info] fatal: not a git repository (or any of the parent directories): .git
2023-04-18 01:30:40.964 [info] > git rev-parse --show-toplevel [1ms]
2023-04-18 01:30:40.964 [info] fatal: not a git repository (or any of the parent directories): .git
2023-04-18 01:30:40.968 [info] > git rev-parse --show-toplevel [1ms]
2023-04-18 01:30:40.969 [info] fatal: not a git repository (or any of the parent directories): .git
