2023-03-28 12:18:58.554 [info] Log level: Info
2023-03-28 12:18:58.554 [info] Validating found git in: "git"
2023-03-28 12:18:58.554 [info] Using git "2.25.1" from "git"
2023-03-28 12:18:58.554 [info] > git rev-parse --show-toplevel [5ms]
2023-03-28 12:18:58.554 [info] fatal: not a git repository (or any of the parent directories): .git
2023-03-28 12:18:58.554 [info] > git rev-parse --show-toplevel [2ms]
2023-03-28 12:18:58.554 [info] > git rev-parse --git-dir --git-common-dir [1ms]
2023-03-28 12:18:58.554 [info] Open repository: /home/c2023_1/c1913076/PA1
2023-03-28 12:18:58.554 [info] > git rev-parse --show-toplevel [4ms]
2023-03-28 12:18:58.554 [info] fatal: not a git repository (or any of the parent directories): .git
2023-03-28 12:18:58.554 [info] > git config --get commit.template [5ms]
2023-03-28 12:18:58.554 [info] > git rev-parse --show-toplevel [5ms]
2023-03-28 12:18:58.554 [info] fatal: not a git repository (or any of the parent directories): .git
2023-03-28 12:18:58.554 [info] > git for-each-ref --format=%(refname)%00%(upstream:short)%00%(objectname)%00%(upstream:track)%00%(upstream:remotename)%00%(upstream:remoteref) refs/heads/master refs/remotes/master [5ms]
2023-03-28 12:18:58.554 [info] > git status -z -uall [4ms]
2023-03-28 12:18:58.554 [info] > git rev-parse --show-toplevel [9ms]
2023-03-28 12:18:58.554 [info] fatal: not a git repository (or any of the parent directories): .git
2023-03-28 12:18:58.554 [info] > git rev-parse --show-toplevel [2ms]
2023-03-28 12:18:58.554 [info] fatal: not a git repository (or any of the parent directories): .git
2023-03-28 12:18:58.554 [info] > git rev-parse --show-toplevel [15ms]
2023-03-28 12:18:58.554 [info] fatal: not a git repository (or any of the parent directories): .git
2023-03-28 12:18:58.554 [info] > git config --get commit.template [9ms]
2023-03-28 12:18:58.554 [info] > git for-each-ref --format=%(refname)%00%(upstream:short)%00%(objectname)%00%(upstream:track)%00%(upstream:remotename)%00%(upstream:remoteref) refs/heads/master refs/remotes/master [1ms]
2023-03-28 12:18:58.554 [info] > git status -z -uall [2ms]
2023-03-28 12:18:58.554 [info] > git rev-parse --show-toplevel [66ms]
2023-03-28 12:18:58.554 [info] fatal: not a git repository (or any of the parent directories): .git
2023-03-28 12:18:58.714 [info] > git show --textconv :tokenizer.l [14ms]
2023-03-28 12:18:58.714 [info] > git show --textconv :hello.c [10ms]
2023-03-28 12:18:58.715 [info] > git ls-files --stage -- /home/c2023_1/c1913076/PA1/hello.c [2ms]
2023-03-28 12:18:58.720 [info] > git ls-files --stage -- /home/c2023_1/c1913076/PA1/tokenizer.l [11ms]
2023-03-28 12:18:58.725 [info] > git cat-file -s cc05fcf32a5327ec1b340ddbc4f9e83e58cf605a [2ms]
2023-03-28 12:18:58.725 [info] > git cat-file -s 121704f26ecf5c92f0835257888a37907dc891e8 [6ms]
2023-03-28 12:18:58.890 [info] > git check-ignore -v -z --stdin [1ms]
2023-03-28 12:19:12.579 [info] > git check-ignore -v -z --stdin [1ms]
2023-03-28 12:19:12.669 [info] > git config --get commit.template [6ms]
2023-03-28 12:19:12.669 [info] > git for-each-ref --format=%(refname)%00%(upstream:short)%00%(objectname)%00%(upstream:track)%00%(upstream:remotename)%00%(upstream:remoteref) refs/heads/master refs/remotes/master [1ms]
2023-03-28 12:19:12.675 [info] > git status -z -uall [1ms]
