2023-03-29 00:34:49.542 [info] Log level: Info
2023-03-29 00:34:49.542 [info] Validating found git in: "git"
2023-03-29 00:34:49.542 [info] Using git "2.25.1" from "git"
2023-03-29 00:34:49.542 [info] > git rev-parse --show-toplevel [10ms]
2023-03-29 00:34:49.542 [info] fatal: not a git repository (or any of the parent directories): .git
2023-03-29 00:34:49.542 [info] > git rev-parse --show-toplevel [1ms]
2023-03-29 00:34:49.542 [info] > git rev-parse --git-dir --git-common-dir [6ms]
2023-03-29 00:34:49.542 [info] Open repository: /home/c2023_1/c1913076/PA1
2023-03-29 00:34:49.542 [info] > git rev-parse --show-toplevel [5ms]
2023-03-29 00:34:49.542 [info] fatal: not a git repository (or any of the parent directories): .git
2023-03-29 00:34:49.542 [info] > git config --get commit.template [6ms]
2023-03-29 00:34:49.542 [info] > git rev-parse --show-toplevel [2ms]
2023-03-29 00:34:49.542 [info] fatal: not a git repository (or any of the parent directories): .git
2023-03-29 00:34:49.542 [info] > git for-each-ref --format=%(refname)%00%(upstream:short)%00%(objectname)%00%(upstream:track)%00%(upstream:remotename)%00%(upstream:remoteref) refs/heads/master refs/remotes/master [2ms]
2023-03-29 00:34:49.542 [info] > git rev-parse --show-toplevel [12ms]
2023-03-29 00:34:49.542 [info] fatal: not a git repository (or any of the parent directories): .git
2023-03-29 00:34:49.542 [info] > git status -z -uall [10ms]
2023-03-29 00:34:49.542 [info] > git rev-parse --show-toplevel [14ms]
2023-03-29 00:34:49.542 [info] fatal: not a git repository (or any of the parent directories): .git
2023-03-29 00:34:49.542 [info] > git config --get commit.template [8ms]
2023-03-29 00:34:49.542 [info] > git rev-parse --show-toplevel [5ms]
2023-03-29 00:34:49.542 [info] fatal: not a git repository (or any of the parent directories): .git
2023-03-29 00:34:49.542 [info] > git for-each-ref --format=%(refname)%00%(upstream:short)%00%(objectname)%00%(upstream:track)%00%(upstream:remotename)%00%(upstream:remoteref) refs/heads/master refs/remotes/master [74ms]
2023-03-29 00:34:49.542 [info] > git status -z -uall [3ms]
2023-03-29 00:34:49.542 [info] > git rev-parse --show-toplevel [2ms]
2023-03-29 00:34:49.542 [info] fatal: not a git repository (or any of the parent directories): .git
2023-03-29 00:34:49.738 [info] > git show --textconv :hello.c [15ms]
2023-03-29 00:34:49.738 [info] > git show --textconv :tokenizer.l [10ms]
2023-03-29 00:34:49.738 [info] > git ls-files --stage -- /home/c2023_1/c1913076/PA1/hello.c [5ms]
2023-03-29 00:34:49.744 [info] > git cat-file -s 6bba4bbb81cf3cd9ca52494ce2b5d8ab39a505fe [2ms]
2023-03-29 00:34:49.745 [info] > git ls-files --stage -- /home/c2023_1/c1913076/PA1/tokenizer.l [8ms]
2023-03-29 00:34:49.749 [info] > git cat-file -s c711292e89023a53d6b8cf9e3f244497634e7677 [0ms]
2023-03-29 00:34:49.920 [info] > git check-ignore -v -z --stdin [1ms]
2023-03-29 00:35:01.931 [info] > git config --get commit.template [5ms]
2023-03-29 00:35:01.932 [info] > git for-each-ref --format=%(refname)%00%(upstream:short)%00%(objectname)%00%(upstream:track)%00%(upstream:remotename)%00%(upstream:remoteref) refs/heads/master refs/remotes/master [1ms]
2023-03-29 00:35:01.937 [info] > git status -z -uall [1ms]
2023-03-29 00:35:06.963 [info] > git config --get commit.template [4ms]
2023-03-29 00:35:06.963 [info] > git for-each-ref --format=%(refname)%00%(upstream:short)%00%(objectname)%00%(upstream:track)%00%(upstream:remotename)%00%(upstream:remoteref) refs/heads/master refs/remotes/master [1ms]
2023-03-29 00:35:06.968 [info] > git status -z -uall [1ms]
2023-03-29 00:35:11.983 [info] > git config --get commit.template [4ms]
2023-03-29 00:35:11.983 [info] > git for-each-ref --format=%(refname)%00%(upstream:short)%00%(objectname)%00%(upstream:track)%00%(upstream:remotename)%00%(upstream:remoteref) refs/heads/master refs/remotes/master [1ms]
2023-03-29 00:35:11.988 [info] > git status -z -uall [1ms]
2023-03-29 00:35:17.002 [info] > git config --get commit.template [4ms]
2023-03-29 00:35:17.002 [info] > git for-each-ref --format=%(refname)%00%(upstream:short)%00%(objectname)%00%(upstream:track)%00%(upstream:remotename)%00%(upstream:remoteref) refs/heads/master refs/remotes/master [1ms]
2023-03-29 00:35:17.007 [info] > git status -z -uall [1ms]
2023-03-29 00:35:41.550 [info] > git config --get commit.template [4ms]
2023-03-29 00:35:41.551 [info] > git for-each-ref --format=%(refname)%00%(upstream:short)%00%(objectname)%00%(upstream:track)%00%(upstream:remotename)%00%(upstream:remoteref) refs/heads/master refs/remotes/master [1ms]
2023-03-29 00:35:41.556 [info] > git status -z -uall [1ms]
2023-03-29 00:35:46.717 [info] > git config --get commit.template [4ms]
2023-03-29 00:35:46.717 [info] > git for-each-ref --format=%(refname)%00%(upstream:short)%00%(objectname)%00%(upstream:track)%00%(upstream:remotename)%00%(upstream:remoteref) refs/heads/master refs/remotes/master [1ms]
2023-03-29 00:35:46.722 [info] > git status -z -uall [1ms]
2023-03-29 00:35:51.733 [info] > git config --get commit.template [1ms]
2023-03-29 00:35:51.737 [info] > git for-each-ref --format=%(refname)%00%(upstream:short)%00%(objectname)%00%(upstream:track)%00%(upstream:remotename)%00%(upstream:remoteref) refs/heads/master refs/remotes/master [1ms]
2023-03-29 00:35:51.742 [info] > git status -z -uall [1ms]
2023-03-29 00:35:56.757 [info] > git config --get commit.template [4ms]
2023-03-29 00:35:56.758 [info] > git for-each-ref --format=%(refname)%00%(upstream:short)%00%(objectname)%00%(upstream:track)%00%(upstream:remotename)%00%(upstream:remoteref) refs/heads/master refs/remotes/master [1ms]
2023-03-29 00:35:56.762 [info] > git status -z -uall [1ms]
2023-03-29 00:36:01.775 [info] > git config --get commit.template [0ms]
2023-03-29 00:36:01.779 [info] > git for-each-ref --format=%(refname)%00%(upstream:short)%00%(objectname)%00%(upstream:track)%00%(upstream:remotename)%00%(upstream:remoteref) refs/heads/master refs/remotes/master [1ms]
2023-03-29 00:36:01.784 [info] > git status -z -uall [1ms]
2023-03-29 00:36:07.097 [info] > git config --get commit.template [5ms]
2023-03-29 00:36:07.097 [info] > git for-each-ref --format=%(refname)%00%(upstream:short)%00%(objectname)%00%(upstream:track)%00%(upstream:remotename)%00%(upstream:remoteref) refs/heads/master refs/remotes/master [1ms]
2023-03-29 00:36:07.102 [info] > git status -z -uall [1ms]
2023-03-29 00:36:15.010 [info] > git config --get commit.template [4ms]
2023-03-29 00:36:15.010 [info] > git for-each-ref --format=%(refname)%00%(upstream:short)%00%(objectname)%00%(upstream:track)%00%(upstream:remotename)%00%(upstream:remoteref) refs/heads/master refs/remotes/master [1ms]
2023-03-29 00:36:15.015 [info] > git status -z -uall [1ms]
2023-03-29 00:36:20.030 [info] > git config --get commit.template [4ms]
2023-03-29 00:36:20.031 [info] > git for-each-ref --format=%(refname)%00%(upstream:short)%00%(objectname)%00%(upstream:track)%00%(upstream:remotename)%00%(upstream:remoteref) refs/heads/master refs/remotes/master [1ms]
2023-03-29 00:36:20.035 [info] > git status -z -uall [1ms]
2023-03-29 00:36:25.049 [info] > git config --get commit.template [4ms]
2023-03-29 00:36:25.050 [info] > git for-each-ref --format=%(refname)%00%(upstream:short)%00%(objectname)%00%(upstream:track)%00%(upstream:remotename)%00%(upstream:remoteref) refs/heads/master refs/remotes/master [1ms]
2023-03-29 00:36:25.055 [info] > git status -z -uall [1ms]
2023-03-29 00:36:30.087 [info] > git config --get commit.template [15ms]
2023-03-29 00:36:30.089 [info] > git for-each-ref --format=%(refname)%00%(upstream:short)%00%(objectname)%00%(upstream:track)%00%(upstream:remotename)%00%(upstream:remoteref) refs/heads/master refs/remotes/master [4ms]
2023-03-29 00:36:30.107 [info] > git status -z -uall [4ms]
2023-03-29 00:36:35.127 [info] > git config --get commit.template [5ms]
2023-03-29 00:36:35.127 [info] > git for-each-ref --format=%(refname)%00%(upstream:short)%00%(objectname)%00%(upstream:track)%00%(upstream:remotename)%00%(upstream:remoteref) refs/heads/master refs/remotes/master [1ms]
2023-03-29 00:36:35.132 [info] > git status -z -uall [1ms]
2023-03-29 00:36:40.145 [info] > git config --get commit.template [4ms]
2023-03-29 00:36:40.146 [info] > git for-each-ref --format=%(refname)%00%(upstream:short)%00%(objectname)%00%(upstream:track)%00%(upstream:remotename)%00%(upstream:remoteref) refs/heads/master refs/remotes/master [1ms]
2023-03-29 00:36:40.150 [info] > git status -z -uall [1ms]
2023-03-29 00:36:50.305 [info] > git config --get commit.template [5ms]
2023-03-29 00:36:50.305 [info] > git for-each-ref --format=%(refname)%00%(upstream:short)%00%(objectname)%00%(upstream:track)%00%(upstream:remotename)%00%(upstream:remoteref) refs/heads/master refs/remotes/master [1ms]
2023-03-29 00:36:50.310 [info] > git status -z -uall [1ms]
2023-03-29 00:36:56.808 [info] > git config --get commit.template [4ms]
2023-03-29 00:36:56.808 [info] > git for-each-ref --format=%(refname)%00%(upstream:short)%00%(objectname)%00%(upstream:track)%00%(upstream:remotename)%00%(upstream:remoteref) refs/heads/master refs/remotes/master [1ms]
2023-03-29 00:36:56.813 [info] > git status -z -uall [1ms]
2023-03-29 00:37:01.824 [info] > git config --get commit.template [1ms]
2023-03-29 00:37:01.828 [info] > git for-each-ref --format=%(refname)%00%(upstream:short)%00%(objectname)%00%(upstream:track)%00%(upstream:remotename)%00%(upstream:remoteref) refs/heads/master refs/remotes/master [1ms]
2023-03-29 00:37:01.833 [info] > git status -z -uall [1ms]
2023-03-29 00:37:06.844 [info] > git config --get commit.template [1ms]
2023-03-29 00:37:06.849 [info] > git for-each-ref --format=%(refname)%00%(upstream:short)%00%(objectname)%00%(upstream:track)%00%(upstream:remotename)%00%(upstream:remoteref) refs/heads/master refs/remotes/master [1ms]
2023-03-29 00:37:06.854 [info] > git status -z -uall [2ms]
2023-03-29 00:37:11.864 [info] > git config --get commit.template [1ms]
2023-03-29 00:37:11.868 [info] > git for-each-ref --format=%(refname)%00%(upstream:short)%00%(objectname)%00%(upstream:track)%00%(upstream:remotename)%00%(upstream:remoteref) refs/heads/master refs/remotes/master [1ms]
2023-03-29 00:37:11.873 [info] > git status -z -uall [1ms]
2023-03-29 00:37:16.888 [info] > git config --get commit.template [5ms]
2023-03-29 00:37:16.889 [info] > git for-each-ref --format=%(refname)%00%(upstream:short)%00%(objectname)%00%(upstream:track)%00%(upstream:remotename)%00%(upstream:remoteref) refs/heads/master refs/remotes/master [1ms]
2023-03-29 00:37:16.893 [info] > git status -z -uall [1ms]
2023-03-29 00:37:21.907 [info] > git config --get commit.template [4ms]
2023-03-29 00:37:21.908 [info] > git for-each-ref --format=%(refname)%00%(upstream:short)%00%(objectname)%00%(upstream:track)%00%(upstream:remotename)%00%(upstream:remoteref) refs/heads/master refs/remotes/master [1ms]
2023-03-29 00:37:21.913 [info] > git status -z -uall [2ms]
2023-03-29 00:37:34.363 [info] > git config --get commit.template [1ms]
2023-03-29 00:37:34.368 [info] > git for-each-ref --format=%(refname)%00%(upstream:short)%00%(objectname)%00%(upstream:track)%00%(upstream:remotename)%00%(upstream:remoteref) refs/heads/master refs/remotes/master [1ms]
2023-03-29 00:37:34.373 [info] > git status -z -uall [1ms]
2023-03-29 00:37:39.387 [info] > git config --get commit.template [4ms]
2023-03-29 00:37:39.388 [info] > git for-each-ref --format=%(refname)%00%(upstream:short)%00%(objectname)%00%(upstream:track)%00%(upstream:remotename)%00%(upstream:remoteref) refs/heads/master refs/remotes/master [1ms]
2023-03-29 00:37:39.393 [info] > git status -z -uall [1ms]
2023-03-29 00:37:47.336 [info] > git config --get commit.template [4ms]
2023-03-29 00:37:47.337 [info] > git for-each-ref --format=%(refname)%00%(upstream:short)%00%(objectname)%00%(upstream:track)%00%(upstream:remotename)%00%(upstream:remoteref) refs/heads/master refs/remotes/master [1ms]
2023-03-29 00:37:47.342 [info] > git status -z -uall [1ms]
2023-03-29 00:37:52.356 [info] > git config --get commit.template [5ms]
2023-03-29 00:37:52.356 [info] > git for-each-ref --format=%(refname)%00%(upstream:short)%00%(objectname)%00%(upstream:track)%00%(upstream:remotename)%00%(upstream:remoteref) refs/heads/master refs/remotes/master [1ms]
2023-03-29 00:37:52.361 [info] > git status -z -uall [0ms]
2023-03-29 00:37:57.375 [info] > git config --get commit.template [5ms]
2023-03-29 00:37:57.376 [info] > git for-each-ref --format=%(refname)%00%(upstream:short)%00%(objectname)%00%(upstream:track)%00%(upstream:remotename)%00%(upstream:remoteref) refs/heads/master refs/remotes/master [1ms]
2023-03-29 00:37:57.381 [info] > git status -z -uall [1ms]
2023-03-29 00:38:02.395 [info] > git config --get commit.template [4ms]
2023-03-29 00:38:02.396 [info] > git for-each-ref --format=%(refname)%00%(upstream:short)%00%(objectname)%00%(upstream:track)%00%(upstream:remotename)%00%(upstream:remoteref) refs/heads/master refs/remotes/master [1ms]
2023-03-29 00:38:02.401 [info] > git status -z -uall [1ms]
2023-03-29 00:38:07.415 [info] > git config --get commit.template [5ms]
2023-03-29 00:38:07.416 [info] > git for-each-ref --format=%(refname)%00%(upstream:short)%00%(objectname)%00%(upstream:track)%00%(upstream:remotename)%00%(upstream:remoteref) refs/heads/master refs/remotes/master [1ms]
2023-03-29 00:38:07.421 [info] > git status -z -uall [1ms]
2023-03-29 00:38:12.436 [info] > git config --get commit.template [4ms]
2023-03-29 00:38:12.436 [info] > git for-each-ref --format=%(refname)%00%(upstream:short)%00%(objectname)%00%(upstream:track)%00%(upstream:remotename)%00%(upstream:remoteref) refs/heads/master refs/remotes/master [1ms]
2023-03-29 00:38:12.441 [info] > git status -z -uall [1ms]
2023-03-29 00:38:40.443 [info] > git config --get commit.template [4ms]
2023-03-29 00:38:40.444 [info] > git for-each-ref --format=%(refname)%00%(upstream:short)%00%(objectname)%00%(upstream:track)%00%(upstream:remotename)%00%(upstream:remoteref) refs/heads/master refs/remotes/master [1ms]
2023-03-29 00:38:40.448 [info] > git status -z -uall [1ms]
2023-03-29 00:38:47.548 [info] > git config --get commit.template [4ms]
2023-03-29 00:38:47.548 [info] > git for-each-ref --format=%(refname)%00%(upstream:short)%00%(objectname)%00%(upstream:track)%00%(upstream:remotename)%00%(upstream:remoteref) refs/heads/master refs/remotes/master [0ms]
2023-03-29 00:38:47.553 [info] > git status -z -uall [1ms]
2023-03-29 00:38:52.574 [info] > git config --get commit.template [4ms]
2023-03-29 00:38:52.575 [info] > git for-each-ref --format=%(refname)%00%(upstream:short)%00%(objectname)%00%(upstream:track)%00%(upstream:remotename)%00%(upstream:remoteref) refs/heads/master refs/remotes/master [1ms]
2023-03-29 00:38:52.581 [info] > git status -z -uall [1ms]
2023-03-29 00:38:53.198 [info] > git check-ignore -v -z --stdin [0ms]
2023-03-29 00:38:57.597 [info] > git config --get commit.template [5ms]
2023-03-29 00:38:57.598 [info] > git for-each-ref --format=%(refname)%00%(upstream:short)%00%(objectname)%00%(upstream:track)%00%(upstream:remotename)%00%(upstream:remoteref) refs/heads/master refs/remotes/master [1ms]
2023-03-29 00:38:57.603 [info] > git status -z -uall [1ms]
2023-03-29 00:39:45.410 [info] > git config --get commit.template [4ms]
2023-03-29 00:39:45.410 [info] > git for-each-ref --format=%(refname)%00%(upstream:short)%00%(objectname)%00%(upstream:track)%00%(upstream:remotename)%00%(upstream:remoteref) refs/heads/master refs/remotes/master [1ms]
2023-03-29 00:39:45.415 [info] > git status -z -uall [1ms]
2023-03-29 00:39:51.347 [info] > git config --get commit.template [6ms]
2023-03-29 00:39:51.347 [info] > git for-each-ref --format=%(refname)%00%(upstream:short)%00%(objectname)%00%(upstream:track)%00%(upstream:remotename)%00%(upstream:remoteref) refs/heads/master refs/remotes/master [1ms]
2023-03-29 00:39:51.351 [info] > git status -z -uall [1ms]
2023-03-29 00:40:11.388 [info] > git config --get commit.template [14ms]
2023-03-29 00:40:11.388 [info] > git for-each-ref --format=%(refname)%00%(upstream:short)%00%(objectname)%00%(upstream:track)%00%(upstream:remotename)%00%(upstream:remoteref) refs/heads/master refs/remotes/master [1ms]
2023-03-29 00:40:11.393 [info] > git status -z -uall [0ms]
2023-03-29 00:40:16.407 [info] > git config --get commit.template [4ms]
2023-03-29 00:40:16.407 [info] > git for-each-ref --format=%(refname)%00%(upstream:short)%00%(objectname)%00%(upstream:track)%00%(upstream:remotename)%00%(upstream:remoteref) refs/heads/master refs/remotes/master [1ms]
2023-03-29 00:40:16.412 [info] > git status -z -uall [1ms]
2023-03-29 00:40:37.659 [info] > git config --get commit.template [4ms]
2023-03-29 00:40:37.659 [info] > git for-each-ref --format=%(refname)%00%(upstream:short)%00%(objectname)%00%(upstream:track)%00%(upstream:remotename)%00%(upstream:remoteref) refs/heads/master refs/remotes/master [1ms]
2023-03-29 00:40:37.665 [info] > git status -z -uall [2ms]
2023-03-29 00:40:38.807 [info] > git check-ignore -v -z --stdin [1ms]
2023-03-29 00:41:14.889 [info] > git config --get commit.template [4ms]
2023-03-29 00:41:14.889 [info] > git for-each-ref --format=%(refname)%00%(upstream:short)%00%(objectname)%00%(upstream:track)%00%(upstream:remotename)%00%(upstream:remoteref) refs/heads/master refs/remotes/master [1ms]
2023-03-29 00:41:14.894 [info] > git status -z -uall [1ms]
2023-03-29 00:41:19.910 [info] > git config --get commit.template [4ms]
2023-03-29 00:41:19.911 [info] > git for-each-ref --format=%(refname)%00%(upstream:short)%00%(objectname)%00%(upstream:track)%00%(upstream:remotename)%00%(upstream:remoteref) refs/heads/master refs/remotes/master [0ms]
2023-03-29 00:41:19.916 [info] > git status -z -uall [2ms]
2023-03-29 00:41:32.679 [info] > git config --get commit.template [4ms]
2023-03-29 00:41:32.680 [info] > git for-each-ref --format=%(refname)%00%(upstream:short)%00%(objectname)%00%(upstream:track)%00%(upstream:remotename)%00%(upstream:remoteref) refs/heads/master refs/remotes/master [1ms]
2023-03-29 00:41:32.684 [info] > git status -z -uall [1ms]
2023-03-29 00:41:37.698 [info] > git config --get commit.template [4ms]
2023-03-29 00:41:37.699 [info] > git for-each-ref --format=%(refname)%00%(upstream:short)%00%(objectname)%00%(upstream:track)%00%(upstream:remotename)%00%(upstream:remoteref) refs/heads/master refs/remotes/master [1ms]
2023-03-29 00:41:37.704 [info] > git status -z -uall [1ms]
2023-03-29 00:41:43.846 [info] > git config --get commit.template [4ms]
2023-03-29 00:41:43.847 [info] > git for-each-ref --format=%(refname)%00%(upstream:short)%00%(objectname)%00%(upstream:track)%00%(upstream:remotename)%00%(upstream:remoteref) refs/heads/master refs/remotes/master [1ms]
2023-03-29 00:41:43.852 [info] > git status -z -uall [1ms]
2023-03-29 00:41:48.867 [info] > git config --get commit.template [4ms]
2023-03-29 00:41:48.867 [info] > git for-each-ref --format=%(refname)%00%(upstream:short)%00%(objectname)%00%(upstream:track)%00%(upstream:remotename)%00%(upstream:remoteref) refs/heads/master refs/remotes/master [1ms]
2023-03-29 00:41:48.872 [info] > git status -z -uall [1ms]
2023-03-29 00:42:01.438 [info] > git config --get commit.template [4ms]
2023-03-29 00:42:01.439 [info] > git for-each-ref --format=%(refname)%00%(upstream:short)%00%(objectname)%00%(upstream:track)%00%(upstream:remotename)%00%(upstream:remoteref) refs/heads/master refs/remotes/master [1ms]
2023-03-29 00:42:01.444 [info] > git status -z -uall [1ms]
2023-03-29 00:42:10.683 [info] > git config --get commit.template [4ms]
2023-03-29 00:42:10.684 [info] > git for-each-ref --format=%(refname)%00%(upstream:short)%00%(objectname)%00%(upstream:track)%00%(upstream:remotename)%00%(upstream:remoteref) refs/heads/master refs/remotes/master [1ms]
2023-03-29 00:42:10.688 [info] > git status -z -uall [1ms]
2023-03-29 00:42:17.276 [info] > git config --get commit.template [5ms]
2023-03-29 00:42:17.277 [info] > git for-each-ref --format=%(refname)%00%(upstream:short)%00%(objectname)%00%(upstream:track)%00%(upstream:remotename)%00%(upstream:remoteref) refs/heads/master refs/remotes/master [1ms]
2023-03-29 00:42:17.282 [info] > git status -z -uall [1ms]
2023-03-29 00:42:27.921 [info] > git config --get commit.template [4ms]
2023-03-29 00:42:27.921 [info] > git for-each-ref --format=%(refname)%00%(upstream:short)%00%(objectname)%00%(upstream:track)%00%(upstream:remotename)%00%(upstream:remoteref) refs/heads/master refs/remotes/master [1ms]
2023-03-29 00:42:27.926 [info] > git status -z -uall [1ms]
2023-03-29 00:42:28.052 [info] > git ls-files --stage -- /home/c2023_1/c1913076/PA1/tokenizer.l [1ms]
2023-03-29 00:42:28.055 [info] > git ls-files --stage -- /home/c2023_1/c1913076/PA1/hello.c [9ms]
2023-03-29 00:42:28.059 [info] > git cat-file -s 564190b69bda62e6d28c21b66c6aed8d4101662c [4ms]
2023-03-29 00:42:28.060 [info] > git cat-file -s 6bba4bbb81cf3cd9ca52494ce2b5d8ab39a505fe [1ms]
2023-03-29 00:42:28.094 [info] > git show --textconv :tokenizer.l [4ms]
2023-03-29 00:42:28.094 [info] > git show --textconv :hello.c [1ms]
2023-03-29 00:42:50.980 [info] > git config --get commit.template [5ms]
2023-03-29 00:42:50.980 [info] > git for-each-ref --format=%(refname)%00%(upstream:short)%00%(objectname)%00%(upstream:track)%00%(upstream:remotename)%00%(upstream:remoteref) refs/heads/master refs/remotes/master [1ms]
2023-03-29 00:42:50.986 [info] > git status -z -uall [1ms]
2023-03-29 00:42:51.105 [info] > git ls-files --stage -- /home/c2023_1/c1913076/PA1/hello.c [5ms]
2023-03-29 00:42:51.109 [info] > git ls-files --stage -- /home/c2023_1/c1913076/PA1/tokenizer.l [5ms]
2023-03-29 00:42:51.113 [info] > git cat-file -s 6bba4bbb81cf3cd9ca52494ce2b5d8ab39a505fe [4ms]
2023-03-29 00:42:51.114 [info] > git cat-file -s 564190b69bda62e6d28c21b66c6aed8d4101662c [1ms]
2023-03-29 00:42:51.162 [info] > git show --textconv :hello.c [9ms]
2023-03-29 00:42:51.163 [info] > git show --textconv :tokenizer.l [3ms]
2023-03-29 00:42:57.989 [info] > git config --get commit.template [5ms]
2023-03-29 00:42:57.989 [info] > git for-each-ref --format=%(refname)%00%(upstream:short)%00%(objectname)%00%(upstream:track)%00%(upstream:remotename)%00%(upstream:remoteref) refs/heads/master refs/remotes/master [1ms]
2023-03-29 00:42:57.994 [info] > git status -z -uall [1ms]
2023-03-29 00:43:00.005 [info] > git ls-files --stage -- /home/c2023_1/c1913076/PA1/hello.c [4ms]
2023-03-29 00:43:00.010 [info] > git ls-files --stage -- /home/c2023_1/c1913076/PA1/tokenizer.l [5ms]
2023-03-29 00:43:00.014 [info] > git cat-file -s 6bba4bbb81cf3cd9ca52494ce2b5d8ab39a505fe [5ms]
2023-03-29 00:43:00.015 [info] > git cat-file -s 564190b69bda62e6d28c21b66c6aed8d4101662c [1ms]
2023-03-29 00:43:00.046 [info] > git show --textconv :hello.c [7ms]
2023-03-29 00:43:00.046 [info] > git show --textconv :tokenizer.l [1ms]
2023-03-29 00:43:01.952 [info] > git ls-files --stage -- /home/c2023_1/c1913076/PA1/hello.c [4ms]
2023-03-29 00:43:01.957 [info] > git ls-files --stage -- /home/c2023_1/c1913076/PA1/tokenizer.l [4ms]
2023-03-29 00:43:01.961 [info] > git cat-file -s 6bba4bbb81cf3cd9ca52494ce2b5d8ab39a505fe [5ms]
2023-03-29 00:43:01.962 [info] > git cat-file -s 564190b69bda62e6d28c21b66c6aed8d4101662c [2ms]
2023-03-29 00:43:01.996 [info] > git show --textconv :hello.c [5ms]
2023-03-29 00:43:01.996 [info] > git show --textconv :tokenizer.l [1ms]
2023-03-29 00:43:03.011 [info] > git config --get commit.template [5ms]
2023-03-29 00:43:03.011 [info] > git for-each-ref --format=%(refname)%00%(upstream:short)%00%(objectname)%00%(upstream:track)%00%(upstream:remotename)%00%(upstream:remoteref) refs/heads/master refs/remotes/master [1ms]
2023-03-29 00:43:03.016 [info] > git status -z -uall [1ms]
2023-03-29 00:43:10.743 [info] > git config --get commit.template [5ms]
2023-03-29 00:43:10.744 [info] > git for-each-ref --format=%(refname)%00%(upstream:short)%00%(objectname)%00%(upstream:track)%00%(upstream:remotename)%00%(upstream:remoteref) refs/heads/master refs/remotes/master [1ms]
2023-03-29 00:43:10.749 [info] > git status -z -uall [1ms]
2023-03-29 00:43:10.872 [info] > git ls-files --stage -- /home/c2023_1/c1913076/PA1/hello.c [4ms]
2023-03-29 00:43:10.877 [info] > git ls-files --stage -- /home/c2023_1/c1913076/PA1/tokenizer.l [6ms]
2023-03-29 00:43:10.882 [info] > git cat-file -s 6bba4bbb81cf3cd9ca52494ce2b5d8ab39a505fe [5ms]
2023-03-29 00:43:10.882 [info] > git cat-file -s 564190b69bda62e6d28c21b66c6aed8d4101662c [1ms]
2023-03-29 00:43:10.912 [info] > git show --textconv :hello.c [6ms]
2023-03-29 00:43:10.913 [info] > git show --textconv :tokenizer.l [1ms]
2023-03-29 00:45:28.938 [info] > git config --get commit.template [4ms]
2023-03-29 00:45:28.939 [info] > git for-each-ref --format=%(refname)%00%(upstream:short)%00%(objectname)%00%(upstream:track)%00%(upstream:remotename)%00%(upstream:remoteref) refs/heads/master refs/remotes/master [0ms]
2023-03-29 00:45:28.943 [info] > git status -z -uall [1ms]
2023-03-29 00:45:39.927 [info] > git config --get commit.template [4ms]
2023-03-29 00:45:39.928 [info] > git for-each-ref --format=%(refname)%00%(upstream:short)%00%(objectname)%00%(upstream:track)%00%(upstream:remotename)%00%(upstream:remoteref) refs/heads/master refs/remotes/master [1ms]
2023-03-29 00:45:39.933 [info] > git status -z -uall [1ms]
2023-03-29 00:47:02.032 [info] > git config --get commit.template [5ms]
2023-03-29 00:47:02.032 [info] > git for-each-ref --format=%(refname)%00%(upstream:short)%00%(objectname)%00%(upstream:track)%00%(upstream:remotename)%00%(upstream:remoteref) refs/heads/master refs/remotes/master [1ms]
2023-03-29 00:47:02.038 [info] > git status -z -uall [1ms]
2023-03-29 00:47:07.049 [info] > git config --get commit.template [0ms]
2023-03-29 00:47:07.054 [info] > git for-each-ref --format=%(refname)%00%(upstream:short)%00%(objectname)%00%(upstream:track)%00%(upstream:remotename)%00%(upstream:remoteref) refs/heads/master refs/remotes/master [1ms]
2023-03-29 00:47:07.059 [info] > git status -z -uall [1ms]
2023-03-29 00:47:18.233 [info] > git config --get commit.template [4ms]
2023-03-29 00:47:18.233 [info] > git for-each-ref --format=%(refname)%00%(upstream:short)%00%(objectname)%00%(upstream:track)%00%(upstream:remotename)%00%(upstream:remoteref) refs/heads/master refs/remotes/master [1ms]
2023-03-29 00:47:18.239 [info] > git status -z -uall [1ms]
2023-03-29 00:47:23.260 [info] > git config --get commit.template [5ms]
2023-03-29 00:47:23.261 [info] > git for-each-ref --format=%(refname)%00%(upstream:short)%00%(objectname)%00%(upstream:track)%00%(upstream:remotename)%00%(upstream:remoteref) refs/heads/master refs/remotes/master [1ms]
2023-03-29 00:47:23.266 [info] > git status -z -uall [1ms]
2023-03-29 00:47:29.788 [info] > git config --get commit.template [4ms]
2023-03-29 00:47:29.788 [info] > git for-each-ref --format=%(refname)%00%(upstream:short)%00%(objectname)%00%(upstream:track)%00%(upstream:remotename)%00%(upstream:remoteref) refs/heads/master refs/remotes/master [1ms]
2023-03-29 00:47:29.800 [info] > git status -z -uall [8ms]
2023-03-29 00:47:34.810 [info] > git config --get commit.template [1ms]
2023-03-29 00:47:34.815 [info] > git for-each-ref --format=%(refname)%00%(upstream:short)%00%(objectname)%00%(upstream:track)%00%(upstream:remotename)%00%(upstream:remoteref) refs/heads/master refs/remotes/master [1ms]
2023-03-29 00:47:34.821 [info] > git status -z -uall [2ms]
2023-03-29 00:47:53.823 [info] > git config --get commit.template [5ms]
2023-03-29 00:47:53.823 [info] > git for-each-ref --format=%(refname)%00%(upstream:short)%00%(objectname)%00%(upstream:track)%00%(upstream:remotename)%00%(upstream:remoteref) refs/heads/master refs/remotes/master [1ms]
2023-03-29 00:47:53.829 [info] > git status -z -uall [1ms]
2023-03-29 00:48:05.131 [info] > git config --get commit.template [6ms]
2023-03-29 00:48:05.131 [info] > git for-each-ref --format=%(refname)%00%(upstream:short)%00%(objectname)%00%(upstream:track)%00%(upstream:remotename)%00%(upstream:remoteref) refs/heads/master refs/remotes/master [1ms]
2023-03-29 00:48:05.140 [info] > git status -z -uall [3ms]
2023-03-29 00:48:31.059 [info] > git config --get commit.template [4ms]
2023-03-29 00:48:31.059 [info] > git for-each-ref --format=%(refname)%00%(upstream:short)%00%(objectname)%00%(upstream:track)%00%(upstream:remotename)%00%(upstream:remoteref) refs/heads/master refs/remotes/master [1ms]
2023-03-29 00:48:31.064 [info] > git status -z -uall [1ms]
2023-03-29 00:48:36.830 [info] > git config --get commit.template [4ms]
2023-03-29 00:48:36.830 [info] > git for-each-ref --format=%(refname)%00%(upstream:short)%00%(objectname)%00%(upstream:track)%00%(upstream:remotename)%00%(upstream:remoteref) refs/heads/master refs/remotes/master [1ms]
2023-03-29 00:48:36.835 [info] > git status -z -uall [1ms]
2023-03-29 00:48:43.091 [info] > git config --get commit.template [5ms]
2023-03-29 00:48:43.091 [info] > git for-each-ref --format=%(refname)%00%(upstream:short)%00%(objectname)%00%(upstream:track)%00%(upstream:remotename)%00%(upstream:remoteref) refs/heads/master refs/remotes/master [1ms]
2023-03-29 00:48:43.097 [info] > git status -z -uall [1ms]
2023-03-29 00:48:48.996 [info] > git config --get commit.template [5ms]
2023-03-29 00:48:48.996 [info] > git for-each-ref --format=%(refname)%00%(upstream:short)%00%(objectname)%00%(upstream:track)%00%(upstream:remotename)%00%(upstream:remoteref) refs/heads/master refs/remotes/master [1ms]
2023-03-29 00:48:49.001 [info] > git status -z -uall [1ms]
2023-03-29 00:48:54.017 [info] > git for-each-ref --format=%(refname)%00%(upstream:short)%00%(objectname)%00%(upstream:track)%00%(upstream:remotename)%00%(upstream:remoteref) refs/heads/master refs/remotes/master [1ms]
2023-03-29 00:48:54.017 [info] > git config --get commit.template [6ms]
2023-03-29 00:48:54.022 [info] > git status -z -uall [1ms]
2023-03-29 00:49:31.828 [info] > git config --get commit.template [4ms]
2023-03-29 00:49:31.829 [info] > git for-each-ref --format=%(refname)%00%(upstream:short)%00%(objectname)%00%(upstream:track)%00%(upstream:remotename)%00%(upstream:remoteref) refs/heads/master refs/remotes/master [1ms]
2023-03-29 00:49:31.834 [info] > git status -z -uall [1ms]
2023-03-29 00:49:36.849 [info] > git config --get commit.template [4ms]
2023-03-29 00:49:36.849 [info] > git for-each-ref --format=%(refname)%00%(upstream:short)%00%(objectname)%00%(upstream:track)%00%(upstream:remotename)%00%(upstream:remoteref) refs/heads/master refs/remotes/master [1ms]
2023-03-29 00:49:36.855 [info] > git status -z -uall [1ms]
2023-03-29 00:49:57.840 [info] > git config --get commit.template [4ms]
2023-03-29 00:49:57.841 [info] > git for-each-ref --format=%(refname)%00%(upstream:short)%00%(objectname)%00%(upstream:track)%00%(upstream:remotename)%00%(upstream:remoteref) refs/heads/master refs/remotes/master [1ms]
2023-03-29 00:49:57.846 [info] > git status -z -uall [1ms]
2023-03-29 00:50:51.558 [info] > git config --get commit.template [5ms]
2023-03-29 00:50:51.558 [info] > git for-each-ref --format=%(refname)%00%(upstream:short)%00%(objectname)%00%(upstream:track)%00%(upstream:remotename)%00%(upstream:remoteref) refs/heads/master refs/remotes/master [1ms]
2023-03-29 00:50:51.563 [info] > git status -z -uall [1ms]
2023-03-29 00:51:16.100 [info] > git config --get commit.template [5ms]
2023-03-29 00:51:16.100 [info] > git for-each-ref --format=%(refname)%00%(upstream:short)%00%(objectname)%00%(upstream:track)%00%(upstream:remotename)%00%(upstream:remoteref) refs/heads/master refs/remotes/master [0ms]
2023-03-29 00:51:16.106 [info] > git status -z -uall [1ms]
2023-03-29 00:51:29.130 [info] > git config --get commit.template [6ms]
2023-03-29 00:51:29.130 [info] > git for-each-ref --format=%(refname)%00%(upstream:short)%00%(objectname)%00%(upstream:track)%00%(upstream:remotename)%00%(upstream:remoteref) refs/heads/master refs/remotes/master [1ms]
2023-03-29 00:51:29.136 [info] > git status -z -uall [2ms]
2023-03-29 00:51:42.832 [info] > git config --get commit.template [1ms]
2023-03-29 00:51:42.837 [info] > git for-each-ref --format=%(refname)%00%(upstream:short)%00%(objectname)%00%(upstream:track)%00%(upstream:remotename)%00%(upstream:remoteref) refs/heads/master refs/remotes/master [1ms]
2023-03-29 00:51:42.842 [info] > git status -z -uall [1ms]
2023-03-29 00:51:47.857 [info] > git config --get commit.template [5ms]
2023-03-29 00:51:47.857 [info] > git for-each-ref --format=%(refname)%00%(upstream:short)%00%(objectname)%00%(upstream:track)%00%(upstream:remotename)%00%(upstream:remoteref) refs/heads/master refs/remotes/master [1ms]
2023-03-29 00:51:47.863 [info] > git status -z -uall [2ms]
2023-03-29 00:52:32.643 [info] > git config --get commit.template [5ms]
2023-03-29 00:52:32.643 [info] > git for-each-ref --format=%(refname)%00%(upstream:short)%00%(objectname)%00%(upstream:track)%00%(upstream:remotename)%00%(upstream:remoteref) refs/heads/master refs/remotes/master [1ms]
2023-03-29 00:52:32.649 [info] > git status -z -uall [2ms]
2023-03-29 00:52:37.660 [info] > git config --get commit.template [4ms]
2023-03-29 00:52:37.661 [info] > git for-each-ref --format=%(refname)%00%(upstream:short)%00%(objectname)%00%(upstream:track)%00%(upstream:remotename)%00%(upstream:remoteref) refs/heads/master refs/remotes/master [1ms]
2023-03-29 00:52:37.666 [info] > git status -z -uall [1ms]
2023-03-29 00:52:49.186 [info] > git config --get commit.template [5ms]
2023-03-29 00:52:49.186 [info] > git for-each-ref --format=%(refname)%00%(upstream:short)%00%(objectname)%00%(upstream:track)%00%(upstream:remotename)%00%(upstream:remoteref) refs/heads/master refs/remotes/master [1ms]
2023-03-29 00:52:49.191 [info] > git status -z -uall [1ms]
2023-03-29 00:53:17.377 [info] > git config --get commit.template [5ms]
2023-03-29 00:53:17.377 [info] > git for-each-ref --format=%(refname)%00%(upstream:short)%00%(objectname)%00%(upstream:track)%00%(upstream:remotename)%00%(upstream:remoteref) refs/heads/master refs/remotes/master [1ms]
2023-03-29 00:53:17.382 [info] > git status -z -uall [1ms]
2023-03-29 00:53:22.397 [info] > git config --get commit.template [4ms]
2023-03-29 00:53:22.398 [info] > git for-each-ref --format=%(refname)%00%(upstream:short)%00%(objectname)%00%(upstream:track)%00%(upstream:remotename)%00%(upstream:remoteref) refs/heads/master refs/remotes/master [1ms]
2023-03-29 00:53:22.403 [info] > git status -z -uall [1ms]
2023-03-29 00:53:27.419 [info] > git config --get commit.template [5ms]
2023-03-29 00:53:27.419 [info] > git for-each-ref --format=%(refname)%00%(upstream:short)%00%(objectname)%00%(upstream:track)%00%(upstream:remotename)%00%(upstream:remoteref) refs/heads/master refs/remotes/master [1ms]
2023-03-29 00:53:27.424 [info] > git status -z -uall [1ms]
2023-03-29 00:53:32.439 [info] > git config --get commit.template [5ms]
2023-03-29 00:53:32.440 [info] > git for-each-ref --format=%(refname)%00%(upstream:short)%00%(objectname)%00%(upstream:track)%00%(upstream:remotename)%00%(upstream:remoteref) refs/heads/master refs/remotes/master [2ms]
2023-03-29 00:53:32.445 [info] > git status -z -uall [1ms]
2023-03-29 00:53:37.457 [info] > git config --get commit.template [1ms]
2023-03-29 00:53:37.463 [info] > git for-each-ref --format=%(refname)%00%(upstream:short)%00%(objectname)%00%(upstream:track)%00%(upstream:remotename)%00%(upstream:remoteref) refs/heads/master refs/remotes/master [1ms]
2023-03-29 00:53:37.468 [info] > git status -z -uall [1ms]
2023-03-29 00:53:42.483 [info] > git config --get commit.template [5ms]
2023-03-29 00:53:42.483 [info] > git for-each-ref --format=%(refname)%00%(upstream:short)%00%(objectname)%00%(upstream:track)%00%(upstream:remotename)%00%(upstream:remoteref) refs/heads/master refs/remotes/master [1ms]
2023-03-29 00:53:42.488 [info] > git status -z -uall [1ms]
2023-03-29 00:53:47.503 [info] > git config --get commit.template [5ms]
2023-03-29 00:53:47.503 [info] > git for-each-ref --format=%(refname)%00%(upstream:short)%00%(objectname)%00%(upstream:track)%00%(upstream:remotename)%00%(upstream:remoteref) refs/heads/master refs/remotes/master [1ms]
2023-03-29 00:53:47.508 [info] > git status -z -uall [1ms]
2023-03-29 00:53:52.524 [info] > git config --get commit.template [5ms]
2023-03-29 00:53:52.525 [info] > git for-each-ref --format=%(refname)%00%(upstream:short)%00%(objectname)%00%(upstream:track)%00%(upstream:remotename)%00%(upstream:remoteref) refs/heads/master refs/remotes/master [1ms]
2023-03-29 00:53:52.530 [info] > git status -z -uall [1ms]
2023-03-29 00:53:57.542 [info] > git config --get commit.template [1ms]
2023-03-29 00:53:57.547 [info] > git for-each-ref --format=%(refname)%00%(upstream:short)%00%(objectname)%00%(upstream:track)%00%(upstream:remotename)%00%(upstream:remoteref) refs/heads/master refs/remotes/master [1ms]
2023-03-29 00:53:57.552 [info] > git status -z -uall [1ms]
2023-03-29 00:54:03.348 [info] > git config --get commit.template [8ms]
2023-03-29 00:54:03.353 [info] > git for-each-ref --format=%(refname)%00%(upstream:short)%00%(objectname)%00%(upstream:track)%00%(upstream:remotename)%00%(upstream:remoteref) refs/heads/master refs/remotes/master [1ms]
2023-03-29 00:54:03.359 [info] > git status -z -uall [1ms]
2023-03-29 00:54:13.800 [info] > git config --get commit.template [5ms]
2023-03-29 00:54:13.800 [info] > git for-each-ref --format=%(refname)%00%(upstream:short)%00%(objectname)%00%(upstream:track)%00%(upstream:remotename)%00%(upstream:remoteref) refs/heads/master refs/remotes/master [1ms]
2023-03-29 00:54:13.806 [info] > git status -z -uall [2ms]
2023-03-29 00:54:19.332 [info] > git for-each-ref --format=%(refname)%00%(upstream:short)%00%(objectname)%00%(upstream:track)%00%(upstream:remotename)%00%(upstream:remoteref) refs/heads/master refs/remotes/master [2ms]
2023-03-29 00:54:19.332 [info] > git config --get commit.template [6ms]
2023-03-29 00:54:19.337 [info] > git status -z -uall [1ms]
2023-03-29 00:54:27.105 [info] > git config --get commit.template [5ms]
2023-03-29 00:54:27.105 [info] > git for-each-ref --format=%(refname)%00%(upstream:short)%00%(objectname)%00%(upstream:track)%00%(upstream:remotename)%00%(upstream:remoteref) refs/heads/master refs/remotes/master [1ms]
2023-03-29 00:54:27.110 [info] > git status -z -uall [1ms]
2023-03-29 00:54:47.072 [info] > git config --get commit.template [4ms]
2023-03-29 00:54:47.073 [info] > git for-each-ref --format=%(refname)%00%(upstream:short)%00%(objectname)%00%(upstream:track)%00%(upstream:remotename)%00%(upstream:remoteref) refs/heads/master refs/remotes/master [1ms]
2023-03-29 00:54:47.078 [info] > git status -z -uall [1ms]
2023-03-29 00:54:52.098 [info] > git config --get commit.template [10ms]
2023-03-29 00:54:52.098 [info] > git for-each-ref --format=%(refname)%00%(upstream:short)%00%(objectname)%00%(upstream:track)%00%(upstream:remotename)%00%(upstream:remoteref) refs/heads/master refs/remotes/master [2ms]
2023-03-29 00:54:52.103 [info] > git status -z -uall [1ms]
2023-03-29 00:54:57.118 [info] > git config --get commit.template [4ms]
2023-03-29 00:54:57.119 [info] > git for-each-ref --format=%(refname)%00%(upstream:short)%00%(objectname)%00%(upstream:track)%00%(upstream:remotename)%00%(upstream:remoteref) refs/heads/master refs/remotes/master [1ms]
2023-03-29 00:54:57.124 [info] > git status -z -uall [1ms]
2023-03-29 00:55:02.140 [info] > git config --get commit.template [5ms]
2023-03-29 00:55:02.140 [info] > git for-each-ref --format=%(refname)%00%(upstream:short)%00%(objectname)%00%(upstream:track)%00%(upstream:remotename)%00%(upstream:remoteref) refs/heads/master refs/remotes/master [1ms]
2023-03-29 00:55:02.146 [info] > git status -z -uall [1ms]
2023-03-29 00:55:07.161 [info] > git config --get commit.template [5ms]
2023-03-29 00:55:07.161 [info] > git for-each-ref --format=%(refname)%00%(upstream:short)%00%(objectname)%00%(upstream:track)%00%(upstream:remotename)%00%(upstream:remoteref) refs/heads/master refs/remotes/master [1ms]
2023-03-29 00:55:07.167 [info] > git status -z -uall [1ms]
2023-03-29 00:55:12.998 [info] > git config --get commit.template [5ms]
2023-03-29 00:55:12.998 [info] > git for-each-ref --format=%(refname)%00%(upstream:short)%00%(objectname)%00%(upstream:track)%00%(upstream:remotename)%00%(upstream:remoteref) refs/heads/master refs/remotes/master [1ms]
2023-03-29 00:55:13.003 [info] > git status -z -uall [1ms]
2023-03-29 00:55:18.019 [info] > git config --get commit.template [4ms]
2023-03-29 00:55:18.019 [info] > git for-each-ref --format=%(refname)%00%(upstream:short)%00%(objectname)%00%(upstream:track)%00%(upstream:remotename)%00%(upstream:remoteref) refs/heads/master refs/remotes/master [1ms]
2023-03-29 00:55:18.025 [info] > git status -z -uall [1ms]
2023-03-29 00:55:41.622 [info] > git config --get commit.template [1ms]
2023-03-29 00:55:41.628 [info] > git for-each-ref --format=%(refname)%00%(upstream:short)%00%(objectname)%00%(upstream:track)%00%(upstream:remotename)%00%(upstream:remoteref) refs/heads/master refs/remotes/master [1ms]
2023-03-29 00:55:41.633 [info] > git status -z -uall [1ms]
2023-03-29 00:56:09.158 [info] > git config --get commit.template [5ms]
2023-03-29 00:56:09.158 [info] > git for-each-ref --format=%(refname)%00%(upstream:short)%00%(objectname)%00%(upstream:track)%00%(upstream:remotename)%00%(upstream:remoteref) refs/heads/master refs/remotes/master [1ms]
2023-03-29 00:56:09.164 [info] > git status -z -uall [1ms]
2023-03-29 00:56:15.022 [info] > git config --get commit.template [1ms]
2023-03-29 00:56:15.027 [info] > git for-each-ref --format=%(refname)%00%(upstream:short)%00%(objectname)%00%(upstream:track)%00%(upstream:remotename)%00%(upstream:remoteref) refs/heads/master refs/remotes/master [1ms]
2023-03-29 00:56:15.033 [info] > git status -z -uall [2ms]
2023-03-29 00:57:18.717 [info] > git config --get commit.template [1ms]
2023-03-29 00:57:18.722 [info] > git for-each-ref --format=%(refname)%00%(upstream:short)%00%(objectname)%00%(upstream:track)%00%(upstream:remotename)%00%(upstream:remoteref) refs/heads/master refs/remotes/master [1ms]
2023-03-29 00:57:18.727 [info] > git status -z -uall [1ms]
2023-03-29 00:57:23.742 [info] > git config --get commit.template [5ms]
2023-03-29 00:57:23.743 [info] > git for-each-ref --format=%(refname)%00%(upstream:short)%00%(objectname)%00%(upstream:track)%00%(upstream:remotename)%00%(upstream:remoteref) refs/heads/master refs/remotes/master [1ms]
2023-03-29 00:57:23.748 [info] > git status -z -uall [1ms]
2023-03-29 00:57:28.764 [info] > git config --get commit.template [4ms]
2023-03-29 00:57:28.765 [info] > git for-each-ref --format=%(refname)%00%(upstream:short)%00%(objectname)%00%(upstream:track)%00%(upstream:remotename)%00%(upstream:remoteref) refs/heads/master refs/remotes/master [1ms]
2023-03-29 00:57:28.770 [info] > git status -z -uall [1ms]
2023-03-29 00:57:33.784 [info] > git config --get commit.template [4ms]
2023-03-29 00:57:33.785 [info] > git for-each-ref --format=%(refname)%00%(upstream:short)%00%(objectname)%00%(upstream:track)%00%(upstream:remotename)%00%(upstream:remoteref) refs/heads/master refs/remotes/master [1ms]
2023-03-29 00:57:33.790 [info] > git status -z -uall [1ms]
2023-03-29 00:57:38.807 [info] > git config --get commit.template [5ms]
2023-03-29 00:57:38.807 [info] > git for-each-ref --format=%(refname)%00%(upstream:short)%00%(objectname)%00%(upstream:track)%00%(upstream:remotename)%00%(upstream:remoteref) refs/heads/master refs/remotes/master [1ms]
2023-03-29 00:57:38.814 [info] > git status -z -uall [1ms]
2023-03-29 00:57:43.835 [info] > git config --get commit.template [5ms]
2023-03-29 00:57:43.836 [info] > git for-each-ref --format=%(refname)%00%(upstream:short)%00%(objectname)%00%(upstream:track)%00%(upstream:remotename)%00%(upstream:remoteref) refs/heads/master refs/remotes/master [0ms]
2023-03-29 00:57:43.842 [info] > git status -z -uall [2ms]
2023-03-29 00:57:57.743 [info] > git config --get commit.template [5ms]
2023-03-29 00:57:57.744 [info] > git for-each-ref --format=%(refname)%00%(upstream:short)%00%(objectname)%00%(upstream:track)%00%(upstream:remotename)%00%(upstream:remoteref) refs/heads/master refs/remotes/master [1ms]
2023-03-29 00:57:57.750 [info] > git status -z -uall [1ms]
2023-03-29 00:58:02.765 [info] > git config --get commit.template [5ms]
2023-03-29 00:58:02.765 [info] > git for-each-ref --format=%(refname)%00%(upstream:short)%00%(objectname)%00%(upstream:track)%00%(upstream:remotename)%00%(upstream:remoteref) refs/heads/master refs/remotes/master [0ms]
2023-03-29 00:58:02.771 [info] > git status -z -uall [1ms]
2023-03-29 01:00:44.085 [info] > git config --get commit.template [5ms]
2023-03-29 01:00:44.085 [info] > git for-each-ref --format=%(refname)%00%(upstream:short)%00%(objectname)%00%(upstream:track)%00%(upstream:remotename)%00%(upstream:remoteref) refs/heads/master refs/remotes/master [0ms]
2023-03-29 01:00:44.091 [info] > git status -z -uall [1ms]
2023-03-29 01:00:58.794 [info] > git config --get commit.template [5ms]
2023-03-29 01:00:58.794 [info] > git for-each-ref --format=%(refname)%00%(upstream:short)%00%(objectname)%00%(upstream:track)%00%(upstream:remotename)%00%(upstream:remoteref) refs/heads/master refs/remotes/master [1ms]
2023-03-29 01:00:58.800 [info] > git status -z -uall [2ms]
2023-03-29 01:01:23.229 [info] > git config --get commit.template [5ms]
2023-03-29 01:01:23.230 [info] > git for-each-ref --format=%(refname)%00%(upstream:short)%00%(objectname)%00%(upstream:track)%00%(upstream:remotename)%00%(upstream:remoteref) refs/heads/master refs/remotes/master [1ms]
2023-03-29 01:01:23.236 [info] > git status -z -uall [1ms]
2023-03-29 01:01:34.882 [info] > git config --get commit.template [5ms]
2023-03-29 01:01:34.882 [info] > git for-each-ref --format=%(refname)%00%(upstream:short)%00%(objectname)%00%(upstream:track)%00%(upstream:remotename)%00%(upstream:remoteref) refs/heads/master refs/remotes/master [0ms]
2023-03-29 01:01:34.887 [info] > git status -z -uall [1ms]
2023-03-29 01:02:01.351 [info] > git config --get commit.template [5ms]
2023-03-29 01:02:01.351 [info] > git for-each-ref --format=%(refname)%00%(upstream:short)%00%(objectname)%00%(upstream:track)%00%(upstream:remotename)%00%(upstream:remoteref) refs/heads/master refs/remotes/master [1ms]
2023-03-29 01:02:01.357 [info] > git status -z -uall [1ms]
2023-03-29 01:02:06.373 [info] > git config --get commit.template [5ms]
2023-03-29 01:02:06.373 [info] > git for-each-ref --format=%(refname)%00%(upstream:short)%00%(objectname)%00%(upstream:track)%00%(upstream:remotename)%00%(upstream:remoteref) refs/heads/master refs/remotes/master [0ms]
2023-03-29 01:02:06.379 [info] > git status -z -uall [1ms]
2023-03-29 01:02:11.393 [info] > git for-each-ref --format=%(refname)%00%(upstream:short)%00%(objectname)%00%(upstream:track)%00%(upstream:remotename)%00%(upstream:remoteref) refs/heads/master refs/remotes/master [1ms]
2023-03-29 01:02:11.393 [info] > git config --get commit.template [5ms]
2023-03-29 01:02:11.399 [info] > git status -z -uall [2ms]
2023-03-29 01:02:16.416 [info] > git config --get commit.template [6ms]
2023-03-29 01:02:16.416 [info] > git for-each-ref --format=%(refname)%00%(upstream:short)%00%(objectname)%00%(upstream:track)%00%(upstream:remotename)%00%(upstream:remoteref) refs/heads/master refs/remotes/master [1ms]
2023-03-29 01:02:16.421 [info] > git status -z -uall [1ms]
2023-03-29 01:02:30.333 [info] > git config --get commit.template [5ms]
2023-03-29 01:02:30.333 [info] > git for-each-ref --format=%(refname)%00%(upstream:short)%00%(objectname)%00%(upstream:track)%00%(upstream:remotename)%00%(upstream:remoteref) refs/heads/master refs/remotes/master [1ms]
2023-03-29 01:02:30.338 [info] > git status -z -uall [1ms]
2023-03-29 01:02:48.124 [info] > git config --get commit.template [5ms]
2023-03-29 01:02:48.124 [info] > git for-each-ref --format=%(refname)%00%(upstream:short)%00%(objectname)%00%(upstream:track)%00%(upstream:remotename)%00%(upstream:remoteref) refs/heads/master refs/remotes/master [1ms]
2023-03-29 01:02:48.129 [info] > git status -z -uall [1ms]
2023-03-29 01:02:53.144 [info] > git config --get commit.template [5ms]
2023-03-29 01:02:53.145 [info] > git for-each-ref --format=%(refname)%00%(upstream:short)%00%(objectname)%00%(upstream:track)%00%(upstream:remotename)%00%(upstream:remoteref) refs/heads/master refs/remotes/master [1ms]
2023-03-29 01:02:53.150 [info] > git status -z -uall [1ms]
2023-03-29 01:03:47.031 [info] > git for-each-ref --format=%(refname)%00%(upstream:short)%00%(objectname)%00%(upstream:track)%00%(upstream:remotename)%00%(upstream:remoteref) refs/heads/master refs/remotes/master [2ms]
2023-03-29 01:03:47.031 [info] > git config --get commit.template [6ms]
2023-03-29 01:03:47.036 [info] > git status -z -uall [1ms]
2023-03-29 01:03:52.052 [info] > git config --get commit.template [4ms]
2023-03-29 01:03:52.052 [info] > git for-each-ref --format=%(refname)%00%(upstream:short)%00%(objectname)%00%(upstream:track)%00%(upstream:remotename)%00%(upstream:remoteref) refs/heads/master refs/remotes/master [1ms]
2023-03-29 01:03:52.058 [info] > git status -z -uall [1ms]
2023-03-29 01:04:06.458 [info] > git config --get commit.template [4ms]
2023-03-29 01:04:06.458 [info] > git for-each-ref --format=%(refname)%00%(upstream:short)%00%(objectname)%00%(upstream:track)%00%(upstream:remotename)%00%(upstream:remoteref) refs/heads/master refs/remotes/master [1ms]
2023-03-29 01:04:06.463 [info] > git status -z -uall [1ms]
2023-03-29 01:04:13.103 [info] > git config --get commit.template [4ms]
2023-03-29 01:04:13.103 [info] > git for-each-ref --format=%(refname)%00%(upstream:short)%00%(objectname)%00%(upstream:track)%00%(upstream:remotename)%00%(upstream:remoteref) refs/heads/master refs/remotes/master [1ms]
2023-03-29 01:04:13.108 [info] > git status -z -uall [1ms]
2023-03-29 01:04:19.167 [info] > git config --get commit.template [5ms]
2023-03-29 01:04:19.168 [info] > git for-each-ref --format=%(refname)%00%(upstream:short)%00%(objectname)%00%(upstream:track)%00%(upstream:remotename)%00%(upstream:remoteref) refs/heads/master refs/remotes/master [1ms]
2023-03-29 01:04:19.174 [info] > git status -z -uall [2ms]
2023-03-29 01:04:27.117 [info] > git config --get commit.template [5ms]
2023-03-29 01:04:27.117 [info] > git for-each-ref --format=%(refname)%00%(upstream:short)%00%(objectname)%00%(upstream:track)%00%(upstream:remotename)%00%(upstream:remoteref) refs/heads/master refs/remotes/master [1ms]
2023-03-29 01:04:27.123 [info] > git status -z -uall [1ms]
2023-03-29 01:04:39.852 [info] > git config --get commit.template [5ms]
2023-03-29 01:04:39.852 [info] > git for-each-ref --format=%(refname)%00%(upstream:short)%00%(objectname)%00%(upstream:track)%00%(upstream:remotename)%00%(upstream:remoteref) refs/heads/master refs/remotes/master [1ms]
2023-03-29 01:04:39.858 [info] > git status -z -uall [1ms]
2023-03-29 01:04:44.868 [info] > git config --get commit.template [1ms]
2023-03-29 01:04:44.874 [info] > git for-each-ref --format=%(refname)%00%(upstream:short)%00%(objectname)%00%(upstream:track)%00%(upstream:remotename)%00%(upstream:remoteref) refs/heads/master refs/remotes/master [1ms]
2023-03-29 01:04:44.879 [info] > git status -z -uall [1ms]
2023-03-29 01:04:56.248 [info] > git config --get commit.template [5ms]
2023-03-29 01:04:56.248 [info] > git for-each-ref --format=%(refname)%00%(upstream:short)%00%(objectname)%00%(upstream:track)%00%(upstream:remotename)%00%(upstream:remoteref) refs/heads/master refs/remotes/master [1ms]
2023-03-29 01:04:56.254 [info] > git status -z -uall [2ms]
2023-03-29 01:04:56.375 [info] > git ls-files --stage -- /home/c2023_1/c1913076/PA1/hello.c [4ms]
2023-03-29 01:04:56.380 [info] > git ls-files --stage -- /home/c2023_1/c1913076/PA1/tokenizer.l [4ms]
2023-03-29 01:04:56.384 [info] > git cat-file -s 6bba4bbb81cf3cd9ca52494ce2b5d8ab39a505fe [5ms]
2023-03-29 01:04:56.384 [info] > git cat-file -s 983288177393a0a44017d8ae0b7785efc844f7ae [1ms]
2023-03-29 01:04:56.423 [info] > git show --textconv :hello.c [7ms]
2023-03-29 01:04:56.423 [info] > git show --textconv :tokenizer.l [1ms]
2023-03-29 01:05:28.626 [info] > git config --get commit.template [4ms]
2023-03-29 01:05:28.626 [info] > git for-each-ref --format=%(refname)%00%(upstream:short)%00%(objectname)%00%(upstream:track)%00%(upstream:remotename)%00%(upstream:remoteref) refs/heads/master refs/remotes/master [1ms]
2023-03-29 01:05:28.632 [info] > git status -z -uall [1ms]
2023-03-29 01:05:28.748 [info] > git ls-files --stage -- /home/c2023_1/c1913076/PA1/hello.c [5ms]
2023-03-29 01:05:28.752 [info] > git ls-files --stage -- /home/c2023_1/c1913076/PA1/tokenizer.l [5ms]
2023-03-29 01:05:28.757 [info] > git cat-file -s 6bba4bbb81cf3cd9ca52494ce2b5d8ab39a505fe [5ms]
2023-03-29 01:05:28.758 [info] > git cat-file -s 983288177393a0a44017d8ae0b7785efc844f7ae [2ms]
2023-03-29 01:05:28.786 [info] > git show --textconv :hello.c [6ms]
2023-03-29 01:05:28.787 [info] > git show --textconv :tokenizer.l [1ms]
2023-03-29 01:05:34.495 [info] > git config --get commit.template [4ms]
2023-03-29 01:05:34.496 [info] > git for-each-ref --format=%(refname)%00%(upstream:short)%00%(objectname)%00%(upstream:track)%00%(upstream:remotename)%00%(upstream:remoteref) refs/heads/master refs/remotes/master [1ms]
2023-03-29 01:05:34.501 [info] > git status -z -uall [1ms]
2023-03-29 01:05:37.131 [info] > git ls-files --stage -- /home/c2023_1/c1913076/PA1/hello.c [5ms]
2023-03-29 01:05:37.136 [info] > git ls-files --stage -- /home/c2023_1/c1913076/PA1/tokenizer.l [6ms]
2023-03-29 01:05:37.141 [info] > git cat-file -s 6bba4bbb81cf3cd9ca52494ce2b5d8ab39a505fe [5ms]
2023-03-29 01:05:37.141 [info] > git cat-file -s 983288177393a0a44017d8ae0b7785efc844f7ae [1ms]
2023-03-29 01:05:37.174 [info] > git show --textconv :hello.c [7ms]
2023-03-29 01:05:37.175 [info] > git show --textconv :tokenizer.l [1ms]
2023-03-29 01:05:38.821 [info] > git ls-files --stage -- /home/c2023_1/c1913076/PA1/hello.c [4ms]
2023-03-29 01:05:38.826 [info] > git ls-files --stage -- /home/c2023_1/c1913076/PA1/tokenizer.l [5ms]
2023-03-29 01:05:38.830 [info] > git cat-file -s 6bba4bbb81cf3cd9ca52494ce2b5d8ab39a505fe [5ms]
2023-03-29 01:05:38.831 [info] > git cat-file -s 983288177393a0a44017d8ae0b7785efc844f7ae [1ms]
2023-03-29 01:05:38.867 [info] > git show --textconv :hello.c [8ms]
2023-03-29 01:05:38.869 [info] > git show --textconv :tokenizer.l [3ms]
2023-03-29 01:05:39.515 [info] > git config --get commit.template [1ms]
2023-03-29 01:05:39.520 [info] > git for-each-ref --format=%(refname)%00%(upstream:short)%00%(objectname)%00%(upstream:track)%00%(upstream:remotename)%00%(upstream:remoteref) refs/heads/master refs/remotes/master [1ms]
2023-03-29 01:05:39.525 [info] > git status -z -uall [1ms]
2023-03-29 01:06:09.434 [info] > git config --get commit.template [5ms]
2023-03-29 01:06:09.434 [info] > git for-each-ref --format=%(refname)%00%(upstream:short)%00%(objectname)%00%(upstream:track)%00%(upstream:remotename)%00%(upstream:remoteref) refs/heads/master refs/remotes/master [1ms]
2023-03-29 01:06:09.439 [info] > git status -z -uall [1ms]
2023-03-29 01:06:23.766 [info] > git ls-files --stage -- /home/c2023_1/c1913076/PA1/hello.c [5ms]
2023-03-29 01:06:23.771 [info] > git ls-files --stage -- /home/c2023_1/c1913076/PA1/tokenizer.l [5ms]
2023-03-29 01:06:23.776 [info] > git cat-file -s 6bba4bbb81cf3cd9ca52494ce2b5d8ab39a505fe [6ms]
2023-03-29 01:06:23.776 [info] > git cat-file -s 983288177393a0a44017d8ae0b7785efc844f7ae [1ms]
2023-03-29 01:06:23.816 [info] > git show --textconv :hello.c [8ms]
2023-03-29 01:06:23.817 [info] > git show --textconv :tokenizer.l [2ms]
2023-03-29 01:08:15.287 [info] > git config --get commit.template [5ms]
2023-03-29 01:08:15.287 [info] > git for-each-ref --format=%(refname)%00%(upstream:short)%00%(objectname)%00%(upstream:track)%00%(upstream:remotename)%00%(upstream:remoteref) refs/heads/master refs/remotes/master [1ms]
2023-03-29 01:08:15.293 [info] > git status -z -uall [1ms]
2023-03-29 01:08:20.310 [info] > git config --get commit.template [4ms]
2023-03-29 01:08:20.310 [info] > git for-each-ref --format=%(refname)%00%(upstream:short)%00%(objectname)%00%(upstream:track)%00%(upstream:remotename)%00%(upstream:remoteref) refs/heads/master refs/remotes/master [0ms]
2023-03-29 01:08:20.315 [info] > git status -z -uall [1ms]
2023-03-29 01:08:25.330 [info] > git config --get commit.template [4ms]
2023-03-29 01:08:25.331 [info] > git for-each-ref --format=%(refname)%00%(upstream:short)%00%(objectname)%00%(upstream:track)%00%(upstream:remotename)%00%(upstream:remoteref) refs/heads/master refs/remotes/master [1ms]
2023-03-29 01:08:25.336 [info] > git status -z -uall [1ms]
2023-03-29 01:08:34.179 [info] > git config --get commit.template [4ms]
2023-03-29 01:08:34.180 [info] > git for-each-ref --format=%(refname)%00%(upstream:short)%00%(objectname)%00%(upstream:track)%00%(upstream:remotename)%00%(upstream:remoteref) refs/heads/master refs/remotes/master [1ms]
2023-03-29 01:08:34.186 [info] > git status -z -uall [2ms]
2023-03-29 01:08:39.201 [info] > git for-each-ref --format=%(refname)%00%(upstream:short)%00%(objectname)%00%(upstream:track)%00%(upstream:remotename)%00%(upstream:remoteref) refs/heads/master refs/remotes/master [1ms]
2023-03-29 01:08:39.202 [info] > git config --get commit.template [5ms]
2023-03-29 01:08:39.207 [info] > git status -z -uall [1ms]
