2023-04-10 10:48:28.677 [info] Log level: Info
2023-04-10 10:48:28.677 [info] Validating found git in: "git"
2023-04-10 10:48:28.677 [info] Using git "2.25.1" from "git"
2023-04-10 10:48:28.677 [info] > git rev-parse --show-toplevel [3ms]
2023-04-10 10:48:28.677 [info] fatal: not a git repository (or any of the parent directories): .git
2023-04-10 10:48:28.677 [info] > git rev-parse --show-toplevel [1ms]
2023-04-10 10:48:28.678 [info] fatal: not a git repository (or any of the parent directories): .git
2023-04-10 10:48:28.678 [info] > git rev-parse --show-toplevel [1ms]
2023-04-10 10:48:28.678 [info] fatal: not a git repository (or any of the parent directories): .git
2023-04-10 10:48:28.678 [info] > git rev-parse --show-toplevel [1ms]
2023-04-10 10:48:28.678 [info] fatal: not a git repository (or any of the parent directories): .git
2023-04-10 10:48:28.678 [info] > git rev-parse --show-toplevel [2ms]
2023-04-10 10:48:28.678 [info] fatal: not a git repository (or any of the parent directories): .git
2023-04-10 10:48:28.678 [info] > git rev-parse --show-toplevel [24ms]
2023-04-10 10:48:28.678 [info] fatal: not a git repository (or any of the parent directories): .git
2023-04-10 10:48:28.678 [info] > git rev-parse --show-toplevel [1ms]
2023-04-10 10:48:28.678 [info] > git rev-parse --git-dir --git-common-dir [0ms]
2023-04-10 10:48:28.678 [info] Open repository: /home/c2023_1/c1913076/PA1
2023-04-10 10:48:28.678 [info] > git rev-parse --show-toplevel [3ms]
2023-04-10 10:48:28.678 [info] fatal: not a git repository (or any of the parent directories): .git
2023-04-10 10:48:28.678 [info] > git config --get commit.template [3ms]
2023-04-10 10:48:28.678 [info] > git for-each-ref --format=%(refname)%00%(upstream:short)%00%(objectname)%00%(upstream:track)%00%(upstream:remotename)%00%(upstream:remoteref) refs/heads/master refs/remotes/master [4ms]
2023-04-10 10:48:28.678 [info] > git status -z -uall [2ms]
2023-04-10 10:48:28.678 [info] > git config --get commit.template [3ms]
2023-04-10 10:48:28.678 [info] > git for-each-ref --format=%(refname)%00%(upstream:short)%00%(objectname)%00%(upstream:track)%00%(upstream:remotename)%00%(upstream:remoteref) refs/heads/master refs/remotes/master [1ms]
2023-04-10 10:48:28.678 [info] > git status -z -uall [1ms]
