2023-04-19 15:52:48.989 [info] Log level: Info
2023-04-19 15:52:48.990 [info] Validating found git in: "git"
2023-04-19 15:52:48.990 [info] Using git "2.25.1" from "git"
2023-04-19 15:52:48.990 [info] > git rev-parse --show-toplevel [5ms]
2023-04-19 15:52:48.990 [info] fatal: not a git repository (or any of the parent directories): .git
2023-04-19 15:52:48.990 [info] > git rev-parse --show-toplevel [23ms]
2023-04-19 15:52:48.990 [info] fatal: not a git repository (or any of the parent directories): .git
2023-04-19 15:52:48.990 [info] > git rev-parse --show-toplevel [0ms]
2023-04-19 15:52:48.990 [info] fatal: not a git repository (or any of the parent directories): .git
2023-04-19 15:52:48.990 [info] > git rev-parse --show-toplevel [1ms]
2023-04-19 15:52:48.990 [info] fatal: not a git repository (or any of the parent directories): .git
2023-04-19 15:52:50.532 [info] > git rev-parse --show-toplevel [2ms]
2023-04-19 15:52:50.532 [info] fatal: not a git repository (or any of the parent directories): .git
2023-04-19 15:52:54.724 [info] > git rev-parse --show-toplevel [1ms]
2023-04-19 15:52:54.724 [info] fatal: not a git repository (or any of the parent directories): .git
2023-04-19 15:53:14.852 [info] > git rev-parse --show-toplevel [0ms]
2023-04-19 15:53:14.852 [info] fatal: not a git repository (or any of the parent directories): .git
2023-04-19 15:53:14.855 [info] > git rev-parse --show-toplevel [1ms]
2023-04-19 15:53:14.855 [info] fatal: not a git repository (or any of the parent directories): .git
2023-04-19 15:53:14.858 [info] > git rev-parse --show-toplevel [1ms]
2023-04-19 15:53:14.858 [info] fatal: not a git repository (or any of the parent directories): .git
2023-04-19 15:53:18.422 [info] > git rev-parse --show-toplevel [1ms]
2023-04-19 15:53:18.422 [info] fatal: not a git repository (or any of the parent directories): .git
2023-04-19 15:53:18.604 [info] > git rev-parse --show-toplevel [124ms]
2023-04-19 15:53:18.604 [info] fatal: not a git repository (or any of the parent directories): .git
2023-04-19 15:53:18.609 [info] > git rev-parse --show-toplevel [2ms]
2023-04-19 15:53:18.609 [info] fatal: not a git repository (or any of the parent directories): .git
2023-04-19 15:53:19.935 [info] > git rev-parse --show-toplevel [2ms]
2023-04-19 15:53:19.935 [info] fatal: not a git repository (or any of the parent directories): .git
2023-04-19 15:53:19.942 [info] > git rev-parse --show-toplevel [3ms]
2023-04-19 15:53:19.942 [info] fatal: not a git repository (or any of the parent directories): .git
2023-04-19 15:53:19.946 [info] > git rev-parse --show-toplevel [1ms]
2023-04-19 15:53:19.946 [info] fatal: not a git repository (or any of the parent directories): .git
2023-04-19 15:53:19.950 [info] > git rev-parse --show-toplevel [0ms]
2023-04-19 15:53:19.951 [info] fatal: not a git repository (or any of the parent directories): .git
2023-04-19 15:53:23.759 [info] > git rev-parse --show-toplevel [1ms]
2023-04-19 15:53:23.759 [info] fatal: not a git repository (or any of the parent directories): .git
2023-04-19 15:53:23.809 [info] > git rev-parse --show-toplevel [3ms]
2023-04-19 15:53:23.809 [info] fatal: not a git repository (or any of the parent directories): .git
2023-04-19 15:53:23.815 [info] > git rev-parse --show-toplevel [1ms]
2023-04-19 15:53:23.815 [info] fatal: not a git repository (or any of the parent directories): .git
2023-04-19 15:53:28.804 [info] > git rev-parse --show-toplevel [1ms]
2023-04-19 15:53:28.804 [info] fatal: not a git repository (or any of the parent directories): .git
2023-04-19 15:53:28.809 [info] > git rev-parse --show-toplevel [2ms]
2023-04-19 15:53:28.809 [info] fatal: not a git repository (or any of the parent directories): .git
2023-04-19 15:53:28.814 [info] > git rev-parse --show-toplevel [1ms]
2023-04-19 15:53:28.814 [info] fatal: not a git repository (or any of the parent directories): .git
2023-04-19 15:53:39.007 [info] > git rev-parse --show-toplevel [2ms]
2023-04-19 15:53:39.007 [info] fatal: not a git repository (or any of the parent directories): .git
2023-04-19 15:53:39.014 [info] > git rev-parse --show-toplevel [2ms]
2023-04-19 15:53:39.014 [info] fatal: not a git repository (or any of the parent directories): .git
2023-04-19 15:53:39.018 [info] > git rev-parse --show-toplevel [1ms]
2023-04-19 15:53:39.018 [info] fatal: not a git repository (or any of the parent directories): .git
2023-04-19 15:53:40.252 [info] > git rev-parse --show-toplevel [2ms]
2023-04-19 15:53:40.252 [info] fatal: not a git repository (or any of the parent directories): .git
2023-04-19 15:53:40.258 [info] > git rev-parse --show-toplevel [2ms]
2023-04-19 15:53:40.258 [info] fatal: not a git repository (or any of the parent directories): .git
2023-04-19 15:53:40.264 [info] > git rev-parse --show-toplevel [1ms]
2023-04-19 15:53:40.264 [info] fatal: not a git repository (or any of the parent directories): .git
2023-04-19 15:53:42.208 [info] > git rev-parse --show-toplevel [1ms]
2023-04-19 15:53:42.208 [info] fatal: not a git repository (or any of the parent directories): .git
2023-04-19 15:53:42.213 [info] > git rev-parse --show-toplevel [1ms]
2023-04-19 15:53:42.213 [info] fatal: not a git repository (or any of the parent directories): .git
2023-04-19 15:53:42.217 [info] > git rev-parse --show-toplevel [1ms]
2023-04-19 15:53:42.217 [info] fatal: not a git repository (or any of the parent directories): .git
2023-04-19 15:54:06.851 [info] > git rev-parse --show-toplevel [1ms]
2023-04-19 15:54:06.851 [info] fatal: not a git repository (or any of the parent directories): .git
2023-04-19 15:54:06.933 [info] > git rev-parse --show-toplevel [1ms]
2023-04-19 15:54:06.933 [info] fatal: not a git repository (or any of the parent directories): .git
2023-04-19 15:54:06.937 [info] > git rev-parse --show-toplevel [1ms]
2023-04-19 15:54:06.937 [info] fatal: not a git repository (or any of the parent directories): .git
2023-04-19 15:54:58.055 [info] > git rev-parse --show-toplevel [1ms]
2023-04-19 15:54:58.055 [info] fatal: not a git repository (or any of the parent directories): .git
2023-04-19 15:54:58.197 [info] > git rev-parse --show-toplevel [2ms]
2023-04-19 15:54:58.197 [info] fatal: not a git repository (or any of the parent directories): .git
2023-04-19 15:54:58.208 [info] > git rev-parse --show-toplevel [6ms]
2023-04-19 15:54:58.208 [info] fatal: not a git repository (or any of the parent directories): .git
2023-04-19 15:55:01.121 [info] > git rev-parse --show-toplevel [3ms]
2023-04-19 15:55:01.121 [info] fatal: not a git repository (or any of the parent directories): .git
2023-04-19 15:55:01.191 [info] > git rev-parse --show-toplevel [3ms]
2023-04-19 15:55:01.191 [info] fatal: not a git repository (or any of the parent directories): .git
2023-04-19 15:55:01.203 [info] > git rev-parse --show-toplevel [6ms]
2023-04-19 15:55:01.203 [info] fatal: not a git repository (or any of the parent directories): .git
2023-04-19 15:55:36.697 [info] > git rev-parse --show-toplevel [1ms]
2023-04-19 15:55:36.697 [info] fatal: not a git repository (or any of the parent directories): .git
2023-04-19 15:55:36.757 [info] > git rev-parse --show-toplevel [1ms]
2023-04-19 15:55:36.757 [info] fatal: not a git repository (or any of the parent directories): .git
2023-04-19 15:55:36.761 [info] > git rev-parse --show-toplevel [1ms]
2023-04-19 15:55:36.761 [info] fatal: not a git repository (or any of the parent directories): .git
2023-04-19 15:56:03.876 [info] > git rev-parse --show-toplevel [0ms]
2023-04-19 15:56:03.876 [info] fatal: not a git repository (or any of the parent directories): .git
2023-04-19 15:56:03.985 [info] > git rev-parse --show-toplevel [0ms]
2023-04-19 15:56:03.985 [info] fatal: not a git repository (or any of the parent directories): .git
2023-04-19 15:56:03.989 [info] > git rev-parse --show-toplevel [1ms]
2023-04-19 15:56:03.989 [info] fatal: not a git repository (or any of the parent directories): .git
2023-04-19 15:57:17.575 [info] > git rev-parse --show-toplevel [1ms]
2023-04-19 15:57:17.575 [info] fatal: not a git repository (or any of the parent directories): .git
2023-04-19 15:57:17.580 [info] > git rev-parse --show-toplevel [2ms]
2023-04-19 15:57:17.580 [info] fatal: not a git repository (or any of the parent directories): .git
2023-04-19 15:57:17.584 [info] > git rev-parse --show-toplevel [1ms]
2023-04-19 15:57:17.584 [info] fatal: not a git repository (or any of the parent directories): .git
2023-04-19 15:57:17.949 [info] > git rev-parse --show-toplevel [0ms]
2023-04-19 15:57:17.949 [info] fatal: not a git repository (or any of the parent directories): .git
2023-04-19 15:57:17.953 [info] > git rev-parse --show-toplevel [1ms]
2023-04-19 15:57:17.953 [info] fatal: not a git repository (or any of the parent directories): .git
2023-04-19 15:57:17.957 [info] > git rev-parse --show-toplevel [1ms]
2023-04-19 15:57:17.957 [info] fatal: not a git repository (or any of the parent directories): .git
2023-04-19 16:01:03.404 [info] > git rev-parse --show-toplevel [1ms]
2023-04-19 16:01:03.404 [info] fatal: not a git repository (or any of the parent directories): .git
2023-04-19 16:01:03.408 [info] > git rev-parse --show-toplevel [1ms]
2023-04-19 16:01:03.408 [info] fatal: not a git repository (or any of the parent directories): .git
2023-04-19 16:01:03.413 [info] > git rev-parse --show-toplevel [1ms]
2023-04-19 16:01:03.413 [info] fatal: not a git repository (or any of the parent directories): .git
2023-04-19 16:01:14.308 [info] > git rev-parse --show-toplevel [1ms]
2023-04-19 16:01:14.308 [info] fatal: not a git repository (or any of the parent directories): .git
2023-04-19 16:01:14.421 [info] > git rev-parse --show-toplevel [1ms]
2023-04-19 16:01:14.421 [info] fatal: not a git repository (or any of the parent directories): .git
2023-04-19 16:01:14.425 [info] > git rev-parse --show-toplevel [0ms]
2023-04-19 16:01:14.425 [info] fatal: not a git repository (or any of the parent directories): .git
2023-04-19 16:06:45.321 [info] > git rev-parse --show-toplevel [1ms]
2023-04-19 16:06:45.321 [info] fatal: not a git repository (or any of the parent directories): .git
2023-04-19 16:06:45.325 [info] > git rev-parse --show-toplevel [1ms]
2023-04-19 16:06:45.325 [info] fatal: not a git repository (or any of the parent directories): .git
2023-04-19 16:06:45.330 [info] > git rev-parse --show-toplevel [1ms]
2023-04-19 16:06:45.330 [info] fatal: not a git repository (or any of the parent directories): .git
2023-04-19 16:06:47.739 [info] > git rev-parse --show-toplevel [1ms]
2023-04-19 16:06:47.739 [info] fatal: not a git repository (or any of the parent directories): .git
2023-04-19 16:06:47.743 [info] > git rev-parse --show-toplevel [1ms]
2023-04-19 16:06:47.743 [info] fatal: not a git repository (or any of the parent directories): .git
2023-04-19 16:06:47.747 [info] > git rev-parse --show-toplevel [1ms]
2023-04-19 16:06:47.748 [info] fatal: not a git repository (or any of the parent directories): .git
2023-04-19 16:06:48.781 [info] > git rev-parse --show-toplevel [1ms]
2023-04-19 16:06:48.781 [info] fatal: not a git repository (or any of the parent directories): .git
2023-04-19 16:06:48.785 [info] > git rev-parse --show-toplevel [0ms]
2023-04-19 16:06:48.785 [info] fatal: not a git repository (or any of the parent directories): .git
2023-04-19 16:06:48.790 [info] > git rev-parse --show-toplevel [1ms]
2023-04-19 16:06:48.790 [info] fatal: not a git repository (or any of the parent directories): .git
2023-04-19 16:07:25.147 [info] > git rev-parse --show-toplevel [2ms]
2023-04-19 16:07:25.147 [info] fatal: not a git repository (or any of the parent directories): .git
2023-04-19 16:07:25.152 [info] > git rev-parse --show-toplevel [2ms]
2023-04-19 16:07:25.152 [info] fatal: not a git repository (or any of the parent directories): .git
2023-04-19 16:07:25.157 [info] > git rev-parse --show-toplevel [1ms]
2023-04-19 16:07:25.157 [info] fatal: not a git repository (or any of the parent directories): .git
2023-04-19 16:07:26.642 [info] > git rev-parse --show-toplevel [1ms]
2023-04-19 16:07:26.642 [info] fatal: not a git repository (or any of the parent directories): .git
2023-04-19 16:07:26.647 [info] > git rev-parse --show-toplevel [0ms]
2023-04-19 16:07:26.647 [info] fatal: not a git repository (or any of the parent directories): .git
2023-04-19 16:07:26.651 [info] > git rev-parse --show-toplevel [1ms]
2023-04-19 16:07:26.651 [info] fatal: not a git repository (or any of the parent directories): .git
2023-04-19 16:07:28.823 [info] > git rev-parse --show-toplevel [1ms]
2023-04-19 16:07:28.823 [info] fatal: not a git repository (or any of the parent directories): .git
2023-04-19 16:07:28.829 [info] > git rev-parse --show-toplevel [3ms]
2023-04-19 16:07:28.829 [info] fatal: not a git repository (or any of the parent directories): .git
2023-04-19 16:07:28.835 [info] > git rev-parse --show-toplevel [2ms]
2023-04-19 16:07:28.835 [info] fatal: not a git repository (or any of the parent directories): .git
2023-04-19 16:07:32.551 [info] > git rev-parse --show-toplevel [1ms]
2023-04-19 16:07:32.551 [info] fatal: not a git repository (or any of the parent directories): .git
2023-04-19 16:07:32.556 [info] > git rev-parse --show-toplevel [1ms]
2023-04-19 16:07:32.556 [info] fatal: not a git repository (or any of the parent directories): .git
2023-04-19 16:07:32.561 [info] > git rev-parse --show-toplevel [1ms]
2023-04-19 16:07:32.561 [info] fatal: not a git repository (or any of the parent directories): .git
2023-04-19 16:07:33.417 [info] > git rev-parse --show-toplevel [1ms]
2023-04-19 16:07:33.417 [info] fatal: not a git repository (or any of the parent directories): .git
2023-04-19 16:07:33.422 [info] > git rev-parse --show-toplevel [1ms]
2023-04-19 16:07:33.422 [info] fatal: not a git repository (or any of the parent directories): .git
2023-04-19 16:07:33.426 [info] > git rev-parse --show-toplevel [1ms]
2023-04-19 16:07:33.426 [info] fatal: not a git repository (or any of the parent directories): .git
2023-04-19 16:07:34.675 [info] > git rev-parse --show-toplevel [0ms]
2023-04-19 16:07:34.676 [info] fatal: not a git repository (or any of the parent directories): .git
2023-04-19 16:07:34.680 [info] > git rev-parse --show-toplevel [1ms]
2023-04-19 16:07:34.680 [info] fatal: not a git repository (or any of the parent directories): .git
2023-04-19 16:07:34.684 [info] > git rev-parse --show-toplevel [1ms]
2023-04-19 16:07:34.684 [info] fatal: not a git repository (or any of the parent directories): .git
2023-04-19 16:07:37.187 [info] > git rev-parse --show-toplevel [1ms]
2023-04-19 16:07:37.187 [info] fatal: not a git repository (or any of the parent directories): .git
2023-04-19 16:07:37.191 [info] > git rev-parse --show-toplevel [0ms]
2023-04-19 16:07:37.191 [info] fatal: not a git repository (or any of the parent directories): .git
2023-04-19 16:07:37.196 [info] > git rev-parse --show-toplevel [1ms]
2023-04-19 16:07:37.196 [info] fatal: not a git repository (or any of the parent directories): .git
2023-04-19 16:07:42.258 [info] > git rev-parse --show-toplevel [1ms]
2023-04-19 16:07:42.258 [info] fatal: not a git repository (or any of the parent directories): .git
2023-04-19 16:07:42.263 [info] > git rev-parse --show-toplevel [0ms]
2023-04-19 16:07:42.263 [info] fatal: not a git repository (or any of the parent directories): .git
2023-04-19 16:07:42.267 [info] > git rev-parse --show-toplevel [1ms]
2023-04-19 16:07:42.267 [info] fatal: not a git repository (or any of the parent directories): .git
2023-04-19 16:07:47.852 [info] > git rev-parse --show-toplevel [1ms]
2023-04-19 16:07:47.852 [info] fatal: not a git repository (or any of the parent directories): .git
2023-04-19 16:07:47.857 [info] > git rev-parse --show-toplevel [1ms]
2023-04-19 16:07:47.857 [info] fatal: not a git repository (or any of the parent directories): .git
2023-04-19 16:07:47.861 [info] > git rev-parse --show-toplevel [1ms]
2023-04-19 16:07:47.861 [info] fatal: not a git repository (or any of the parent directories): .git
2023-04-19 16:07:48.295 [info] > git rev-parse --show-toplevel [1ms]
2023-04-19 16:07:48.295 [info] fatal: not a git repository (or any of the parent directories): .git
2023-04-19 16:07:48.301 [info] > git rev-parse --show-toplevel [1ms]
2023-04-19 16:07:48.301 [info] fatal: not a git repository (or any of the parent directories): .git
2023-04-19 16:07:48.308 [info] > git rev-parse --show-toplevel [1ms]
2023-04-19 16:07:48.308 [info] fatal: not a git repository (or any of the parent directories): .git
2023-04-19 16:07:57.051 [info] > git rev-parse --show-toplevel [0ms]
2023-04-19 16:07:57.051 [info] fatal: not a git repository (or any of the parent directories): .git
2023-04-19 16:07:57.056 [info] > git rev-parse --show-toplevel [1ms]
2023-04-19 16:07:57.056 [info] fatal: not a git repository (or any of the parent directories): .git
2023-04-19 16:07:57.060 [info] > git rev-parse --show-toplevel [1ms]
2023-04-19 16:07:57.060 [info] fatal: not a git repository (or any of the parent directories): .git
2023-04-19 16:07:57.583 [info] > git rev-parse --show-toplevel [1ms]
2023-04-19 16:07:57.583 [info] fatal: not a git repository (or any of the parent directories): .git
2023-04-19 16:07:57.587 [info] > git rev-parse --show-toplevel [1ms]
2023-04-19 16:07:57.587 [info] fatal: not a git repository (or any of the parent directories): .git
2023-04-19 16:07:57.592 [info] > git rev-parse --show-toplevel [1ms]
2023-04-19 16:07:57.592 [info] fatal: not a git repository (or any of the parent directories): .git
2023-04-19 16:09:36.145 [info] > git rev-parse --show-toplevel [2ms]
2023-04-19 16:09:36.145 [info] fatal: not a git repository (or any of the parent directories): .git
2023-04-19 16:09:36.151 [info] > git rev-parse --show-toplevel [3ms]
2023-04-19 16:09:36.151 [info] fatal: not a git repository (or any of the parent directories): .git
2023-04-19 16:09:36.156 [info] > git rev-parse --show-toplevel [2ms]
2023-04-19 16:09:36.156 [info] fatal: not a git repository (or any of the parent directories): .git
2023-04-19 16:09:37.485 [info] > git rev-parse --show-toplevel [1ms]
2023-04-19 16:09:37.485 [info] fatal: not a git repository (or any of the parent directories): .git
2023-04-19 16:09:37.489 [info] > git rev-parse --show-toplevel [1ms]
2023-04-19 16:09:37.489 [info] fatal: not a git repository (or any of the parent directories): .git
2023-04-19 16:09:37.493 [info] > git rev-parse --show-toplevel [1ms]
2023-04-19 16:09:37.493 [info] fatal: not a git repository (or any of the parent directories): .git
2023-04-19 16:09:38.313 [info] > git rev-parse --show-toplevel [1ms]
2023-04-19 16:09:38.313 [info] fatal: not a git repository (or any of the parent directories): .git
2023-04-19 16:09:38.318 [info] > git rev-parse --show-toplevel [0ms]
2023-04-19 16:09:38.318 [info] fatal: not a git repository (or any of the parent directories): .git
2023-04-19 16:09:38.322 [info] > git rev-parse --show-toplevel [1ms]
2023-04-19 16:09:38.322 [info] fatal: not a git repository (or any of the parent directories): .git
2023-04-19 16:09:39.022 [info] > git rev-parse --show-toplevel [0ms]
2023-04-19 16:09:39.023 [info] fatal: not a git repository (or any of the parent directories): .git
2023-04-19 16:09:39.027 [info] > git rev-parse --show-toplevel [1ms]
2023-04-19 16:09:39.027 [info] fatal: not a git repository (or any of the parent directories): .git
2023-04-19 16:09:39.032 [info] > git rev-parse --show-toplevel [1ms]
2023-04-19 16:09:39.032 [info] fatal: not a git repository (or any of the parent directories): .git
2023-04-19 16:09:39.708 [info] > git rev-parse --show-toplevel [1ms]
2023-04-19 16:09:39.708 [info] fatal: not a git repository (or any of the parent directories): .git
2023-04-19 16:09:39.712 [info] > git rev-parse --show-toplevel [1ms]
2023-04-19 16:09:39.712 [info] fatal: not a git repository (or any of the parent directories): .git
2023-04-19 16:09:39.716 [info] > git rev-parse --show-toplevel [0ms]
2023-04-19 16:09:39.716 [info] fatal: not a git repository (or any of the parent directories): .git
2023-04-19 16:09:40.422 [info] > git rev-parse --show-toplevel [0ms]
2023-04-19 16:09:40.422 [info] fatal: not a git repository (or any of the parent directories): .git
2023-04-19 16:09:40.427 [info] > git rev-parse --show-toplevel [1ms]
2023-04-19 16:09:40.427 [info] fatal: not a git repository (or any of the parent directories): .git
2023-04-19 16:09:40.431 [info] > git rev-parse --show-toplevel [0ms]
2023-04-19 16:09:40.432 [info] fatal: not a git repository (or any of the parent directories): .git
2023-04-19 16:09:41.534 [info] > git rev-parse --show-toplevel [3ms]
2023-04-19 16:09:41.534 [info] fatal: not a git repository (or any of the parent directories): .git
2023-04-19 16:09:41.539 [info] > git rev-parse --show-toplevel [2ms]
2023-04-19 16:09:41.539 [info] fatal: not a git repository (or any of the parent directories): .git
2023-04-19 16:09:41.544 [info] > git rev-parse --show-toplevel [1ms]
2023-04-19 16:09:41.544 [info] fatal: not a git repository (or any of the parent directories): .git
2023-04-19 16:10:35.051 [info] > git rev-parse --show-toplevel [1ms]
2023-04-19 16:10:35.051 [info] fatal: not a git repository (or any of the parent directories): .git
2023-04-19 16:10:35.056 [info] > git rev-parse --show-toplevel [1ms]
2023-04-19 16:10:35.056 [info] fatal: not a git repository (or any of the parent directories): .git
2023-04-19 16:10:35.060 [info] > git rev-parse --show-toplevel [0ms]
2023-04-19 16:10:35.061 [info] fatal: not a git repository (or any of the parent directories): .git
2023-04-19 16:10:35.600 [info] > git rev-parse --show-toplevel [1ms]
2023-04-19 16:10:35.600 [info] fatal: not a git repository (or any of the parent directories): .git
2023-04-19 16:10:35.604 [info] > git rev-parse --show-toplevel [1ms]
2023-04-19 16:10:35.604 [info] fatal: not a git repository (or any of the parent directories): .git
2023-04-19 16:10:35.608 [info] > git rev-parse --show-toplevel [1ms]
2023-04-19 16:10:35.608 [info] fatal: not a git repository (or any of the parent directories): .git
2023-04-19 16:10:53.004 [info] > git rev-parse --show-toplevel [1ms]
2023-04-19 16:10:53.004 [info] fatal: not a git repository (or any of the parent directories): .git
2023-04-19 16:10:53.009 [info] > git rev-parse --show-toplevel [1ms]
2023-04-19 16:10:53.009 [info] fatal: not a git repository (or any of the parent directories): .git
2023-04-19 16:10:53.013 [info] > git rev-parse --show-toplevel [1ms]
2023-04-19 16:10:53.013 [info] fatal: not a git repository (or any of the parent directories): .git
2023-04-19 16:10:53.018 [info] > git rev-parse --show-toplevel [1ms]
2023-04-19 16:10:53.018 [info] fatal: not a git repository (or any of the parent directories): .git
2023-04-19 16:10:54.305 [info] > git rev-parse --show-toplevel [0ms]
2023-04-19 16:10:54.305 [info] fatal: not a git repository (or any of the parent directories): .git
2023-04-19 16:10:54.310 [info] > git rev-parse --show-toplevel [0ms]
2023-04-19 16:10:54.310 [info] fatal: not a git repository (or any of the parent directories): .git
2023-04-19 16:10:54.314 [info] > git rev-parse --show-toplevel [1ms]
2023-04-19 16:10:54.314 [info] fatal: not a git repository (or any of the parent directories): .git
2023-04-19 16:13:53.733 [info] > git rev-parse --show-toplevel [3ms]
2023-04-19 16:13:53.733 [info] fatal: not a git repository (or any of the parent directories): .git
2023-04-19 16:20:12.618 [info] > git rev-parse --show-toplevel [1ms]
2023-04-19 16:20:12.618 [info] fatal: not a git repository (or any of the parent directories): .git
2023-04-19 16:20:12.622 [info] > git rev-parse --show-toplevel [1ms]
2023-04-19 16:20:12.622 [info] fatal: not a git repository (or any of the parent directories): .git
2023-04-19 16:20:12.627 [info] > git rev-parse --show-toplevel [1ms]
2023-04-19 16:20:12.627 [info] fatal: not a git repository (or any of the parent directories): .git
2023-04-19 16:20:24.019 [info] > git rev-parse --show-toplevel [3ms]
2023-04-19 16:20:24.019 [info] fatal: not a git repository (or any of the parent directories): .git
2023-04-19 16:20:24.035 [info] > git rev-parse --show-toplevel [2ms]
2023-04-19 16:20:24.035 [info] fatal: not a git repository (or any of the parent directories): .git
2023-04-19 16:20:24.048 [info] > git rev-parse --show-toplevel [0ms]
2023-04-19 16:20:24.048 [info] fatal: not a git repository (or any of the parent directories): .git
2023-04-19 16:20:27.412 [info] > git rev-parse --show-toplevel [1ms]
2023-04-19 16:20:27.412 [info] fatal: not a git repository (or any of the parent directories): .git
2023-04-19 16:20:27.416 [info] > git rev-parse --show-toplevel [1ms]
2023-04-19 16:20:27.416 [info] fatal: not a git repository (or any of the parent directories): .git
2023-04-19 16:20:27.421 [info] > git rev-parse --show-toplevel [1ms]
2023-04-19 16:20:27.421 [info] fatal: not a git repository (or any of the parent directories): .git
2023-04-19 16:23:45.979 [info] > git rev-parse --show-toplevel [2ms]
2023-04-19 16:23:45.979 [info] fatal: not a git repository (or any of the parent directories): .git
2023-04-19 16:23:45.984 [info] > git rev-parse --show-toplevel [2ms]
2023-04-19 16:23:45.984 [info] fatal: not a git repository (or any of the parent directories): .git
2023-04-19 16:23:45.989 [info] > git rev-parse --show-toplevel [1ms]
2023-04-19 16:23:45.989 [info] fatal: not a git repository (or any of the parent directories): .git
2023-04-19 16:23:47.211 [info] > git rev-parse --show-toplevel [0ms]
2023-04-19 16:23:47.211 [info] fatal: not a git repository (or any of the parent directories): .git
2023-04-19 16:23:47.215 [info] > git rev-parse --show-toplevel [1ms]
2023-04-19 16:23:47.215 [info] fatal: not a git repository (or any of the parent directories): .git
2023-04-19 16:23:47.219 [info] > git rev-parse --show-toplevel [0ms]
2023-04-19 16:23:47.220 [info] fatal: not a git repository (or any of the parent directories): .git
2023-04-19 16:24:57.643 [info] > git rev-parse --show-toplevel [2ms]
2023-04-19 16:24:57.643 [info] fatal: not a git repository (or any of the parent directories): .git
2023-04-19 16:24:57.648 [info] > git rev-parse --show-toplevel [1ms]
2023-04-19 16:24:57.648 [info] fatal: not a git repository (or any of the parent directories): .git
2023-04-19 16:24:57.653 [info] > git rev-parse --show-toplevel [1ms]
2023-04-19 16:24:57.653 [info] fatal: not a git repository (or any of the parent directories): .git
2023-04-19 16:25:01.195 [info] > git rev-parse --show-toplevel [1ms]
2023-04-19 16:25:01.195 [info] fatal: not a git repository (or any of the parent directories): .git
2023-04-19 16:25:01.200 [info] > git rev-parse --show-toplevel [1ms]
2023-04-19 16:25:01.200 [info] fatal: not a git repository (or any of the parent directories): .git
2023-04-19 16:25:01.204 [info] > git rev-parse --show-toplevel [0ms]
2023-04-19 16:25:01.204 [info] fatal: not a git repository (or any of the parent directories): .git
2023-04-19 16:25:14.496 [info] > git rev-parse --show-toplevel [1ms]
2023-04-19 16:25:14.496 [info] fatal: not a git repository (or any of the parent directories): .git
2023-04-19 16:25:14.501 [info] > git rev-parse --show-toplevel [1ms]
2023-04-19 16:25:14.501 [info] fatal: not a git repository (or any of the parent directories): .git
2023-04-19 16:25:14.505 [info] > git rev-parse --show-toplevel [0ms]
2023-04-19 16:25:14.505 [info] fatal: not a git repository (or any of the parent directories): .git
2023-04-19 16:27:01.471 [info] > git rev-parse --show-toplevel [0ms]
2023-04-19 16:27:01.471 [info] fatal: not a git repository (or any of the parent directories): .git
2023-04-19 16:27:01.475 [info] > git rev-parse --show-toplevel [1ms]
2023-04-19 16:27:01.475 [info] fatal: not a git repository (or any of the parent directories): .git
2023-04-19 16:27:01.480 [info] > git rev-parse --show-toplevel [1ms]
2023-04-19 16:27:01.480 [info] fatal: not a git repository (or any of the parent directories): .git
2023-04-19 16:27:02.353 [info] > git rev-parse --show-toplevel [1ms]
2023-04-19 16:27:02.353 [info] fatal: not a git repository (or any of the parent directories): .git
2023-04-19 16:27:02.357 [info] > git rev-parse --show-toplevel [1ms]
2023-04-19 16:27:02.357 [info] fatal: not a git repository (or any of the parent directories): .git
2023-04-19 16:27:02.362 [info] > git rev-parse --show-toplevel [0ms]
2023-04-19 16:27:02.362 [info] fatal: not a git repository (or any of the parent directories): .git
2023-04-19 16:27:25.242 [info] > git rev-parse --show-toplevel [1ms]
2023-04-19 16:27:25.242 [info] fatal: not a git repository (or any of the parent directories): .git
2023-04-19 16:27:25.247 [info] > git rev-parse --show-toplevel [0ms]
2023-04-19 16:27:25.247 [info] fatal: not a git repository (or any of the parent directories): .git
2023-04-19 16:27:25.251 [info] > git rev-parse --show-toplevel [1ms]
2023-04-19 16:27:25.251 [info] fatal: not a git repository (or any of the parent directories): .git
2023-04-19 16:28:40.764 [info] > git rev-parse --show-toplevel [1ms]
2023-04-19 16:28:40.764 [info] fatal: not a git repository (or any of the parent directories): .git
2023-04-19 16:28:40.769 [info] > git rev-parse --show-toplevel [0ms]
2023-04-19 16:28:40.769 [info] fatal: not a git repository (or any of the parent directories): .git
2023-04-19 16:28:40.773 [info] > git rev-parse --show-toplevel [1ms]
2023-04-19 16:28:40.773 [info] fatal: not a git repository (or any of the parent directories): .git
2023-04-19 16:28:41.297 [info] > git rev-parse --show-toplevel [0ms]
2023-04-19 16:28:41.297 [info] fatal: not a git repository (or any of the parent directories): .git
2023-04-19 16:28:41.302 [info] > git rev-parse --show-toplevel [1ms]
2023-04-19 16:28:41.302 [info] fatal: not a git repository (or any of the parent directories): .git
2023-04-19 16:28:41.307 [info] > git rev-parse --show-toplevel [2ms]
2023-04-19 16:28:41.307 [info] fatal: not a git repository (or any of the parent directories): .git
2023-04-19 16:28:42.688 [info] > git rev-parse --show-toplevel [0ms]
2023-04-19 16:28:42.688 [info] fatal: not a git repository (or any of the parent directories): .git
2023-04-19 16:28:42.692 [info] > git rev-parse --show-toplevel [1ms]
2023-04-19 16:28:42.692 [info] fatal: not a git repository (or any of the parent directories): .git
2023-04-19 16:28:42.696 [info] > git rev-parse --show-toplevel [1ms]
2023-04-19 16:28:42.696 [info] fatal: not a git repository (or any of the parent directories): .git
2023-04-19 16:29:11.438 [info] > git rev-parse --show-toplevel [1ms]
2023-04-19 16:29:11.438 [info] fatal: not a git repository (or any of the parent directories): .git
2023-04-19 16:29:11.444 [info] > git rev-parse --show-toplevel [1ms]
2023-04-19 16:29:11.444 [info] fatal: not a git repository (or any of the parent directories): .git
2023-04-19 16:29:11.448 [info] > git rev-parse --show-toplevel [1ms]
2023-04-19 16:29:11.448 [info] fatal: not a git repository (or any of the parent directories): .git
2023-04-19 16:29:13.462 [info] > git rev-parse --show-toplevel [1ms]
2023-04-19 16:29:13.462 [info] fatal: not a git repository (or any of the parent directories): .git
2023-04-19 16:29:13.467 [info] > git rev-parse --show-toplevel [0ms]
2023-04-19 16:29:13.467 [info] fatal: not a git repository (or any of the parent directories): .git
2023-04-19 16:29:13.471 [info] > git rev-parse --show-toplevel [1ms]
2023-04-19 16:29:13.471 [info] fatal: not a git repository (or any of the parent directories): .git
2023-04-19 16:29:29.360 [info] > git rev-parse --show-toplevel [1ms]
2023-04-19 16:29:29.360 [info] fatal: not a git repository (or any of the parent directories): .git
2023-04-19 16:29:29.364 [info] > git rev-parse --show-toplevel [1ms]
2023-04-19 16:29:29.364 [info] fatal: not a git repository (or any of the parent directories): .git
2023-04-19 16:29:29.368 [info] > git rev-parse --show-toplevel [0ms]
2023-04-19 16:29:29.368 [info] fatal: not a git repository (or any of the parent directories): .git
2023-04-19 16:29:54.363 [info] > git rev-parse --show-toplevel [1ms]
2023-04-19 16:29:54.363 [info] fatal: not a git repository (or any of the parent directories): .git
2023-04-19 16:29:54.368 [info] > git rev-parse --show-toplevel [0ms]
2023-04-19 16:29:54.368 [info] fatal: not a git repository (or any of the parent directories): .git
2023-04-19 16:29:54.372 [info] > git rev-parse --show-toplevel [1ms]
2023-04-19 16:29:54.372 [info] fatal: not a git repository (or any of the parent directories): .git
2023-04-19 16:29:56.715 [info] > git rev-parse --show-toplevel [1ms]
2023-04-19 16:29:56.715 [info] fatal: not a git repository (or any of the parent directories): .git
2023-04-19 16:29:56.720 [info] > git rev-parse --show-toplevel [1ms]
2023-04-19 16:29:56.720 [info] fatal: not a git repository (or any of the parent directories): .git
2023-04-19 16:29:56.725 [info] > git rev-parse --show-toplevel [0ms]
2023-04-19 16:29:56.725 [info] fatal: not a git repository (or any of the parent directories): .git
2023-04-19 16:32:23.602 [info] > git rev-parse --show-toplevel [1ms]
2023-04-19 16:32:23.603 [info] fatal: not a git repository (or any of the parent directories): .git
2023-04-19 16:32:23.607 [info] > git rev-parse --show-toplevel [1ms]
2023-04-19 16:32:23.607 [info] fatal: not a git repository (or any of the parent directories): .git
2023-04-19 16:32:25.052 [info] > git rev-parse --show-toplevel [1ms]
2023-04-19 16:32:25.052 [info] fatal: not a git repository (or any of the parent directories): .git
2023-04-19 16:32:25.057 [info] > git rev-parse --show-toplevel [1ms]
2023-04-19 16:32:25.057 [info] fatal: not a git repository (or any of the parent directories): .git
2023-04-19 16:32:25.061 [info] > git rev-parse --show-toplevel [1ms]
2023-04-19 16:32:25.061 [info] fatal: not a git repository (or any of the parent directories): .git
2023-04-19 16:34:25.587 [info] > git rev-parse --show-toplevel [0ms]
2023-04-19 16:34:25.587 [info] fatal: not a git repository (or any of the parent directories): .git
2023-04-19 16:34:25.591 [info] > git rev-parse --show-toplevel [1ms]
2023-04-19 16:34:25.591 [info] fatal: not a git repository (or any of the parent directories): .git
2023-04-19 16:34:25.596 [info] > git rev-parse --show-toplevel [1ms]
2023-04-19 16:34:25.596 [info] fatal: not a git repository (or any of the parent directories): .git
2023-04-19 16:34:28.630 [info] > git rev-parse --show-toplevel [1ms]
2023-04-19 16:34:28.630 [info] fatal: not a git repository (or any of the parent directories): .git
2023-04-19 16:34:28.635 [info] > git rev-parse --show-toplevel [1ms]
2023-04-19 16:34:28.635 [info] fatal: not a git repository (or any of the parent directories): .git
2023-04-19 16:34:28.640 [info] > git rev-parse --show-toplevel [1ms]
2023-04-19 16:34:28.640 [info] fatal: not a git repository (or any of the parent directories): .git
2023-04-19 16:34:28.644 [info] > git rev-parse --show-toplevel [0ms]
2023-04-19 16:34:28.644 [info] fatal: not a git repository (or any of the parent directories): .git
2023-04-19 16:38:39.582 [info] > git rev-parse --show-toplevel [1ms]
2023-04-19 16:38:39.582 [info] fatal: not a git repository (or any of the parent directories): .git
2023-04-19 16:38:39.586 [info] > git rev-parse --show-toplevel [0ms]
2023-04-19 16:38:39.586 [info] fatal: not a git repository (or any of the parent directories): .git
2023-04-19 16:38:39.591 [info] > git rev-parse --show-toplevel [1ms]
2023-04-19 16:38:39.591 [info] fatal: not a git repository (or any of the parent directories): .git
2023-04-19 16:38:43.660 [info] > git rev-parse --show-toplevel [1ms]
2023-04-19 16:38:43.660 [info] fatal: not a git repository (or any of the parent directories): .git
2023-04-19 16:38:43.664 [info] > git rev-parse --show-toplevel [1ms]
2023-04-19 16:38:43.664 [info] fatal: not a git repository (or any of the parent directories): .git
2023-04-19 16:38:43.670 [info] > git rev-parse --show-toplevel [1ms]
2023-04-19 16:38:43.670 [info] fatal: not a git repository (or any of the parent directories): .git
2023-04-19 16:40:06.590 [info] > git rev-parse --show-toplevel [1ms]
2023-04-19 16:40:06.590 [info] fatal: not a git repository (or any of the parent directories): .git
2023-04-19 16:40:06.595 [info] > git rev-parse --show-toplevel [1ms]
2023-04-19 16:40:06.595 [info] fatal: not a git repository (or any of the parent directories): .git
2023-04-19 16:40:06.599 [info] > git rev-parse --show-toplevel [1ms]
2023-04-19 16:40:06.599 [info] fatal: not a git repository (or any of the parent directories): .git
2023-04-19 16:40:07.676 [info] > git rev-parse --show-toplevel [1ms]
2023-04-19 16:40:07.676 [info] fatal: not a git repository (or any of the parent directories): .git
2023-04-19 16:40:07.681 [info] > git rev-parse --show-toplevel [1ms]
2023-04-19 16:40:07.681 [info] fatal: not a git repository (or any of the parent directories): .git
2023-04-19 16:40:07.686 [info] > git rev-parse --show-toplevel [1ms]
2023-04-19 16:40:07.686 [info] fatal: not a git repository (or any of the parent directories): .git
2023-04-19 16:40:07.690 [info] > git rev-parse --show-toplevel [1ms]
2023-04-19 16:40:07.690 [info] fatal: not a git repository (or any of the parent directories): .git
2023-04-19 16:42:02.365 [info] > git rev-parse --show-toplevel [1ms]
2023-04-19 16:42:02.365 [info] fatal: not a git repository (or any of the parent directories): .git
2023-04-19 16:42:02.369 [info] > git rev-parse --show-toplevel [1ms]
2023-04-19 16:42:02.369 [info] fatal: not a git repository (or any of the parent directories): .git
2023-04-19 16:42:02.374 [info] > git rev-parse --show-toplevel [1ms]
2023-04-19 16:42:02.374 [info] fatal: not a git repository (or any of the parent directories): .git
2023-04-19 16:43:12.010 [info] > git rev-parse --show-toplevel [1ms]
2023-04-19 16:43:12.010 [info] fatal: not a git repository (or any of the parent directories): .git
2023-04-19 16:43:12.014 [info] > git rev-parse --show-toplevel [1ms]
2023-04-19 16:43:12.014 [info] fatal: not a git repository (or any of the parent directories): .git
2023-04-19 16:43:12.019 [info] > git rev-parse --show-toplevel [1ms]
2023-04-19 16:43:12.019 [info] fatal: not a git repository (or any of the parent directories): .git
2023-04-19 16:43:47.663 [info] > git rev-parse --show-toplevel [0ms]
2023-04-19 16:43:47.663 [info] fatal: not a git repository (or any of the parent directories): .git
2023-04-19 16:43:47.668 [info] > git rev-parse --show-toplevel [1ms]
2023-04-19 16:43:47.668 [info] fatal: not a git repository (or any of the parent directories): .git
2023-04-19 16:43:47.672 [info] > git rev-parse --show-toplevel [0ms]
2023-04-19 16:43:47.672 [info] fatal: not a git repository (or any of the parent directories): .git
2023-04-19 16:44:40.076 [info] > git rev-parse --show-toplevel [1ms]
2023-04-19 16:44:40.076 [info] fatal: not a git repository (or any of the parent directories): .git
2023-04-19 16:44:40.081 [info] > git rev-parse --show-toplevel [1ms]
2023-04-19 16:44:40.081 [info] fatal: not a git repository (or any of the parent directories): .git
2023-04-19 16:44:40.085 [info] > git rev-parse --show-toplevel [0ms]
2023-04-19 16:44:40.085 [info] fatal: not a git repository (or any of the parent directories): .git
2023-04-19 16:44:40.662 [info] > git rev-parse --show-toplevel [0ms]
2023-04-19 16:44:40.662 [info] fatal: not a git repository (or any of the parent directories): .git
2023-04-19 16:44:40.667 [info] > git rev-parse --show-toplevel [1ms]
2023-04-19 16:44:40.667 [info] fatal: not a git repository (or any of the parent directories): .git
2023-04-19 16:44:40.671 [info] > git rev-parse --show-toplevel [0ms]
2023-04-19 16:44:40.671 [info] fatal: not a git repository (or any of the parent directories): .git
2023-04-19 16:44:46.119 [info] > git rev-parse --show-toplevel [1ms]
2023-04-19 16:44:46.119 [info] fatal: not a git repository (or any of the parent directories): .git
2023-04-19 16:44:46.123 [info] > git rev-parse --show-toplevel [0ms]
2023-04-19 16:44:46.123 [info] fatal: not a git repository (or any of the parent directories): .git
2023-04-19 16:44:46.129 [info] > git rev-parse --show-toplevel [0ms]
2023-04-19 16:44:46.129 [info] fatal: not a git repository (or any of the parent directories): .git
2023-04-19 16:48:16.446 [info] > git rev-parse --show-toplevel [1ms]
2023-04-19 16:48:16.446 [info] fatal: not a git repository (or any of the parent directories): .git
2023-04-19 16:48:16.451 [info] > git rev-parse --show-toplevel [1ms]
2023-04-19 16:48:16.451 [info] fatal: not a git repository (or any of the parent directories): .git
2023-04-19 16:48:16.455 [info] > git rev-parse --show-toplevel [0ms]
2023-04-19 16:48:16.455 [info] fatal: not a git repository (or any of the parent directories): .git
2023-04-19 16:49:56.751 [info] > git rev-parse --show-toplevel [2ms]
2023-04-19 16:49:56.751 [info] fatal: not a git repository (or any of the parent directories): .git
2023-04-19 16:49:56.755 [info] > git rev-parse --show-toplevel [1ms]
2023-04-19 16:49:56.755 [info] fatal: not a git repository (or any of the parent directories): .git
2023-04-19 16:49:56.760 [info] > git rev-parse --show-toplevel [1ms]
2023-04-19 16:49:56.760 [info] fatal: not a git repository (or any of the parent directories): .git
2023-04-19 16:49:57.799 [info] > git rev-parse --show-toplevel [0ms]
2023-04-19 16:49:57.799 [info] fatal: not a git repository (or any of the parent directories): .git
2023-04-19 16:49:57.804 [info] > git rev-parse --show-toplevel [1ms]
2023-04-19 16:49:57.804 [info] fatal: not a git repository (or any of the parent directories): .git
2023-04-19 16:49:57.809 [info] > git rev-parse --show-toplevel [1ms]
2023-04-19 16:49:57.809 [info] fatal: not a git repository (or any of the parent directories): .git
2023-04-19 16:49:59.318 [info] > git rev-parse --show-toplevel [1ms]
2023-04-19 16:49:59.318 [info] fatal: not a git repository (or any of the parent directories): .git
2023-04-19 16:49:59.322 [info] > git rev-parse --show-toplevel [1ms]
2023-04-19 16:49:59.322 [info] fatal: not a git repository (or any of the parent directories): .git
2023-04-19 16:49:59.328 [info] > git rev-parse --show-toplevel [1ms]
2023-04-19 16:49:59.328 [info] fatal: not a git repository (or any of the parent directories): .git
2023-04-19 16:50:11.592 [info] > git rev-parse --show-toplevel [0ms]
2023-04-19 16:50:11.593 [info] fatal: not a git repository (or any of the parent directories): .git
2023-04-19 16:50:11.597 [info] > git rev-parse --show-toplevel [1ms]
2023-04-19 16:50:11.597 [info] fatal: not a git repository (or any of the parent directories): .git
2023-04-19 16:50:11.601 [info] > git rev-parse --show-toplevel [1ms]
2023-04-19 16:50:11.601 [info] fatal: not a git repository (or any of the parent directories): .git
2023-04-19 16:50:20.702 [info] > git rev-parse --show-toplevel [1ms]
2023-04-19 16:50:20.702 [info] fatal: not a git repository (or any of the parent directories): .git
2023-04-19 16:50:20.706 [info] > git rev-parse --show-toplevel [1ms]
2023-04-19 16:50:20.706 [info] fatal: not a git repository (or any of the parent directories): .git
2023-04-19 16:50:20.710 [info] > git rev-parse --show-toplevel [0ms]
2023-04-19 16:50:20.710 [info] fatal: not a git repository (or any of the parent directories): .git
2023-04-19 16:50:21.356 [info] > git rev-parse --show-toplevel [1ms]
2023-04-19 16:50:21.356 [info] fatal: not a git repository (or any of the parent directories): .git
2023-04-19 16:50:21.360 [info] > git rev-parse --show-toplevel [1ms]
2023-04-19 16:50:21.360 [info] fatal: not a git repository (or any of the parent directories): .git
2023-04-19 16:50:21.365 [info] > git rev-parse --show-toplevel [1ms]
2023-04-19 16:50:21.365 [info] fatal: not a git repository (or any of the parent directories): .git
2023-04-19 16:57:19.393 [info] > git rev-parse --show-toplevel [1ms]
2023-04-19 16:57:19.393 [info] fatal: not a git repository (or any of the parent directories): .git
2023-04-19 16:57:19.398 [info] > git rev-parse --show-toplevel [0ms]
2023-04-19 16:57:19.398 [info] fatal: not a git repository (or any of the parent directories): .git
2023-04-19 16:57:19.402 [info] > git rev-parse --show-toplevel [1ms]
2023-04-19 16:57:19.402 [info] fatal: not a git repository (or any of the parent directories): .git
2023-04-19 17:04:04.112 [info] > git rev-parse --show-toplevel [1ms]
2023-04-19 17:04:04.112 [info] fatal: not a git repository (or any of the parent directories): .git
2023-04-19 17:04:04.117 [info] > git rev-parse --show-toplevel [1ms]
2023-04-19 17:04:04.117 [info] fatal: not a git repository (or any of the parent directories): .git
2023-04-19 17:04:04.121 [info] > git rev-parse --show-toplevel [1ms]
2023-04-19 17:04:04.121 [info] fatal: not a git repository (or any of the parent directories): .git
2023-04-19 17:04:20.191 [info] > git rev-parse --show-toplevel [4ms]
2023-04-19 17:04:20.191 [info] fatal: not a git repository (or any of the parent directories): .git
2023-04-19 17:04:20.208 [info] > git rev-parse --show-toplevel [3ms]
2023-04-19 17:04:20.208 [info] fatal: not a git repository (or any of the parent directories): .git
2023-04-19 17:04:20.224 [info] > git rev-parse --show-toplevel [3ms]
2023-04-19 17:04:20.224 [info] fatal: not a git repository (or any of the parent directories): .git
2023-04-19 17:05:38.523 [info] > git rev-parse --show-toplevel [1ms]
2023-04-19 17:05:38.523 [info] fatal: not a git repository (or any of the parent directories): .git
2023-04-19 17:05:38.527 [info] > git rev-parse --show-toplevel [0ms]
2023-04-19 17:05:38.527 [info] fatal: not a git repository (or any of the parent directories): .git
2023-04-19 17:05:38.532 [info] > git rev-parse --show-toplevel [1ms]
2023-04-19 17:05:38.532 [info] fatal: not a git repository (or any of the parent directories): .git
2023-04-19 17:05:39.076 [info] > git rev-parse --show-toplevel [1ms]
2023-04-19 17:05:39.076 [info] fatal: not a git repository (or any of the parent directories): .git
2023-04-19 17:05:39.080 [info] > git rev-parse --show-toplevel [1ms]
2023-04-19 17:05:39.080 [info] fatal: not a git repository (or any of the parent directories): .git
2023-04-19 17:05:39.085 [info] > git rev-parse --show-toplevel [1ms]
2023-04-19 17:05:39.085 [info] fatal: not a git repository (or any of the parent directories): .git
2023-04-19 17:05:39.853 [info] > git rev-parse --show-toplevel [1ms]
2023-04-19 17:05:39.853 [info] fatal: not a git repository (or any of the parent directories): .git
2023-04-19 17:05:39.858 [info] > git rev-parse --show-toplevel [1ms]
2023-04-19 17:05:39.858 [info] fatal: not a git repository (or any of the parent directories): .git
2023-04-19 17:05:39.864 [info] > git rev-parse --show-toplevel [1ms]
2023-04-19 17:05:39.864 [info] fatal: not a git repository (or any of the parent directories): .git
2023-04-19 17:12:24.771 [info] > git rev-parse --show-toplevel [1ms]
2023-04-19 17:12:24.771 [info] fatal: not a git repository (or any of the parent directories): .git
2023-04-19 17:12:24.776 [info] > git rev-parse --show-toplevel [0ms]
2023-04-19 17:12:24.776 [info] fatal: not a git repository (or any of the parent directories): .git
2023-04-19 17:12:24.780 [info] > git rev-parse --show-toplevel [1ms]
2023-04-19 17:12:24.780 [info] fatal: not a git repository (or any of the parent directories): .git
2023-04-19 17:12:26.317 [info] > git rev-parse --show-toplevel [0ms]
2023-04-19 17:12:26.317 [info] fatal: not a git repository (or any of the parent directories): .git
2023-04-19 17:12:26.322 [info] > git rev-parse --show-toplevel [1ms]
2023-04-19 17:12:26.322 [info] fatal: not a git repository (or any of the parent directories): .git
2023-04-19 17:12:26.326 [info] > git rev-parse --show-toplevel [0ms]
2023-04-19 17:12:26.327 [info] fatal: not a git repository (or any of the parent directories): .git
