2023-04-16 16:09:30.575 [info] Log level: Info
2023-04-16 16:09:30.575 [info] Validating found git in: "git"
2023-04-16 16:09:30.575 [info] Using git "2.25.1" from "git"
2023-04-16 16:09:30.575 [info] > git rev-parse --show-toplevel [3ms]
2023-04-16 16:09:30.575 [info] fatal: not a git repository (or any of the parent directories): .git
2023-04-16 16:09:30.575 [info] > git rev-parse --show-toplevel [19ms]
2023-04-16 16:09:30.575 [info] fatal: not a git repository (or any of the parent directories): .git
2023-04-16 16:09:30.575 [info] > git rev-parse --show-toplevel [0ms]
2023-04-16 16:09:30.575 [info] fatal: not a git repository (or any of the parent directories): .git
2023-04-16 16:09:30.575 [info] > git rev-parse --show-toplevel [1ms]
2023-04-16 16:09:30.575 [info] fatal: not a git repository (or any of the parent directories): .git
2023-04-16 16:09:30.575 [info] > git rev-parse --show-toplevel [1ms]
2023-04-16 16:09:30.575 [info] fatal: not a git repository (or any of the parent directories): .git
2023-04-16 16:09:30.575 [info] > git rev-parse --show-toplevel [1ms]
2023-04-16 16:09:30.575 [info] fatal: not a git repository (or any of the parent directories): .git
2023-04-16 16:09:30.576 [info] > git rev-parse --show-toplevel [1ms]
2023-04-16 16:09:30.576 [info] > git rev-parse --git-dir --git-common-dir [8ms]
2023-04-16 16:09:30.576 [info] Open repository: /home/c2023_1/c1913076/PA1
2023-04-16 16:09:30.576 [info] > git rev-parse --show-toplevel [6ms]
2023-04-16 16:09:30.576 [info] fatal: not a git repository (or any of the parent directories): .git
2023-04-16 16:09:30.576 [info] > git rev-parse --show-toplevel [3ms]
2023-04-16 16:09:30.576 [info] fatal: not a git repository (or any of the parent directories): .git
2023-04-16 16:09:30.576 [info] > git config --get commit.template [9ms]
2023-04-16 16:09:30.576 [info] > git for-each-ref --format=%(refname)%00%(upstream:short)%00%(objectname)%00%(upstream:track)%00%(upstream:remotename)%00%(upstream:remoteref) refs/heads/master refs/remotes/master [16ms]
2023-04-16 16:09:30.576 [info] > git status -z -uall [1ms]
2023-04-16 16:09:30.576 [info] > git config --get commit.template [1ms]
2023-04-16 16:09:30.576 [info] > git for-each-ref --format=%(refname)%00%(upstream:short)%00%(objectname)%00%(upstream:track)%00%(upstream:remotename)%00%(upstream:remoteref) refs/heads/master refs/remotes/master [2ms]
2023-04-16 16:09:30.576 [info] > git status -z -uall [1ms]
