*
* Visual Studio Code Server
*
* By using the software, you agree to
* the Visual Studio Code Server License Terms (https://aka.ms/vscode-server-license) and
* the Microsoft Privacy Statement (https://privacy.microsoft.com/en-US/privacystatement).
*
Server bound to 127.0.0.1:45919 (IPv4)
Extension host agent listening on 45919

[15:52:41] 




[15:52:41] Extension host agent started.
[15:52:41] [127.0.0.1][730b2f00][ManagementConnection] New connection established.
[15:52:41] [127.0.0.1][150fad64][ExtensionHostConnection] New connection established.
[15:52:41] [127.0.0.1][150fad64][ExtensionHostConnection] <461974> Launched Extension Host Process.
[IPC Library: Pty Host]  WARN Shell integration cannot be enabled for executable "/bin/sh" and args [
  '-c',
  'wget --version > /dev/null\n' +
    'if [ $? -eq 0 ]\n' +
    'then\n' +
    "\twget --connect-timeout=7 --tries=1 --dns-timeout=7 -q --header='Metadata:true' -O - http://169.254.169.254/metadata/instance?api-version=2019-03-11\n" +
    'else\n' +
    '\tcurl --version > /dev/null\n' +
    '\tif [ $? -eq 0 ]\n' +
    '\tthen\n' +
    "\t\tcurl --connect-timeout 7 -s --header='Metadata:true' http://169.254.169.254/metadata/instance?api-version=2019-03-11\n" +
    '\tfi\n' +
    'fi\n' +
    'exit 0'
]
[IPC Library: Pty Host]  WARN Shell integration cannot be enabled for executable "/bin/sh" and args [
  '-c',
  'wget --version > /dev/null\n' +
    'if [ $? -eq 0 ]\n' +
    'then\n' +
    '\twget --connect-timeout=7 --tries=1 --dns-timeout=7 -q  -O - http://169.254.169.254/latest/meta-data/instance-id\n' +
    'else\n' +
    '\tcurl --version > /dev/null\n' +
    '\tif [ $? -eq 0 ]\n' +
    '\tthen\n' +
    '\t\tcurl --connect-timeout 7 -s  http://169.254.169.254/latest/meta-data/instance-id\n' +
    '\tfi\n' +
    'fi\n' +
    'exit 0'
]
[IPC Library: Pty Host]  WARN Shell integration cannot be enabled for executable "/bin/sh" and args [
  '-c',
  'wget --version > /dev/null\n' +
    'if [ $? -eq 0 ]\n' +
    'then\n' +
    '\twget --connect-timeout=7 --tries=1 --dns-timeout=7 -q  -O - http://169.254.169.254/metadata/v1/id\n' +
    'else\n' +
    '\tcurl --version > /dev/null\n' +
    '\tif [ $? -eq 0 ]\n' +
    '\tthen\n' +
    '\t\tcurl --connect-timeout 7 -s  http://169.254.169.254/metadata/v1/id\n' +
    '\tfi\n' +
    'fi\n' +
    'exit 0'
]
[IPC Library: Pty Host]  WARN Shell integration cannot be enabled for executable "/bin/sh" and args [
  '-c',
  'wget --version > /dev/null\n' +
    'if [ $? -eq 0 ]\n' +
    'then\n' +
    "\twget --connect-timeout=7 --tries=1 --dns-timeout=7 -q --header='Metadata-Flavor:Google' -O - http://metadata.google.internal/computeMetadata/v1/instance/id\n" +
    'else\n' +
    '\tcurl --version > /dev/null\n' +
    '\tif [ $? -eq 0 ]\n' +
    '\tthen\n' +
    "\t\tcurl --connect-timeout 7 -s --header='Metadata-Flavor:Google' http://metadata.google.internal/computeMetadata/v1/instance/id\n" +
    '\tfi\n' +
    'fi\n' +
    'exit 0'
]
rejected promise not handled within 1 second: CodeExpectedError: Could not find pty on pty host
stack trace: CodeExpectedError: Could not find pty on pty host
    at L (/home/c2023_1/c1913076/.vscode-server/bin/704ed70d4fd1c6bd6342c436f1ede30d1cff4710/out/vs/platform/terminal/node/ptyHostMain.js:28:6849)
    at L.updateTitle (/home/c2023_1/c1913076/.vscode-server/bin/704ed70d4fd1c6bd6342c436f1ede30d1cff4710/out/vs/platform/terminal/node/ptyHostMain.js:28:2630)
    at Object.call (/home/c2023_1/c1913076/.vscode-server/bin/704ed70d4fd1c6bd6342c436f1ede30d1cff4710/out/vs/platform/terminal/node/ptyHostMain.js:17:5043)
    at g.s (/home/c2023_1/c1913076/.vscode-server/bin/704ed70d4fd1c6bd6342c436f1ede30d1cff4710/out/vs/platform/terminal/node/ptyHostMain.js:15:5413)
    at g.q (/home/c2023_1/c1913076/.vscode-server/bin/704ed70d4fd1c6bd6342c436f1ede30d1cff4710/out/vs/platform/terminal/node/ptyHostMain.js:15:4916)
    at /home/c2023_1/c1913076/.vscode-server/bin/704ed70d4fd1c6bd6342c436f1ede30d1cff4710/out/vs/platform/terminal/node/ptyHostMain.js:15:4327
    at c.invoke (/home/c2023_1/c1913076/.vscode-server/bin/704ed70d4fd1c6bd6342c436f1ede30d1cff4710/out/vs/platform/terminal/node/ptyHostMain.js:11:145)
    at f.deliver (/home/c2023_1/c1913076/.vscode-server/bin/704ed70d4fd1c6bd6342c436f1ede30d1cff4710/out/vs/platform/terminal/node/ptyHostMain.js:11:2125)
    at n.fire (/home/c2023_1/c1913076/.vscode-server/bin/704ed70d4fd1c6bd6342c436f1ede30d1cff4710/out/vs/platform/terminal/node/ptyHostMain.js:11:1733)
    at process.T (/home/c2023_1/c1913076/.vscode-server/bin/704ed70d4fd1c6bd6342c436f1ede30d1cff4710/out/vs/platform/terminal/node/ptyHostMain.js:9:21039)
    at process.emit (node:events:526:28)
    at emit (node:internal/child_process:938:14)
    at processTicksAndRejections (node:internal/process/task_queues:84:21)
[15:52:48] Error [CodeExpectedError]: Could not find pty on pty host
    at L (/home/c2023_1/c1913076/.vscode-server/bin/704ed70d4fd1c6bd6342c436f1ede30d1cff4710/out/vs/platform/terminal/node/ptyHostMain.js:28:6849)
    at L.updateTitle (/home/c2023_1/c1913076/.vscode-server/bin/704ed70d4fd1c6bd6342c436f1ede30d1cff4710/out/vs/platform/terminal/node/ptyHostMain.js:28:2630)
    at Object.call (/home/c2023_1/c1913076/.vscode-server/bin/704ed70d4fd1c6bd6342c436f1ede30d1cff4710/out/vs/platform/terminal/node/ptyHostMain.js:17:5043)
    at g.s (/home/c2023_1/c1913076/.vscode-server/bin/704ed70d4fd1c6bd6342c436f1ede30d1cff4710/out/vs/platform/terminal/node/ptyHostMain.js:15:5413)
    at g.q (/home/c2023_1/c1913076/.vscode-server/bin/704ed70d4fd1c6bd6342c436f1ede30d1cff4710/out/vs/platform/terminal/node/ptyHostMain.js:15:4916)
    at /home/c2023_1/c1913076/.vscode-server/bin/704ed70d4fd1c6bd6342c436f1ede30d1cff4710/out/vs/platform/terminal/node/ptyHostMain.js:15:4327
    at c.invoke (/home/c2023_1/c1913076/.vscode-server/bin/704ed70d4fd1c6bd6342c436f1ede30d1cff4710/out/vs/platform/terminal/node/ptyHostMain.js:11:145)
    at f.deliver (/home/c2023_1/c1913076/.vscode-server/bin/704ed70d4fd1c6bd6342c436f1ede30d1cff4710/out/vs/platform/terminal/node/ptyHostMain.js:11:2125)
    at n.fire (/home/c2023_1/c1913076/.vscode-server/bin/704ed70d4fd1c6bd6342c436f1ede30d1cff4710/out/vs/platform/terminal/node/ptyHostMain.js:11:1733)
    at process.T (/home/c2023_1/c1913076/.vscode-server/bin/704ed70d4fd1c6bd6342c436f1ede30d1cff4710/out/vs/platform/terminal/node/ptyHostMain.js:9:21039)
    at process.emit (node:events:526:28)
    at emit (node:internal/child_process:938:14)
    at processTicksAndRejections (node:internal/process/task_queues:84:21)
rejected promise not handled within 1 second: CodeExpectedError: Could not find pty on pty host
stack trace: CodeExpectedError: Could not find pty on pty host
    at L (/home/c2023_1/c1913076/.vscode-server/bin/704ed70d4fd1c6bd6342c436f1ede30d1cff4710/out/vs/platform/terminal/node/ptyHostMain.js:28:6849)
    at L.updateIcon (/home/c2023_1/c1913076/.vscode-server/bin/704ed70d4fd1c6bd6342c436f1ede30d1cff4710/out/vs/platform/terminal/node/ptyHostMain.js:28:2680)
    at Object.call (/home/c2023_1/c1913076/.vscode-server/bin/704ed70d4fd1c6bd6342c436f1ede30d1cff4710/out/vs/platform/terminal/node/ptyHostMain.js:17:5043)
    at g.s (/home/c2023_1/c1913076/.vscode-server/bin/704ed70d4fd1c6bd6342c436f1ede30d1cff4710/out/vs/platform/terminal/node/ptyHostMain.js:15:5413)
    at g.q (/home/c2023_1/c1913076/.vscode-server/bin/704ed70d4fd1c6bd6342c436f1ede30d1cff4710/out/vs/platform/terminal/node/ptyHostMain.js:15:4916)
    at /home/c2023_1/c1913076/.vscode-server/bin/704ed70d4fd1c6bd6342c436f1ede30d1cff4710/out/vs/platform/terminal/node/ptyHostMain.js:15:4327
    at c.invoke (/home/c2023_1/c1913076/.vscode-server/bin/704ed70d4fd1c6bd6342c436f1ede30d1cff4710/out/vs/platform/terminal/node/ptyHostMain.js:11:145)
    at f.deliver (/home/c2023_1/c1913076/.vscode-server/bin/704ed70d4fd1c6bd6342c436f1ede30d1cff4710/out/vs/platform/terminal/node/ptyHostMain.js:11:2125)
    at n.fire (/home/c2023_1/c1913076/.vscode-server/bin/704ed70d4fd1c6bd6342c436f1ede30d1cff4710/out/vs/platform/terminal/node/ptyHostMain.js:11:1733)
    at process.T (/home/c2023_1/c1913076/.vscode-server/bin/704ed70d4fd1c6bd6342c436f1ede30d1cff4710/out/vs/platform/terminal/node/ptyHostMain.js:9:21039)
    at process.emit (node:events:526:28)
    at emit (node:internal/child_process:938:14)
    at processTicksAndRejections (node:internal/process/task_queues:84:21)
[15:52:48] Error [CodeExpectedError]: Could not find pty on pty host
    at L (/home/c2023_1/c1913076/.vscode-server/bin/704ed70d4fd1c6bd6342c436f1ede30d1cff4710/out/vs/platform/terminal/node/ptyHostMain.js:28:6849)
    at L.updateIcon (/home/c2023_1/c1913076/.vscode-server/bin/704ed70d4fd1c6bd6342c436f1ede30d1cff4710/out/vs/platform/terminal/node/ptyHostMain.js:28:2680)
    at Object.call (/home/c2023_1/c1913076/.vscode-server/bin/704ed70d4fd1c6bd6342c436f1ede30d1cff4710/out/vs/platform/terminal/node/ptyHostMain.js:17:5043)
    at g.s (/home/c2023_1/c1913076/.vscode-server/bin/704ed70d4fd1c6bd6342c436f1ede30d1cff4710/out/vs/platform/terminal/node/ptyHostMain.js:15:5413)
    at g.q (/home/c2023_1/c1913076/.vscode-server/bin/704ed70d4fd1c6bd6342c436f1ede30d1cff4710/out/vs/platform/terminal/node/ptyHostMain.js:15:4916)
    at /home/c2023_1/c1913076/.vscode-server/bin/704ed70d4fd1c6bd6342c436f1ede30d1cff4710/out/vs/platform/terminal/node/ptyHostMain.js:15:4327
    at c.invoke (/home/c2023_1/c1913076/.vscode-server/bin/704ed70d4fd1c6bd6342c436f1ede30d1cff4710/out/vs/platform/terminal/node/ptyHostMain.js:11:145)
    at f.deliver (/home/c2023_1/c1913076/.vscode-server/bin/704ed70d4fd1c6bd6342c436f1ede30d1cff4710/out/vs/platform/terminal/node/ptyHostMain.js:11:2125)
    at n.fire (/home/c2023_1/c1913076/.vscode-server/bin/704ed70d4fd1c6bd6342c436f1ede30d1cff4710/out/vs/platform/terminal/node/ptyHostMain.js:11:1733)
    at process.T (/home/c2023_1/c1913076/.vscode-server/bin/704ed70d4fd1c6bd6342c436f1ede30d1cff4710/out/vs/platform/terminal/node/ptyHostMain.js:9:21039)
    at process.emit (node:events:526:28)
    at emit (node:internal/child_process:938:14)
    at processTicksAndRejections (node:internal/process/task_queues:84:21)
New EH opened, aborting shutdown
[15:57:41] New EH opened, aborting shutdown
[16:13:32] [127.0.0.1][730b2f00][ManagementConnection] The client has reconnected.
[16:13:53] [127.0.0.1][150fad64][ExtensionHostConnection] The client has reconnected.
[16:35:52] [127.0.0.1][19c4adb1][ManagementConnection] New connection established.
[16:35:52] [127.0.0.1][728b5225][ExtensionHostConnection] New connection established.
[16:35:52] [127.0.0.1][728b5225][ExtensionHostConnection] <465240> Launched Extension Host Process.
[17:48:19] [File Watcher (node.js)] Watcher shutdown because watched path got deleted
